2021-06-08_09-50-09 [background-preinit] INFO  o.h.validator.internal.util.Version - HV000001: Hibernate Validator 6.1.7.Final
2021-06-08_09-50-09 [restartedMain] INFO  c.c.p.PortalMicroserviceApplication - Starting PortalMicroserviceApplication using Java 15.0.2 on DESKTOP-SLDQ587 with PID 18236 (C:\Users\Vishesh\eclipse-workspace3\CDE-Project-International-Patients-treatment-management\CDE-Project-International-Patients-treatment-management\Portal-Microservice\target\classes started by Vishesh in C:\Users\Vishesh\eclipse-workspace3\CDE-Project-International-Patients-treatment-management\CDE-Project-International-Patients-treatment-management\Portal-Microservice)
2021-06-08_09-50-09 [restartedMain] INFO  c.c.p.PortalMicroserviceApplication - No active profile set, falling back to default profiles: default
2021-06-08_09-50-09 [restartedMain] INFO  o.s.b.d.e.DevToolsPropertyDefaultsPostProcessor - Devtools property defaults active! Set 'spring.devtools.add-properties' to 'false' to disable
2021-06-08_09-50-09 [restartedMain] INFO  o.s.b.d.e.DevToolsPropertyDefaultsPostProcessor - For additional web related logging consider setting the 'logging.level.web' property to 'DEBUG'
2021-06-08_09-50-09 [restartedMain] INFO  o.s.cloud.context.scope.GenericScope - BeanFactory id=2f4c7ee3-4fed-34b5-8722-3cb6bcc8954e
2021-06-08_09-50-09 [restartedMain] INFO  o.s.c.s.PostProcessorRegistrationDelegate$BeanPostProcessorChecker - Bean 'com.cts.portal.feign.AuthorisingClient' of type [org.springframework.cloud.openfeign.FeignClientFactoryBean] is not eligible for getting processed by all BeanPostProcessors (for example: not eligible for auto-proxying)
2021-06-08_09-50-09 [restartedMain] INFO  o.s.c.s.PostProcessorRegistrationDelegate$BeanPostProcessorChecker - Bean 'com.cts.portal.feign.IPTreatmentClient' of type [org.springframework.cloud.openfeign.FeignClientFactoryBean] is not eligible for getting processed by all BeanPostProcessors (for example: not eligible for auto-proxying)
2021-06-08_09-50-09 [restartedMain] INFO  o.s.c.s.PostProcessorRegistrationDelegate$BeanPostProcessorChecker - Bean 'com.cts.portal.feign.IPTreatmentOfferingClient' of type [org.springframework.cloud.openfeign.FeignClientFactoryBean] is not eligible for getting processed by all BeanPostProcessors (for example: not eligible for auto-proxying)
2021-06-08_09-50-09 [restartedMain] INFO  o.s.c.s.PostProcessorRegistrationDelegate$BeanPostProcessorChecker - Bean 'com.cts.portal.feign.InsuranceClaimClient' of type [org.springframework.cloud.openfeign.FeignClientFactoryBean] is not eligible for getting processed by all BeanPostProcessors (for example: not eligible for auto-proxying)
2021-06-08_09-50-09 [restartedMain] INFO  o.s.b.w.e.tomcat.TomcatWebServer - Tomcat initialized with port(s): 8500 (http)
2021-06-08_09-50-09 [restartedMain] INFO  o.a.coyote.http11.Http11NioProtocol - Initializing ProtocolHandler ["http-nio-8500"]
2021-06-08_09-50-09 [restartedMain] INFO  o.a.catalina.core.StandardService - Starting service [Tomcat]
2021-06-08_09-50-09 [restartedMain] INFO  o.a.catalina.core.StandardEngine - Starting Servlet engine: [Apache Tomcat/9.0.41]
2021-06-08_09-50-09 [restartedMain] INFO  org.apache.jasper.servlet.TldScanner - At least one JAR was scanned for TLDs yet contained no TLDs. Enable debug logging for this logger for a complete list of JARs that were scanned but no TLDs were found in them. Skipping unneeded JARs during scanning can improve startup time and JSP compilation time.
2021-06-08_09-50-09 [restartedMain] INFO  o.a.c.c.C.[Tomcat].[localhost].[/] - Initializing Spring embedded WebApplicationContext
2021-06-08_09-50-09 [restartedMain] INFO  o.s.b.w.s.c.ServletWebServerApplicationContext - Root WebApplicationContext: initialization completed in 2757 ms
2021-06-08_09-50-09 [restartedMain] INFO  s.d.s.w.PropertySourcedRequestMappingHandlerMapping - Mapped URL path [/v2/api-docs] onto method [springfox.documentation.swagger2.web.Swagger2Controller#getDocumentation(String, HttpServletRequest)]
2021-06-08_09-50-09 [restartedMain] INFO  o.s.s.c.ThreadPoolTaskExecutor - Initializing ExecutorService 'applicationTaskExecutor'
2021-06-08_09-50-09 [restartedMain] INFO  o.a.coyote.http11.Http11NioProtocol - Starting ProtocolHandler ["http-nio-8500"]
2021-06-08_09-50-09 [restartedMain] INFO  o.s.b.w.e.tomcat.TomcatWebServer - Tomcat started on port(s): 8500 (http) with context path ''
2021-06-08_09-50-09 [restartedMain] INFO  s.d.s.w.p.DocumentationPluginsBootstrapper - Context refreshed
2021-06-08_09-50-09 [restartedMain] INFO  s.d.s.w.p.DocumentationPluginsBootstrapper - Found 1 custom documentation plugin(s)
2021-06-08_09-50-09 [restartedMain] INFO  s.d.s.w.s.ApiListingReferenceScanner - Scanning for api listing references
2021-06-08_09-50-09 [restartedMain] INFO  c.c.p.PortalMicroserviceApplication - Started PortalMicroserviceApplication in 5.806 seconds (JVM running for 7.4)
2021-06-08_09-50-09 [http-nio-8500-exec-1] INFO  o.a.c.c.C.[Tomcat].[localhost].[/] - Initializing Spring DispatcherServlet 'dispatcherServlet'
2021-06-08_09-50-09 [http-nio-8500-exec-1] INFO  o.s.web.servlet.DispatcherServlet - Initializing Servlet 'dispatcherServlet'
2021-06-08_09-50-09 [http-nio-8500-exec-1] INFO  o.s.web.servlet.DispatcherServlet - Completed initialization in 53 ms
2021-06-08_09-50-09 [RMI TCP Connection(2)-127.0.0.1] INFO  o.s.b.a.SpringApplicationAdminMXBeanRegistrar$SpringApplicationAdmin - Application shutdown requested.
2021-06-08_09-50-09 [RMI TCP Connection(2)-127.0.0.1] INFO  o.s.s.c.ThreadPoolTaskExecutor - Shutting down ExecutorService 'applicationTaskExecutor'
2021-06-08_17-59-04 [background-preinit] INFO  o.h.validator.internal.util.Version - HV000001: Hibernate Validator 6.1.7.Final
2021-06-08_17-59-04 [restartedMain] INFO  c.c.p.PortalMicroserviceApplication - Starting PortalMicroserviceApplication using Java 15.0.2 on DESKTOP-SLDQ587 with PID 31704 (C:\Users\Vishesh\eclipse-workspace3\CDE-Project-International-Patients-treatment-management\CDE-Project-International-Patients-treatment-management\Portal-Microservice\target\classes started by Vishesh in C:\Users\Vishesh\eclipse-workspace3\CDE-Project-International-Patients-treatment-management\CDE-Project-International-Patients-treatment-management\Portal-Microservice)
2021-06-08_17-59-04 [restartedMain] INFO  c.c.p.PortalMicroserviceApplication - No active profile set, falling back to default profiles: default
2021-06-08_17-59-04 [restartedMain] INFO  o.s.b.d.e.DevToolsPropertyDefaultsPostProcessor - Devtools property defaults active! Set 'spring.devtools.add-properties' to 'false' to disable
2021-06-08_17-59-04 [restartedMain] INFO  o.s.b.d.e.DevToolsPropertyDefaultsPostProcessor - For additional web related logging consider setting the 'logging.level.web' property to 'DEBUG'
2021-06-08_17-59-04 [restartedMain] INFO  o.s.cloud.context.scope.GenericScope - BeanFactory id=2f4c7ee3-4fed-34b5-8722-3cb6bcc8954e
2021-06-08_17-59-04 [restartedMain] INFO  o.s.c.s.PostProcessorRegistrationDelegate$BeanPostProcessorChecker - Bean 'com.cts.portal.feign.AuthorisingClient' of type [org.springframework.cloud.openfeign.FeignClientFactoryBean] is not eligible for getting processed by all BeanPostProcessors (for example: not eligible for auto-proxying)
2021-06-08_17-59-04 [restartedMain] INFO  o.s.c.s.PostProcessorRegistrationDelegate$BeanPostProcessorChecker - Bean 'com.cts.portal.feign.IPTreatmentClient' of type [org.springframework.cloud.openfeign.FeignClientFactoryBean] is not eligible for getting processed by all BeanPostProcessors (for example: not eligible for auto-proxying)
2021-06-08_17-59-04 [restartedMain] INFO  o.s.c.s.PostProcessorRegistrationDelegate$BeanPostProcessorChecker - Bean 'com.cts.portal.feign.IPTreatmentOfferingClient' of type [org.springframework.cloud.openfeign.FeignClientFactoryBean] is not eligible for getting processed by all BeanPostProcessors (for example: not eligible for auto-proxying)
2021-06-08_17-59-04 [restartedMain] INFO  o.s.c.s.PostProcessorRegistrationDelegate$BeanPostProcessorChecker - Bean 'com.cts.portal.feign.InsuranceClaimClient' of type [org.springframework.cloud.openfeign.FeignClientFactoryBean] is not eligible for getting processed by all BeanPostProcessors (for example: not eligible for auto-proxying)
2021-06-08_17-59-04 [restartedMain] INFO  o.s.b.w.e.tomcat.TomcatWebServer - Tomcat initialized with port(s): 8500 (http)
2021-06-08_17-59-04 [restartedMain] INFO  o.a.coyote.http11.Http11NioProtocol - Initializing ProtocolHandler ["http-nio-8500"]
2021-06-08_17-59-04 [restartedMain] INFO  o.a.catalina.core.StandardService - Starting service [Tomcat]
2021-06-08_17-59-04 [restartedMain] INFO  o.a.catalina.core.StandardEngine - Starting Servlet engine: [Apache Tomcat/9.0.41]
2021-06-08_17-59-04 [restartedMain] INFO  org.apache.jasper.servlet.TldScanner - At least one JAR was scanned for TLDs yet contained no TLDs. Enable debug logging for this logger for a complete list of JARs that were scanned but no TLDs were found in them. Skipping unneeded JARs during scanning can improve startup time and JSP compilation time.
2021-06-08_17-59-04 [restartedMain] INFO  o.a.c.c.C.[Tomcat].[localhost].[/] - Initializing Spring embedded WebApplicationContext
2021-06-08_17-59-04 [restartedMain] INFO  o.s.b.w.s.c.ServletWebServerApplicationContext - Root WebApplicationContext: initialization completed in 8377 ms
2021-06-08_17-59-04 [restartedMain] INFO  s.d.s.w.PropertySourcedRequestMappingHandlerMapping - Mapped URL path [/v2/api-docs] onto method [springfox.documentation.swagger2.web.Swagger2Controller#getDocumentation(String, HttpServletRequest)]
2021-06-08_17-59-04 [restartedMain] INFO  o.s.s.c.ThreadPoolTaskExecutor - Initializing ExecutorService 'applicationTaskExecutor'
2021-06-08_17-59-04 [restartedMain] INFO  o.a.coyote.http11.Http11NioProtocol - Starting ProtocolHandler ["http-nio-8500"]
2021-06-08_17-59-04 [restartedMain] INFO  o.s.b.w.e.tomcat.TomcatWebServer - Tomcat started on port(s): 8500 (http) with context path ''
2021-06-08_17-59-04 [restartedMain] INFO  s.d.s.w.p.DocumentationPluginsBootstrapper - Context refreshed
2021-06-08_17-59-04 [restartedMain] INFO  s.d.s.w.p.DocumentationPluginsBootstrapper - Found 1 custom documentation plugin(s)
2021-06-08_17-59-04 [restartedMain] INFO  s.d.s.w.s.ApiListingReferenceScanner - Scanning for api listing references
2021-06-08_17-59-04 [restartedMain] INFO  c.c.p.PortalMicroserviceApplication - Started PortalMicroserviceApplication in 27.562 seconds (JVM running for 31.466)
2021-06-08_17-59-04 [http-nio-8500-exec-5] INFO  o.a.c.c.C.[Tomcat].[localhost].[/] - Initializing Spring DispatcherServlet 'dispatcherServlet'
2021-06-08_17-59-04 [http-nio-8500-exec-5] INFO  o.s.web.servlet.DispatcherServlet - Initializing Servlet 'dispatcherServlet'
2021-06-08_17-59-04 [http-nio-8500-exec-5] INFO  o.s.web.servlet.DispatcherServlet - Completed initialization in 7 ms
2021-06-08_17-59-04 [Thread-1] INFO  o.s.s.c.ThreadPoolTaskExecutor - Shutting down ExecutorService 'applicationTaskExecutor'
2021-06-08_18-05-54 [restartedMain] INFO  c.c.p.PortalMicroserviceApplication - Starting PortalMicroserviceApplication using Java 15.0.2 on DESKTOP-SLDQ587 with PID 31704 (C:\Users\Vishesh\eclipse-workspace3\CDE-Project-International-Patients-treatment-management\CDE-Project-International-Patients-treatment-management\Portal-Microservice\target\classes started by Vishesh in C:\Users\Vishesh\eclipse-workspace3\CDE-Project-International-Patients-treatment-management\CDE-Project-International-Patients-treatment-management\Portal-Microservice)
2021-06-08_18-05-54 [restartedMain] INFO  c.c.p.PortalMicroserviceApplication - No active profile set, falling back to default profiles: default
2021-06-08_18-05-54 [restartedMain] INFO  o.s.cloud.context.scope.GenericScope - BeanFactory id=2f4c7ee3-4fed-34b5-8722-3cb6bcc8954e
2021-06-08_18-05-54 [restartedMain] INFO  o.s.c.s.PostProcessorRegistrationDelegate$BeanPostProcessorChecker - Bean 'com.cts.portal.feign.AuthorisingClient' of type [org.springframework.cloud.openfeign.FeignClientFactoryBean] is not eligible for getting processed by all BeanPostProcessors (for example: not eligible for auto-proxying)
2021-06-08_18-05-54 [restartedMain] INFO  o.s.c.s.PostProcessorRegistrationDelegate$BeanPostProcessorChecker - Bean 'com.cts.portal.feign.IPTreatmentClient' of type [org.springframework.cloud.openfeign.FeignClientFactoryBean] is not eligible for getting processed by all BeanPostProcessors (for example: not eligible for auto-proxying)
2021-06-08_18-05-54 [restartedMain] INFO  o.s.c.s.PostProcessorRegistrationDelegate$BeanPostProcessorChecker - Bean 'com.cts.portal.feign.IPTreatmentOfferingClient' of type [org.springframework.cloud.openfeign.FeignClientFactoryBean] is not eligible for getting processed by all BeanPostProcessors (for example: not eligible for auto-proxying)
2021-06-08_18-05-54 [restartedMain] INFO  o.s.c.s.PostProcessorRegistrationDelegate$BeanPostProcessorChecker - Bean 'com.cts.portal.feign.InsuranceClaimClient' of type [org.springframework.cloud.openfeign.FeignClientFactoryBean] is not eligible for getting processed by all BeanPostProcessors (for example: not eligible for auto-proxying)
2021-06-08_18-05-54 [restartedMain] INFO  o.s.b.w.e.tomcat.TomcatWebServer - Tomcat initialized with port(s): 8500 (http)
2021-06-08_18-05-54 [restartedMain] INFO  o.a.coyote.http11.Http11NioProtocol - Initializing ProtocolHandler ["http-nio-8500"]
2021-06-08_18-05-54 [restartedMain] INFO  o.a.catalina.core.StandardService - Starting service [Tomcat]
2021-06-08_18-05-54 [restartedMain] INFO  o.a.catalina.core.StandardEngine - Starting Servlet engine: [Apache Tomcat/9.0.41]
2021-06-08_18-05-54 [restartedMain] INFO  org.apache.jasper.servlet.TldScanner - At least one JAR was scanned for TLDs yet contained no TLDs. Enable debug logging for this logger for a complete list of JARs that were scanned but no TLDs were found in them. Skipping unneeded JARs during scanning can improve startup time and JSP compilation time.
2021-06-08_18-05-54 [restartedMain] INFO  o.a.c.c.C.[Tomcat].[localhost].[/] - Initializing Spring embedded WebApplicationContext
2021-06-08_18-05-54 [restartedMain] INFO  o.s.b.w.s.c.ServletWebServerApplicationContext - Root WebApplicationContext: initialization completed in 1741 ms
2021-06-08_18-05-54 [restartedMain] INFO  s.d.s.w.PropertySourcedRequestMappingHandlerMapping - Mapped URL path [/v2/api-docs] onto method [springfox.documentation.swagger2.web.Swagger2Controller#getDocumentation(String, HttpServletRequest)]
2021-06-08_18-05-54 [restartedMain] INFO  o.s.s.c.ThreadPoolTaskExecutor - Initializing ExecutorService 'applicationTaskExecutor'
2021-06-08_18-05-54 [restartedMain] INFO  o.a.coyote.http11.Http11NioProtocol - Starting ProtocolHandler ["http-nio-8500"]
2021-06-08_18-05-54 [restartedMain] INFO  o.s.b.w.e.tomcat.TomcatWebServer - Tomcat started on port(s): 8500 (http) with context path ''
2021-06-08_18-05-54 [http-nio-8500-exec-2] INFO  o.a.c.c.C.[Tomcat].[localhost].[/] - Initializing Spring DispatcherServlet 'dispatcherServlet'
2021-06-08_18-05-54 [http-nio-8500-exec-2] INFO  o.s.web.servlet.DispatcherServlet - Initializing Servlet 'dispatcherServlet'
2021-06-08_18-05-54 [http-nio-8500-exec-2] INFO  o.s.web.servlet.DispatcherServlet - Completed initialization in 3 ms
2021-06-08_18-05-54 [restartedMain] INFO  s.d.s.w.p.DocumentationPluginsBootstrapper - Context refreshed
2021-06-08_18-05-54 [restartedMain] INFO  s.d.s.w.p.DocumentationPluginsBootstrapper - Found 1 custom documentation plugin(s)
2021-06-08_18-05-54 [restartedMain] INFO  s.d.s.w.s.ApiListingReferenceScanner - Scanning for api listing references
2021-06-08_18-05-54 [restartedMain] INFO  c.c.p.PortalMicroserviceApplication - Started PortalMicroserviceApplication in 4.355 seconds (JVM running for 421.286)
2021-06-08_18-05-54 [restartedMain] INFO  o.s.b.d.a.ConditionEvaluationDeltaLoggingListener - Condition evaluation unchanged
2021-06-08_18-05-54 [Thread-8] INFO  o.s.s.c.ThreadPoolTaskExecutor - Shutting down ExecutorService 'applicationTaskExecutor'
2021-06-08_18-06-28 [restartedMain] INFO  c.c.p.PortalMicroserviceApplication - Starting PortalMicroserviceApplication using Java 15.0.2 on DESKTOP-SLDQ587 with PID 31704 (C:\Users\Vishesh\eclipse-workspace3\CDE-Project-International-Patients-treatment-management\CDE-Project-International-Patients-treatment-management\Portal-Microservice\target\classes started by Vishesh in C:\Users\Vishesh\eclipse-workspace3\CDE-Project-International-Patients-treatment-management\CDE-Project-International-Patients-treatment-management\Portal-Microservice)
2021-06-08_18-06-28 [restartedMain] INFO  c.c.p.PortalMicroserviceApplication - No active profile set, falling back to default profiles: default
2021-06-08_18-06-28 [restartedMain] INFO  o.s.cloud.context.scope.GenericScope - BeanFactory id=2f4c7ee3-4fed-34b5-8722-3cb6bcc8954e
2021-06-08_18-06-28 [restartedMain] INFO  o.s.c.s.PostProcessorRegistrationDelegate$BeanPostProcessorChecker - Bean 'com.cts.portal.feign.AuthorisingClient' of type [org.springframework.cloud.openfeign.FeignClientFactoryBean] is not eligible for getting processed by all BeanPostProcessors (for example: not eligible for auto-proxying)
2021-06-08_18-06-28 [restartedMain] INFO  o.s.c.s.PostProcessorRegistrationDelegate$BeanPostProcessorChecker - Bean 'com.cts.portal.feign.IPTreatmentClient' of type [org.springframework.cloud.openfeign.FeignClientFactoryBean] is not eligible for getting processed by all BeanPostProcessors (for example: not eligible for auto-proxying)
2021-06-08_18-06-28 [restartedMain] INFO  o.s.c.s.PostProcessorRegistrationDelegate$BeanPostProcessorChecker - Bean 'com.cts.portal.feign.IPTreatmentOfferingClient' of type [org.springframework.cloud.openfeign.FeignClientFactoryBean] is not eligible for getting processed by all BeanPostProcessors (for example: not eligible for auto-proxying)
2021-06-08_18-06-28 [restartedMain] INFO  o.s.c.s.PostProcessorRegistrationDelegate$BeanPostProcessorChecker - Bean 'com.cts.portal.feign.InsuranceClaimClient' of type [org.springframework.cloud.openfeign.FeignClientFactoryBean] is not eligible for getting processed by all BeanPostProcessors (for example: not eligible for auto-proxying)
2021-06-08_18-06-28 [restartedMain] INFO  o.s.b.w.e.tomcat.TomcatWebServer - Tomcat initialized with port(s): 8500 (http)
2021-06-08_18-06-28 [restartedMain] INFO  o.a.coyote.http11.Http11NioProtocol - Initializing ProtocolHandler ["http-nio-8500"]
2021-06-08_18-06-28 [restartedMain] INFO  o.a.catalina.core.StandardService - Starting service [Tomcat]
2021-06-08_18-06-28 [restartedMain] INFO  o.a.catalina.core.StandardEngine - Starting Servlet engine: [Apache Tomcat/9.0.41]
2021-06-08_18-06-28 [restartedMain] INFO  org.apache.jasper.servlet.TldScanner - At least one JAR was scanned for TLDs yet contained no TLDs. Enable debug logging for this logger for a complete list of JARs that were scanned but no TLDs were found in them. Skipping unneeded JARs during scanning can improve startup time and JSP compilation time.
2021-06-08_18-06-28 [restartedMain] INFO  o.a.c.c.C.[Tomcat].[localhost].[/] - Initializing Spring embedded WebApplicationContext
2021-06-08_18-06-28 [restartedMain] INFO  o.s.b.w.s.c.ServletWebServerApplicationContext - Root WebApplicationContext: initialization completed in 2273 ms
2021-06-08_18-06-28 [restartedMain] INFO  s.d.s.w.PropertySourcedRequestMappingHandlerMapping - Mapped URL path [/v2/api-docs] onto method [springfox.documentation.swagger2.web.Swagger2Controller#getDocumentation(String, HttpServletRequest)]
2021-06-08_18-06-28 [restartedMain] INFO  o.s.s.c.ThreadPoolTaskExecutor - Initializing ExecutorService 'applicationTaskExecutor'
2021-06-08_18-06-28 [restartedMain] INFO  o.a.coyote.http11.Http11NioProtocol - Starting ProtocolHandler ["http-nio-8500"]
2021-06-08_18-06-28 [restartedMain] INFO  o.s.b.w.e.tomcat.TomcatWebServer - Tomcat started on port(s): 8500 (http) with context path ''
2021-06-08_18-06-28 [restartedMain] INFO  s.d.s.w.p.DocumentationPluginsBootstrapper - Context refreshed
2021-06-08_18-06-28 [restartedMain] INFO  s.d.s.w.p.DocumentationPluginsBootstrapper - Found 1 custom documentation plugin(s)
2021-06-08_18-06-28 [restartedMain] INFO  s.d.s.w.s.ApiListingReferenceScanner - Scanning for api listing references
2021-06-08_18-06-28 [restartedMain] INFO  c.c.p.PortalMicroserviceApplication - Started PortalMicroserviceApplication in 4.398 seconds (JVM running for 455.192)
2021-06-08_18-06-28 [restartedMain] INFO  o.s.b.d.a.ConditionEvaluationDeltaLoggingListener - Condition evaluation unchanged
2021-06-08_18-06-28 [http-nio-8500-exec-1] INFO  o.a.c.c.C.[Tomcat].[localhost].[/] - Initializing Spring DispatcherServlet 'dispatcherServlet'
2021-06-08_18-06-28 [http-nio-8500-exec-1] INFO  o.s.web.servlet.DispatcherServlet - Initializing Servlet 'dispatcherServlet'
2021-06-08_18-06-28 [http-nio-8500-exec-1] INFO  o.s.web.servlet.DispatcherServlet - Completed initialization in 3 ms
2021-06-08_18-06-28 [Thread-15] INFO  o.s.s.c.ThreadPoolTaskExecutor - Shutting down ExecutorService 'applicationTaskExecutor'
2021-06-08_18-07-41 [restartedMain] INFO  c.c.p.PortalMicroserviceApplication - Starting PortalMicroserviceApplication using Java 15.0.2 on DESKTOP-SLDQ587 with PID 31704 (C:\Users\Vishesh\eclipse-workspace3\CDE-Project-International-Patients-treatment-management\CDE-Project-International-Patients-treatment-management\Portal-Microservice\target\classes started by Vishesh in C:\Users\Vishesh\eclipse-workspace3\CDE-Project-International-Patients-treatment-management\CDE-Project-International-Patients-treatment-management\Portal-Microservice)
2021-06-08_18-07-41 [restartedMain] INFO  c.c.p.PortalMicroserviceApplication - No active profile set, falling back to default profiles: default
2021-06-08_18-07-41 [restartedMain] INFO  o.s.cloud.context.scope.GenericScope - BeanFactory id=2f4c7ee3-4fed-34b5-8722-3cb6bcc8954e
2021-06-08_18-07-41 [restartedMain] INFO  o.s.c.s.PostProcessorRegistrationDelegate$BeanPostProcessorChecker - Bean 'com.cts.portal.feign.AuthorisingClient' of type [org.springframework.cloud.openfeign.FeignClientFactoryBean] is not eligible for getting processed by all BeanPostProcessors (for example: not eligible for auto-proxying)
2021-06-08_18-07-41 [restartedMain] INFO  o.s.c.s.PostProcessorRegistrationDelegate$BeanPostProcessorChecker - Bean 'com.cts.portal.feign.IPTreatmentClient' of type [org.springframework.cloud.openfeign.FeignClientFactoryBean] is not eligible for getting processed by all BeanPostProcessors (for example: not eligible for auto-proxying)
2021-06-08_18-07-41 [restartedMain] INFO  o.s.c.s.PostProcessorRegistrationDelegate$BeanPostProcessorChecker - Bean 'com.cts.portal.feign.IPTreatmentOfferingClient' of type [org.springframework.cloud.openfeign.FeignClientFactoryBean] is not eligible for getting processed by all BeanPostProcessors (for example: not eligible for auto-proxying)
2021-06-08_18-07-41 [restartedMain] INFO  o.s.c.s.PostProcessorRegistrationDelegate$BeanPostProcessorChecker - Bean 'com.cts.portal.feign.InsuranceClaimClient' of type [org.springframework.cloud.openfeign.FeignClientFactoryBean] is not eligible for getting processed by all BeanPostProcessors (for example: not eligible for auto-proxying)
2021-06-08_18-07-41 [restartedMain] INFO  o.s.b.w.e.tomcat.TomcatWebServer - Tomcat initialized with port(s): 8500 (http)
2021-06-08_18-07-41 [restartedMain] INFO  o.a.coyote.http11.Http11NioProtocol - Initializing ProtocolHandler ["http-nio-8500"]
2021-06-08_18-07-41 [restartedMain] INFO  o.a.catalina.core.StandardService - Starting service [Tomcat]
2021-06-08_18-07-41 [restartedMain] INFO  o.a.catalina.core.StandardEngine - Starting Servlet engine: [Apache Tomcat/9.0.41]
2021-06-08_18-07-41 [restartedMain] INFO  org.apache.jasper.servlet.TldScanner - At least one JAR was scanned for TLDs yet contained no TLDs. Enable debug logging for this logger for a complete list of JARs that were scanned but no TLDs were found in them. Skipping unneeded JARs during scanning can improve startup time and JSP compilation time.
2021-06-08_18-07-41 [restartedMain] INFO  o.a.c.c.C.[Tomcat].[localhost].[/] - Initializing Spring embedded WebApplicationContext
2021-06-08_18-07-41 [restartedMain] INFO  o.s.b.w.s.c.ServletWebServerApplicationContext - Root WebApplicationContext: initialization completed in 1566 ms
2021-06-08_18-07-41 [restartedMain] INFO  s.d.s.w.PropertySourcedRequestMappingHandlerMapping - Mapped URL path [/v2/api-docs] onto method [springfox.documentation.swagger2.web.Swagger2Controller#getDocumentation(String, HttpServletRequest)]
2021-06-08_18-07-41 [restartedMain] INFO  o.s.s.c.ThreadPoolTaskExecutor - Initializing ExecutorService 'applicationTaskExecutor'
2021-06-08_18-07-41 [restartedMain] INFO  o.a.coyote.http11.Http11NioProtocol - Starting ProtocolHandler ["http-nio-8500"]
2021-06-08_18-07-41 [restartedMain] INFO  o.s.b.w.e.tomcat.TomcatWebServer - Tomcat started on port(s): 8500 (http) with context path ''
2021-06-08_18-07-41 [restartedMain] INFO  s.d.s.w.p.DocumentationPluginsBootstrapper - Context refreshed
2021-06-08_18-07-41 [restartedMain] INFO  s.d.s.w.p.DocumentationPluginsBootstrapper - Found 1 custom documentation plugin(s)
2021-06-08_18-07-41 [restartedMain] INFO  s.d.s.w.s.ApiListingReferenceScanner - Scanning for api listing references
2021-06-08_18-07-41 [restartedMain] INFO  c.c.p.PortalMicroserviceApplication - Started PortalMicroserviceApplication in 5.955 seconds (JVM running for 528.256)
2021-06-08_18-07-41 [restartedMain] INFO  o.s.b.d.a.ConditionEvaluationDeltaLoggingListener - Condition evaluation unchanged
2021-06-08_18-07-41 [Thread-22] INFO  o.s.s.c.ThreadPoolTaskExecutor - Shutting down ExecutorService 'applicationTaskExecutor'
2021-06-08_18-08-49 [restartedMain] INFO  c.c.p.PortalMicroserviceApplication - Starting PortalMicroserviceApplication using Java 15.0.2 on DESKTOP-SLDQ587 with PID 31704 (C:\Users\Vishesh\eclipse-workspace3\CDE-Project-International-Patients-treatment-management\CDE-Project-International-Patients-treatment-management\Portal-Microservice\target\classes started by Vishesh in C:\Users\Vishesh\eclipse-workspace3\CDE-Project-International-Patients-treatment-management\CDE-Project-International-Patients-treatment-management\Portal-Microservice)
2021-06-08_18-08-49 [restartedMain] INFO  c.c.p.PortalMicroserviceApplication - No active profile set, falling back to default profiles: default
2021-06-08_18-08-49 [restartedMain] INFO  o.s.cloud.context.scope.GenericScope - BeanFactory id=2f4c7ee3-4fed-34b5-8722-3cb6bcc8954e
2021-06-08_18-08-49 [restartedMain] INFO  o.s.c.s.PostProcessorRegistrationDelegate$BeanPostProcessorChecker - Bean 'com.cts.portal.feign.AuthorisingClient' of type [org.springframework.cloud.openfeign.FeignClientFactoryBean] is not eligible for getting processed by all BeanPostProcessors (for example: not eligible for auto-proxying)
2021-06-08_18-08-49 [restartedMain] INFO  o.s.c.s.PostProcessorRegistrationDelegate$BeanPostProcessorChecker - Bean 'com.cts.portal.feign.IPTreatmentClient' of type [org.springframework.cloud.openfeign.FeignClientFactoryBean] is not eligible for getting processed by all BeanPostProcessors (for example: not eligible for auto-proxying)
2021-06-08_18-08-49 [restartedMain] INFO  o.s.c.s.PostProcessorRegistrationDelegate$BeanPostProcessorChecker - Bean 'com.cts.portal.feign.IPTreatmentOfferingClient' of type [org.springframework.cloud.openfeign.FeignClientFactoryBean] is not eligible for getting processed by all BeanPostProcessors (for example: not eligible for auto-proxying)
2021-06-08_18-08-49 [restartedMain] INFO  o.s.c.s.PostProcessorRegistrationDelegate$BeanPostProcessorChecker - Bean 'com.cts.portal.feign.InsuranceClaimClient' of type [org.springframework.cloud.openfeign.FeignClientFactoryBean] is not eligible for getting processed by all BeanPostProcessors (for example: not eligible for auto-proxying)
2021-06-08_18-08-49 [restartedMain] INFO  o.s.b.w.e.tomcat.TomcatWebServer - Tomcat initialized with port(s): 8500 (http)
2021-06-08_18-08-49 [restartedMain] INFO  o.a.coyote.http11.Http11NioProtocol - Initializing ProtocolHandler ["http-nio-8500"]
2021-06-08_18-08-49 [restartedMain] INFO  o.a.catalina.core.StandardService - Starting service [Tomcat]
2021-06-08_18-08-49 [restartedMain] INFO  o.a.catalina.core.StandardEngine - Starting Servlet engine: [Apache Tomcat/9.0.41]
2021-06-08_18-08-49 [restartedMain] INFO  org.apache.jasper.servlet.TldScanner - At least one JAR was scanned for TLDs yet contained no TLDs. Enable debug logging for this logger for a complete list of JARs that were scanned but no TLDs were found in them. Skipping unneeded JARs during scanning can improve startup time and JSP compilation time.
2021-06-08_18-08-49 [restartedMain] INFO  o.a.c.c.C.[Tomcat].[localhost].[/] - Initializing Spring embedded WebApplicationContext
2021-06-08_18-08-49 [restartedMain] INFO  o.s.b.w.s.c.ServletWebServerApplicationContext - Root WebApplicationContext: initialization completed in 1106 ms
2021-06-08_18-08-49 [restartedMain] INFO  s.d.s.w.PropertySourcedRequestMappingHandlerMapping - Mapped URL path [/v2/api-docs] onto method [springfox.documentation.swagger2.web.Swagger2Controller#getDocumentation(String, HttpServletRequest)]
2021-06-08_18-08-49 [restartedMain] INFO  o.s.s.c.ThreadPoolTaskExecutor - Initializing ExecutorService 'applicationTaskExecutor'
2021-06-08_18-08-49 [restartedMain] INFO  o.a.coyote.http11.Http11NioProtocol - Starting ProtocolHandler ["http-nio-8500"]
2021-06-08_18-08-49 [restartedMain] INFO  o.s.b.w.e.tomcat.TomcatWebServer - Tomcat started on port(s): 8500 (http) with context path ''
2021-06-08_18-08-49 [restartedMain] INFO  s.d.s.w.p.DocumentationPluginsBootstrapper - Context refreshed
2021-06-08_18-08-49 [restartedMain] INFO  s.d.s.w.p.DocumentationPluginsBootstrapper - Found 1 custom documentation plugin(s)
2021-06-08_18-08-49 [restartedMain] INFO  s.d.s.w.s.ApiListingReferenceScanner - Scanning for api listing references
2021-06-08_18-08-49 [restartedMain] INFO  c.c.p.PortalMicroserviceApplication - Started PortalMicroserviceApplication in 2.438 seconds (JVM running for 594.103)
2021-06-08_18-08-49 [restartedMain] INFO  o.s.b.d.a.ConditionEvaluationDeltaLoggingListener - Condition evaluation unchanged
2021-06-08_18-08-49 [http-nio-8500-exec-1] INFO  o.a.c.c.C.[Tomcat].[localhost].[/] - Initializing Spring DispatcherServlet 'dispatcherServlet'
2021-06-08_18-08-49 [http-nio-8500-exec-1] INFO  o.s.web.servlet.DispatcherServlet - Initializing Servlet 'dispatcherServlet'
2021-06-08_18-08-49 [http-nio-8500-exec-1] INFO  o.s.web.servlet.DispatcherServlet - Completed initialization in 2 ms
2021-06-08_18-08-49 [Thread-29] INFO  o.s.s.c.ThreadPoolTaskExecutor - Shutting down ExecutorService 'applicationTaskExecutor'
2021-06-08_18-09-08 [restartedMain] INFO  c.c.p.PortalMicroserviceApplication - Starting PortalMicroserviceApplication using Java 15.0.2 on DESKTOP-SLDQ587 with PID 31704 (C:\Users\Vishesh\eclipse-workspace3\CDE-Project-International-Patients-treatment-management\CDE-Project-International-Patients-treatment-management\Portal-Microservice\target\classes started by Vishesh in C:\Users\Vishesh\eclipse-workspace3\CDE-Project-International-Patients-treatment-management\CDE-Project-International-Patients-treatment-management\Portal-Microservice)
2021-06-08_18-09-08 [restartedMain] INFO  c.c.p.PortalMicroserviceApplication - No active profile set, falling back to default profiles: default
2021-06-08_18-09-08 [restartedMain] INFO  o.s.cloud.context.scope.GenericScope - BeanFactory id=2f4c7ee3-4fed-34b5-8722-3cb6bcc8954e
2021-06-08_18-09-08 [restartedMain] INFO  o.s.c.s.PostProcessorRegistrationDelegate$BeanPostProcessorChecker - Bean 'com.cts.portal.feign.AuthorisingClient' of type [org.springframework.cloud.openfeign.FeignClientFactoryBean] is not eligible for getting processed by all BeanPostProcessors (for example: not eligible for auto-proxying)
2021-06-08_18-09-08 [restartedMain] INFO  o.s.c.s.PostProcessorRegistrationDelegate$BeanPostProcessorChecker - Bean 'com.cts.portal.feign.IPTreatmentClient' of type [org.springframework.cloud.openfeign.FeignClientFactoryBean] is not eligible for getting processed by all BeanPostProcessors (for example: not eligible for auto-proxying)
2021-06-08_18-09-08 [restartedMain] INFO  o.s.c.s.PostProcessorRegistrationDelegate$BeanPostProcessorChecker - Bean 'com.cts.portal.feign.IPTreatmentOfferingClient' of type [org.springframework.cloud.openfeign.FeignClientFactoryBean] is not eligible for getting processed by all BeanPostProcessors (for example: not eligible for auto-proxying)
2021-06-08_18-09-08 [restartedMain] INFO  o.s.c.s.PostProcessorRegistrationDelegate$BeanPostProcessorChecker - Bean 'com.cts.portal.feign.InsuranceClaimClient' of type [org.springframework.cloud.openfeign.FeignClientFactoryBean] is not eligible for getting processed by all BeanPostProcessors (for example: not eligible for auto-proxying)
2021-06-08_18-09-08 [restartedMain] INFO  o.s.b.w.e.tomcat.TomcatWebServer - Tomcat initialized with port(s): 8500 (http)
2021-06-08_18-09-08 [restartedMain] INFO  o.a.coyote.http11.Http11NioProtocol - Initializing ProtocolHandler ["http-nio-8500"]
2021-06-08_18-09-08 [restartedMain] INFO  o.a.catalina.core.StandardService - Starting service [Tomcat]
2021-06-08_18-09-08 [restartedMain] INFO  o.a.catalina.core.StandardEngine - Starting Servlet engine: [Apache Tomcat/9.0.41]
2021-06-08_18-09-08 [restartedMain] INFO  org.apache.jasper.servlet.TldScanner - At least one JAR was scanned for TLDs yet contained no TLDs. Enable debug logging for this logger for a complete list of JARs that were scanned but no TLDs were found in them. Skipping unneeded JARs during scanning can improve startup time and JSP compilation time.
2021-06-08_18-09-08 [restartedMain] INFO  o.a.c.c.C.[Tomcat].[localhost].[/] - Initializing Spring embedded WebApplicationContext
2021-06-08_18-09-08 [restartedMain] INFO  o.s.b.w.s.c.ServletWebServerApplicationContext - Root WebApplicationContext: initialization completed in 1293 ms
2021-06-08_18-09-08 [restartedMain] INFO  s.d.s.w.PropertySourcedRequestMappingHandlerMapping - Mapped URL path [/v2/api-docs] onto method [springfox.documentation.swagger2.web.Swagger2Controller#getDocumentation(String, HttpServletRequest)]
2021-06-08_18-09-08 [restartedMain] INFO  o.s.s.c.ThreadPoolTaskExecutor - Initializing ExecutorService 'applicationTaskExecutor'
2021-06-08_18-09-08 [restartedMain] INFO  o.a.coyote.http11.Http11NioProtocol - Starting ProtocolHandler ["http-nio-8500"]
2021-06-08_18-09-08 [restartedMain] INFO  o.s.b.w.e.tomcat.TomcatWebServer - Tomcat started on port(s): 8500 (http) with context path ''
2021-06-08_18-09-08 [restartedMain] INFO  s.d.s.w.p.DocumentationPluginsBootstrapper - Context refreshed
2021-06-08_18-09-08 [restartedMain] INFO  s.d.s.w.p.DocumentationPluginsBootstrapper - Found 1 custom documentation plugin(s)
2021-06-08_18-09-08 [restartedMain] INFO  s.d.s.w.s.ApiListingReferenceScanner - Scanning for api listing references
2021-06-08_18-09-08 [restartedMain] INFO  c.c.p.PortalMicroserviceApplication - Started PortalMicroserviceApplication in 2.857 seconds (JVM running for 613.439)
2021-06-08_18-09-08 [restartedMain] INFO  o.s.b.d.a.ConditionEvaluationDeltaLoggingListener - Condition evaluation unchanged
2021-06-08_18-09-08 [http-nio-8500-exec-1] INFO  o.a.c.c.C.[Tomcat].[localhost].[/] - Initializing Spring DispatcherServlet 'dispatcherServlet'
2021-06-08_18-09-08 [http-nio-8500-exec-1] INFO  o.s.web.servlet.DispatcherServlet - Initializing Servlet 'dispatcherServlet'
2021-06-08_18-09-08 [http-nio-8500-exec-1] INFO  o.s.web.servlet.DispatcherServlet - Completed initialization in 2 ms
2021-06-08_18-09-08 [Thread-36] INFO  o.s.s.c.ThreadPoolTaskExecutor - Shutting down ExecutorService 'applicationTaskExecutor'
2021-06-08_18-10-25 [restartedMain] INFO  c.c.p.PortalMicroserviceApplication - Starting PortalMicroserviceApplication using Java 15.0.2 on DESKTOP-SLDQ587 with PID 31704 (C:\Users\Vishesh\eclipse-workspace3\CDE-Project-International-Patients-treatment-management\CDE-Project-International-Patients-treatment-management\Portal-Microservice\target\classes started by Vishesh in C:\Users\Vishesh\eclipse-workspace3\CDE-Project-International-Patients-treatment-management\CDE-Project-International-Patients-treatment-management\Portal-Microservice)
2021-06-08_18-10-25 [restartedMain] INFO  c.c.p.PortalMicroserviceApplication - No active profile set, falling back to default profiles: default
2021-06-08_18-10-25 [restartedMain] INFO  o.s.cloud.context.scope.GenericScope - BeanFactory id=2f4c7ee3-4fed-34b5-8722-3cb6bcc8954e
2021-06-08_18-10-25 [restartedMain] INFO  o.s.c.s.PostProcessorRegistrationDelegate$BeanPostProcessorChecker - Bean 'com.cts.portal.feign.AuthorisingClient' of type [org.springframework.cloud.openfeign.FeignClientFactoryBean] is not eligible for getting processed by all BeanPostProcessors (for example: not eligible for auto-proxying)
2021-06-08_18-10-25 [restartedMain] INFO  o.s.c.s.PostProcessorRegistrationDelegate$BeanPostProcessorChecker - Bean 'com.cts.portal.feign.IPTreatmentClient' of type [org.springframework.cloud.openfeign.FeignClientFactoryBean] is not eligible for getting processed by all BeanPostProcessors (for example: not eligible for auto-proxying)
2021-06-08_18-10-25 [restartedMain] INFO  o.s.c.s.PostProcessorRegistrationDelegate$BeanPostProcessorChecker - Bean 'com.cts.portal.feign.IPTreatmentOfferingClient' of type [org.springframework.cloud.openfeign.FeignClientFactoryBean] is not eligible for getting processed by all BeanPostProcessors (for example: not eligible for auto-proxying)
2021-06-08_18-10-25 [restartedMain] INFO  o.s.c.s.PostProcessorRegistrationDelegate$BeanPostProcessorChecker - Bean 'com.cts.portal.feign.InsuranceClaimClient' of type [org.springframework.cloud.openfeign.FeignClientFactoryBean] is not eligible for getting processed by all BeanPostProcessors (for example: not eligible for auto-proxying)
2021-06-08_18-10-25 [restartedMain] INFO  o.s.b.w.e.tomcat.TomcatWebServer - Tomcat initialized with port(s): 8500 (http)
2021-06-08_18-10-25 [restartedMain] INFO  o.a.coyote.http11.Http11NioProtocol - Initializing ProtocolHandler ["http-nio-8500"]
2021-06-08_18-10-25 [restartedMain] INFO  o.a.catalina.core.StandardService - Starting service [Tomcat]
2021-06-08_18-10-25 [restartedMain] INFO  o.a.catalina.core.StandardEngine - Starting Servlet engine: [Apache Tomcat/9.0.41]
2021-06-08_18-10-25 [restartedMain] INFO  org.apache.jasper.servlet.TldScanner - At least one JAR was scanned for TLDs yet contained no TLDs. Enable debug logging for this logger for a complete list of JARs that were scanned but no TLDs were found in them. Skipping unneeded JARs during scanning can improve startup time and JSP compilation time.
2021-06-08_18-10-25 [restartedMain] INFO  o.a.c.c.C.[Tomcat].[localhost].[/] - Initializing Spring embedded WebApplicationContext
2021-06-08_18-10-25 [restartedMain] INFO  o.s.b.w.s.c.ServletWebServerApplicationContext - Root WebApplicationContext: initialization completed in 1037 ms
2021-06-08_18-10-25 [restartedMain] INFO  s.d.s.w.PropertySourcedRequestMappingHandlerMapping - Mapped URL path [/v2/api-docs] onto method [springfox.documentation.swagger2.web.Swagger2Controller#getDocumentation(String, HttpServletRequest)]
2021-06-08_18-10-25 [restartedMain] INFO  o.s.s.c.ThreadPoolTaskExecutor - Initializing ExecutorService 'applicationTaskExecutor'
2021-06-08_18-10-25 [restartedMain] INFO  o.a.coyote.http11.Http11NioProtocol - Starting ProtocolHandler ["http-nio-8500"]
2021-06-08_18-10-25 [restartedMain] INFO  o.s.b.w.e.tomcat.TomcatWebServer - Tomcat started on port(s): 8500 (http) with context path ''
2021-06-08_18-10-25 [restartedMain] INFO  s.d.s.w.p.DocumentationPluginsBootstrapper - Context refreshed
2021-06-08_18-10-25 [restartedMain] INFO  s.d.s.w.p.DocumentationPluginsBootstrapper - Found 1 custom documentation plugin(s)
2021-06-08_18-10-25 [restartedMain] INFO  s.d.s.w.s.ApiListingReferenceScanner - Scanning for api listing references
2021-06-08_18-10-25 [restartedMain] INFO  c.c.p.PortalMicroserviceApplication - Started PortalMicroserviceApplication in 2.321 seconds (JVM running for 690.015)
2021-06-08_18-10-25 [restartedMain] INFO  o.s.b.d.a.ConditionEvaluationDeltaLoggingListener - Condition evaluation unchanged
2021-06-08_18-10-25 [http-nio-8500-exec-1] INFO  o.a.c.c.C.[Tomcat].[localhost].[/] - Initializing Spring DispatcherServlet 'dispatcherServlet'
2021-06-08_18-10-25 [http-nio-8500-exec-1] INFO  o.s.web.servlet.DispatcherServlet - Initializing Servlet 'dispatcherServlet'
2021-06-08_18-10-25 [http-nio-8500-exec-1] INFO  o.s.web.servlet.DispatcherServlet - Completed initialization in 5 ms
2021-06-08_18-10-25 [Thread-43] INFO  o.s.s.c.ThreadPoolTaskExecutor - Shutting down ExecutorService 'applicationTaskExecutor'
2021-06-08_18-11-17 [restartedMain] INFO  c.c.p.PortalMicroserviceApplication - Starting PortalMicroserviceApplication using Java 15.0.2 on DESKTOP-SLDQ587 with PID 31704 (C:\Users\Vishesh\eclipse-workspace3\CDE-Project-International-Patients-treatment-management\CDE-Project-International-Patients-treatment-management\Portal-Microservice\target\classes started by Vishesh in C:\Users\Vishesh\eclipse-workspace3\CDE-Project-International-Patients-treatment-management\CDE-Project-International-Patients-treatment-management\Portal-Microservice)
2021-06-08_18-11-17 [restartedMain] INFO  c.c.p.PortalMicroserviceApplication - No active profile set, falling back to default profiles: default
2021-06-08_18-11-17 [restartedMain] INFO  o.s.cloud.context.scope.GenericScope - BeanFactory id=2f4c7ee3-4fed-34b5-8722-3cb6bcc8954e
2021-06-08_18-11-17 [restartedMain] INFO  o.s.c.s.PostProcessorRegistrationDelegate$BeanPostProcessorChecker - Bean 'com.cts.portal.feign.AuthorisingClient' of type [org.springframework.cloud.openfeign.FeignClientFactoryBean] is not eligible for getting processed by all BeanPostProcessors (for example: not eligible for auto-proxying)
2021-06-08_18-11-17 [restartedMain] INFO  o.s.c.s.PostProcessorRegistrationDelegate$BeanPostProcessorChecker - Bean 'com.cts.portal.feign.IPTreatmentClient' of type [org.springframework.cloud.openfeign.FeignClientFactoryBean] is not eligible for getting processed by all BeanPostProcessors (for example: not eligible for auto-proxying)
2021-06-08_18-11-17 [restartedMain] INFO  o.s.c.s.PostProcessorRegistrationDelegate$BeanPostProcessorChecker - Bean 'com.cts.portal.feign.IPTreatmentOfferingClient' of type [org.springframework.cloud.openfeign.FeignClientFactoryBean] is not eligible for getting processed by all BeanPostProcessors (for example: not eligible for auto-proxying)
2021-06-08_18-11-17 [restartedMain] INFO  o.s.c.s.PostProcessorRegistrationDelegate$BeanPostProcessorChecker - Bean 'com.cts.portal.feign.InsuranceClaimClient' of type [org.springframework.cloud.openfeign.FeignClientFactoryBean] is not eligible for getting processed by all BeanPostProcessors (for example: not eligible for auto-proxying)
2021-06-08_18-11-17 [restartedMain] INFO  o.s.b.w.e.tomcat.TomcatWebServer - Tomcat initialized with port(s): 8500 (http)
2021-06-08_18-11-17 [restartedMain] INFO  o.a.coyote.http11.Http11NioProtocol - Initializing ProtocolHandler ["http-nio-8500"]
2021-06-08_18-11-17 [restartedMain] INFO  o.a.catalina.core.StandardService - Starting service [Tomcat]
2021-06-08_18-11-17 [restartedMain] INFO  o.a.catalina.core.StandardEngine - Starting Servlet engine: [Apache Tomcat/9.0.41]
2021-06-08_18-11-17 [restartedMain] INFO  org.apache.jasper.servlet.TldScanner - At least one JAR was scanned for TLDs yet contained no TLDs. Enable debug logging for this logger for a complete list of JARs that were scanned but no TLDs were found in them. Skipping unneeded JARs during scanning can improve startup time and JSP compilation time.
2021-06-08_18-11-17 [restartedMain] INFO  o.a.c.c.C.[Tomcat].[localhost].[/] - Initializing Spring embedded WebApplicationContext
2021-06-08_18-11-17 [restartedMain] INFO  o.s.b.w.s.c.ServletWebServerApplicationContext - Root WebApplicationContext: initialization completed in 1369 ms
2021-06-08_18-11-17 [restartedMain] INFO  s.d.s.w.PropertySourcedRequestMappingHandlerMapping - Mapped URL path [/v2/api-docs] onto method [springfox.documentation.swagger2.web.Swagger2Controller#getDocumentation(String, HttpServletRequest)]
2021-06-08_18-11-17 [restartedMain] INFO  o.s.s.c.ThreadPoolTaskExecutor - Initializing ExecutorService 'applicationTaskExecutor'
2021-06-08_18-11-17 [restartedMain] INFO  o.a.coyote.http11.Http11NioProtocol - Starting ProtocolHandler ["http-nio-8500"]
2021-06-08_18-11-17 [restartedMain] INFO  o.s.b.w.e.tomcat.TomcatWebServer - Tomcat started on port(s): 8500 (http) with context path ''
2021-06-08_18-11-17 [restartedMain] INFO  s.d.s.w.p.DocumentationPluginsBootstrapper - Context refreshed
2021-06-08_18-11-17 [restartedMain] INFO  s.d.s.w.p.DocumentationPluginsBootstrapper - Found 1 custom documentation plugin(s)
2021-06-08_18-11-17 [restartedMain] INFO  s.d.s.w.s.ApiListingReferenceScanner - Scanning for api listing references
2021-06-08_18-11-17 [restartedMain] INFO  c.c.p.PortalMicroserviceApplication - Started PortalMicroserviceApplication in 2.792 seconds (JVM running for 742.821)
2021-06-08_18-11-17 [restartedMain] INFO  o.s.b.d.a.ConditionEvaluationDeltaLoggingListener - Condition evaluation unchanged
2021-06-08_18-11-17 [http-nio-8500-exec-1] INFO  o.a.c.c.C.[Tomcat].[localhost].[/] - Initializing Spring DispatcherServlet 'dispatcherServlet'
2021-06-08_18-11-17 [http-nio-8500-exec-1] INFO  o.s.web.servlet.DispatcherServlet - Initializing Servlet 'dispatcherServlet'
2021-06-08_18-11-17 [http-nio-8500-exec-1] INFO  o.s.web.servlet.DispatcherServlet - Completed initialization in 8 ms
2021-06-08_18-11-17 [Thread-50] INFO  o.s.s.c.ThreadPoolTaskExecutor - Shutting down ExecutorService 'applicationTaskExecutor'
2021-06-08_18-15-18 [restartedMain] INFO  c.c.p.PortalMicroserviceApplication - Starting PortalMicroserviceApplication using Java 15.0.2 on DESKTOP-SLDQ587 with PID 31704 (C:\Users\Vishesh\eclipse-workspace3\CDE-Project-International-Patients-treatment-management\CDE-Project-International-Patients-treatment-management\Portal-Microservice\target\classes started by Vishesh in C:\Users\Vishesh\eclipse-workspace3\CDE-Project-International-Patients-treatment-management\CDE-Project-International-Patients-treatment-management\Portal-Microservice)
2021-06-08_18-15-18 [restartedMain] INFO  c.c.p.PortalMicroserviceApplication - No active profile set, falling back to default profiles: default
2021-06-08_18-15-18 [restartedMain] INFO  o.s.cloud.context.scope.GenericScope - BeanFactory id=2f4c7ee3-4fed-34b5-8722-3cb6bcc8954e
2021-06-08_18-15-18 [restartedMain] INFO  o.s.c.s.PostProcessorRegistrationDelegate$BeanPostProcessorChecker - Bean 'com.cts.portal.feign.AuthorisingClient' of type [org.springframework.cloud.openfeign.FeignClientFactoryBean] is not eligible for getting processed by all BeanPostProcessors (for example: not eligible for auto-proxying)
2021-06-08_18-15-18 [restartedMain] INFO  o.s.c.s.PostProcessorRegistrationDelegate$BeanPostProcessorChecker - Bean 'com.cts.portal.feign.IPTreatmentClient' of type [org.springframework.cloud.openfeign.FeignClientFactoryBean] is not eligible for getting processed by all BeanPostProcessors (for example: not eligible for auto-proxying)
2021-06-08_18-15-18 [restartedMain] INFO  o.s.c.s.PostProcessorRegistrationDelegate$BeanPostProcessorChecker - Bean 'com.cts.portal.feign.IPTreatmentOfferingClient' of type [org.springframework.cloud.openfeign.FeignClientFactoryBean] is not eligible for getting processed by all BeanPostProcessors (for example: not eligible for auto-proxying)
2021-06-08_18-15-18 [restartedMain] INFO  o.s.c.s.PostProcessorRegistrationDelegate$BeanPostProcessorChecker - Bean 'com.cts.portal.feign.InsuranceClaimClient' of type [org.springframework.cloud.openfeign.FeignClientFactoryBean] is not eligible for getting processed by all BeanPostProcessors (for example: not eligible for auto-proxying)
2021-06-08_18-15-18 [restartedMain] INFO  o.s.b.w.e.tomcat.TomcatWebServer - Tomcat initialized with port(s): 8500 (http)
2021-06-08_18-15-18 [restartedMain] INFO  o.a.coyote.http11.Http11NioProtocol - Initializing ProtocolHandler ["http-nio-8500"]
2021-06-08_18-15-18 [restartedMain] INFO  o.a.catalina.core.StandardService - Starting service [Tomcat]
2021-06-08_18-15-18 [restartedMain] INFO  o.a.catalina.core.StandardEngine - Starting Servlet engine: [Apache Tomcat/9.0.41]
2021-06-08_18-15-18 [restartedMain] INFO  org.apache.jasper.servlet.TldScanner - At least one JAR was scanned for TLDs yet contained no TLDs. Enable debug logging for this logger for a complete list of JARs that were scanned but no TLDs were found in them. Skipping unneeded JARs during scanning can improve startup time and JSP compilation time.
2021-06-08_18-15-18 [restartedMain] INFO  o.a.c.c.C.[Tomcat].[localhost].[/] - Initializing Spring embedded WebApplicationContext
2021-06-08_18-15-18 [restartedMain] INFO  o.s.b.w.s.c.ServletWebServerApplicationContext - Root WebApplicationContext: initialization completed in 1391 ms
2021-06-08_18-15-18 [restartedMain] INFO  s.d.s.w.PropertySourcedRequestMappingHandlerMapping - Mapped URL path [/v2/api-docs] onto method [springfox.documentation.swagger2.web.Swagger2Controller#getDocumentation(String, HttpServletRequest)]
2021-06-08_18-15-18 [restartedMain] INFO  o.s.s.c.ThreadPoolTaskExecutor - Initializing ExecutorService 'applicationTaskExecutor'
2021-06-08_18-15-18 [restartedMain] INFO  o.a.coyote.http11.Http11NioProtocol - Starting ProtocolHandler ["http-nio-8500"]
2021-06-08_18-15-18 [http-nio-8500-exec-1] INFO  o.a.c.c.C.[Tomcat].[localhost].[/] - Initializing Spring DispatcherServlet 'dispatcherServlet'
2021-06-08_18-15-18 [http-nio-8500-exec-1] INFO  o.s.web.servlet.DispatcherServlet - Initializing Servlet 'dispatcherServlet'
2021-06-08_18-15-18 [http-nio-8500-exec-1] INFO  o.s.web.servlet.DispatcherServlet - Completed initialization in 2 ms
2021-06-08_18-15-18 [restartedMain] INFO  o.s.b.w.e.tomcat.TomcatWebServer - Tomcat started on port(s): 8500 (http) with context path ''
2021-06-08_18-15-18 [restartedMain] INFO  s.d.s.w.p.DocumentationPluginsBootstrapper - Context refreshed
2021-06-08_18-15-18 [restartedMain] INFO  s.d.s.w.p.DocumentationPluginsBootstrapper - Found 1 custom documentation plugin(s)
2021-06-08_18-15-18 [restartedMain] INFO  s.d.s.w.s.ApiListingReferenceScanner - Scanning for api listing references
2021-06-08_18-15-18 [restartedMain] INFO  c.c.p.PortalMicroserviceApplication - Started PortalMicroserviceApplication in 2.867 seconds (JVM running for 983.165)
2021-06-08_18-15-18 [restartedMain] INFO  o.s.b.d.a.ConditionEvaluationDeltaLoggingListener - Condition evaluation unchanged
2021-06-08_18-15-18 [Thread-57] INFO  o.s.s.c.ThreadPoolTaskExecutor - Shutting down ExecutorService 'applicationTaskExecutor'
2021-06-08_18-57-11 [restartedMain] INFO  c.c.p.PortalMicroserviceApplication - Starting PortalMicroserviceApplication using Java 15.0.2 on DESKTOP-SLDQ587 with PID 31704 (C:\Users\Vishesh\eclipse-workspace3\CDE-Project-International-Patients-treatment-management\CDE-Project-International-Patients-treatment-management\Portal-Microservice\target\classes started by Vishesh in C:\Users\Vishesh\eclipse-workspace3\CDE-Project-International-Patients-treatment-management\CDE-Project-International-Patients-treatment-management\Portal-Microservice)
2021-06-08_18-57-11 [restartedMain] INFO  c.c.p.PortalMicroserviceApplication - No active profile set, falling back to default profiles: default
2021-06-08_18-57-11 [restartedMain] INFO  o.s.cloud.context.scope.GenericScope - BeanFactory id=2f4c7ee3-4fed-34b5-8722-3cb6bcc8954e
2021-06-08_18-57-11 [restartedMain] INFO  o.s.c.s.PostProcessorRegistrationDelegate$BeanPostProcessorChecker - Bean 'com.cts.portal.feign.AuthorisingClient' of type [org.springframework.cloud.openfeign.FeignClientFactoryBean] is not eligible for getting processed by all BeanPostProcessors (for example: not eligible for auto-proxying)
2021-06-08_18-57-11 [restartedMain] INFO  o.s.c.s.PostProcessorRegistrationDelegate$BeanPostProcessorChecker - Bean 'com.cts.portal.feign.IPTreatmentClient' of type [org.springframework.cloud.openfeign.FeignClientFactoryBean] is not eligible for getting processed by all BeanPostProcessors (for example: not eligible for auto-proxying)
2021-06-08_18-57-11 [restartedMain] INFO  o.s.c.s.PostProcessorRegistrationDelegate$BeanPostProcessorChecker - Bean 'com.cts.portal.feign.IPTreatmentOfferingClient' of type [org.springframework.cloud.openfeign.FeignClientFactoryBean] is not eligible for getting processed by all BeanPostProcessors (for example: not eligible for auto-proxying)
2021-06-08_18-57-11 [restartedMain] INFO  o.s.c.s.PostProcessorRegistrationDelegate$BeanPostProcessorChecker - Bean 'com.cts.portal.feign.InsuranceClaimClient' of type [org.springframework.cloud.openfeign.FeignClientFactoryBean] is not eligible for getting processed by all BeanPostProcessors (for example: not eligible for auto-proxying)
2021-06-08_18-57-11 [restartedMain] INFO  o.s.b.w.e.tomcat.TomcatWebServer - Tomcat initialized with port(s): 8500 (http)
2021-06-08_18-57-11 [restartedMain] INFO  o.a.coyote.http11.Http11NioProtocol - Initializing ProtocolHandler ["http-nio-8500"]
2021-06-08_18-57-11 [restartedMain] INFO  o.a.catalina.core.StandardService - Starting service [Tomcat]
2021-06-08_18-57-11 [restartedMain] INFO  o.a.catalina.core.StandardEngine - Starting Servlet engine: [Apache Tomcat/9.0.41]
2021-06-08_18-57-11 [restartedMain] INFO  org.apache.jasper.servlet.TldScanner - At least one JAR was scanned for TLDs yet contained no TLDs. Enable debug logging for this logger for a complete list of JARs that were scanned but no TLDs were found in them. Skipping unneeded JARs during scanning can improve startup time and JSP compilation time.
2021-06-08_18-57-11 [restartedMain] INFO  o.a.c.c.C.[Tomcat].[localhost].[/] - Initializing Spring embedded WebApplicationContext
2021-06-08_18-57-11 [restartedMain] INFO  o.s.b.w.s.c.ServletWebServerApplicationContext - Root WebApplicationContext: initialization completed in 1461 ms
2021-06-08_18-57-11 [restartedMain] INFO  s.d.s.w.PropertySourcedRequestMappingHandlerMapping - Mapped URL path [/v2/api-docs] onto method [springfox.documentation.swagger2.web.Swagger2Controller#getDocumentation(String, HttpServletRequest)]
2021-06-08_18-57-11 [restartedMain] INFO  o.s.s.c.ThreadPoolTaskExecutor - Initializing ExecutorService 'applicationTaskExecutor'
2021-06-08_18-57-11 [restartedMain] INFO  o.a.coyote.http11.Http11NioProtocol - Starting ProtocolHandler ["http-nio-8500"]
2021-06-08_18-57-11 [restartedMain] INFO  o.s.b.w.e.tomcat.TomcatWebServer - Tomcat started on port(s): 8500 (http) with context path ''
2021-06-08_18-57-11 [http-nio-8500-exec-1] INFO  o.a.c.c.C.[Tomcat].[localhost].[/] - Initializing Spring DispatcherServlet 'dispatcherServlet'
2021-06-08_18-57-11 [http-nio-8500-exec-1] INFO  o.s.web.servlet.DispatcherServlet - Initializing Servlet 'dispatcherServlet'
2021-06-08_18-57-11 [http-nio-8500-exec-1] INFO  o.s.web.servlet.DispatcherServlet - Completed initialization in 1 ms
2021-06-08_18-57-11 [restartedMain] INFO  s.d.s.w.p.DocumentationPluginsBootstrapper - Context refreshed
2021-06-08_18-57-11 [restartedMain] INFO  s.d.s.w.p.DocumentationPluginsBootstrapper - Found 1 custom documentation plugin(s)
2021-06-08_18-57-11 [restartedMain] INFO  s.d.s.w.s.ApiListingReferenceScanner - Scanning for api listing references
2021-06-08_18-57-11 [restartedMain] INFO  c.c.p.PortalMicroserviceApplication - Started PortalMicroserviceApplication in 3.119 seconds (JVM running for 3496.947)
2021-06-08_18-57-11 [restartedMain] INFO  o.s.b.d.a.ConditionEvaluationDeltaLoggingListener - Condition evaluation unchanged
2021-06-08_18-57-11 [Thread-64] INFO  o.s.s.c.ThreadPoolTaskExecutor - Shutting down ExecutorService 'applicationTaskExecutor'
2021-06-08_19-00-50 [restartedMain] INFO  c.c.p.PortalMicroserviceApplication - Starting PortalMicroserviceApplication using Java 15.0.2 on DESKTOP-SLDQ587 with PID 31704 (C:\Users\Vishesh\eclipse-workspace3\CDE-Project-International-Patients-treatment-management\CDE-Project-International-Patients-treatment-management\Portal-Microservice\target\classes started by Vishesh in C:\Users\Vishesh\eclipse-workspace3\CDE-Project-International-Patients-treatment-management\CDE-Project-International-Patients-treatment-management\Portal-Microservice)
2021-06-08_19-00-50 [restartedMain] INFO  c.c.p.PortalMicroserviceApplication - No active profile set, falling back to default profiles: default
2021-06-08_19-00-50 [restartedMain] INFO  o.s.cloud.context.scope.GenericScope - BeanFactory id=2f4c7ee3-4fed-34b5-8722-3cb6bcc8954e
2021-06-08_19-00-50 [restartedMain] INFO  o.s.c.s.PostProcessorRegistrationDelegate$BeanPostProcessorChecker - Bean 'com.cts.portal.feign.AuthorisingClient' of type [org.springframework.cloud.openfeign.FeignClientFactoryBean] is not eligible for getting processed by all BeanPostProcessors (for example: not eligible for auto-proxying)
2021-06-08_19-00-50 [restartedMain] INFO  o.s.c.s.PostProcessorRegistrationDelegate$BeanPostProcessorChecker - Bean 'com.cts.portal.feign.IPTreatmentClient' of type [org.springframework.cloud.openfeign.FeignClientFactoryBean] is not eligible for getting processed by all BeanPostProcessors (for example: not eligible for auto-proxying)
2021-06-08_19-00-50 [restartedMain] INFO  o.s.c.s.PostProcessorRegistrationDelegate$BeanPostProcessorChecker - Bean 'com.cts.portal.feign.IPTreatmentOfferingClient' of type [org.springframework.cloud.openfeign.FeignClientFactoryBean] is not eligible for getting processed by all BeanPostProcessors (for example: not eligible for auto-proxying)
2021-06-08_19-00-50 [restartedMain] INFO  o.s.c.s.PostProcessorRegistrationDelegate$BeanPostProcessorChecker - Bean 'com.cts.portal.feign.InsuranceClaimClient' of type [org.springframework.cloud.openfeign.FeignClientFactoryBean] is not eligible for getting processed by all BeanPostProcessors (for example: not eligible for auto-proxying)
2021-06-08_19-00-50 [restartedMain] INFO  o.s.b.w.e.tomcat.TomcatWebServer - Tomcat initialized with port(s): 8500 (http)
2021-06-08_19-00-50 [restartedMain] INFO  o.a.coyote.http11.Http11NioProtocol - Initializing ProtocolHandler ["http-nio-8500"]
2021-06-08_19-00-50 [restartedMain] INFO  o.a.catalina.core.StandardService - Starting service [Tomcat]
2021-06-08_19-00-50 [restartedMain] INFO  o.a.catalina.core.StandardEngine - Starting Servlet engine: [Apache Tomcat/9.0.41]
2021-06-08_19-00-50 [restartedMain] INFO  org.apache.jasper.servlet.TldScanner - At least one JAR was scanned for TLDs yet contained no TLDs. Enable debug logging for this logger for a complete list of JARs that were scanned but no TLDs were found in them. Skipping unneeded JARs during scanning can improve startup time and JSP compilation time.
2021-06-08_19-00-50 [restartedMain] INFO  o.a.c.c.C.[Tomcat].[localhost].[/] - Initializing Spring embedded WebApplicationContext
2021-06-08_19-00-50 [restartedMain] INFO  o.s.b.w.s.c.ServletWebServerApplicationContext - Root WebApplicationContext: initialization completed in 1481 ms
2021-06-08_19-00-50 [restartedMain] INFO  s.d.s.w.PropertySourcedRequestMappingHandlerMapping - Mapped URL path [/v2/api-docs] onto method [springfox.documentation.swagger2.web.Swagger2Controller#getDocumentation(String, HttpServletRequest)]
2021-06-08_19-00-50 [restartedMain] INFO  o.s.s.c.ThreadPoolTaskExecutor - Initializing ExecutorService 'applicationTaskExecutor'
2021-06-08_19-00-50 [restartedMain] INFO  o.a.coyote.http11.Http11NioProtocol - Starting ProtocolHandler ["http-nio-8500"]
2021-06-08_19-00-50 [restartedMain] INFO  o.s.b.w.e.tomcat.TomcatWebServer - Tomcat started on port(s): 8500 (http) with context path ''
2021-06-08_19-00-50 [http-nio-8500-exec-2] INFO  o.a.c.c.C.[Tomcat].[localhost].[/] - Initializing Spring DispatcherServlet 'dispatcherServlet'
2021-06-08_19-00-50 [http-nio-8500-exec-2] INFO  o.s.web.servlet.DispatcherServlet - Initializing Servlet 'dispatcherServlet'
2021-06-08_19-00-50 [http-nio-8500-exec-2] INFO  o.s.web.servlet.DispatcherServlet - Completed initialization in 2 ms
2021-06-08_19-00-50 [restartedMain] INFO  s.d.s.w.p.DocumentationPluginsBootstrapper - Context refreshed
2021-06-08_19-00-50 [restartedMain] INFO  s.d.s.w.p.DocumentationPluginsBootstrapper - Found 1 custom documentation plugin(s)
2021-06-08_19-00-50 [restartedMain] INFO  s.d.s.w.s.ApiListingReferenceScanner - Scanning for api listing references
2021-06-08_19-00-50 [restartedMain] INFO  c.c.p.PortalMicroserviceApplication - Started PortalMicroserviceApplication in 3.203 seconds (JVM running for 3716.177)
2021-06-08_19-00-50 [restartedMain] INFO  o.s.b.d.a.ConditionEvaluationDeltaLoggingListener - Condition evaluation unchanged
2021-06-08_19-00-50 [Thread-71] INFO  o.s.s.c.ThreadPoolTaskExecutor - Shutting down ExecutorService 'applicationTaskExecutor'
2021-06-08_19-05-24 [restartedMain] INFO  c.c.p.PortalMicroserviceApplication - Starting PortalMicroserviceApplication using Java 15.0.2 on DESKTOP-SLDQ587 with PID 31704 (C:\Users\Vishesh\eclipse-workspace3\CDE-Project-International-Patients-treatment-management\CDE-Project-International-Patients-treatment-management\Portal-Microservice\target\classes started by Vishesh in C:\Users\Vishesh\eclipse-workspace3\CDE-Project-International-Patients-treatment-management\CDE-Project-International-Patients-treatment-management\Portal-Microservice)
2021-06-08_19-05-24 [restartedMain] INFO  c.c.p.PortalMicroserviceApplication - No active profile set, falling back to default profiles: default
2021-06-08_19-05-24 [restartedMain] INFO  o.s.cloud.context.scope.GenericScope - BeanFactory id=2f4c7ee3-4fed-34b5-8722-3cb6bcc8954e
2021-06-08_19-05-24 [restartedMain] INFO  o.s.c.s.PostProcessorRegistrationDelegate$BeanPostProcessorChecker - Bean 'com.cts.portal.feign.AuthorisingClient' of type [org.springframework.cloud.openfeign.FeignClientFactoryBean] is not eligible for getting processed by all BeanPostProcessors (for example: not eligible for auto-proxying)
2021-06-08_19-05-24 [restartedMain] INFO  o.s.c.s.PostProcessorRegistrationDelegate$BeanPostProcessorChecker - Bean 'com.cts.portal.feign.IPTreatmentClient' of type [org.springframework.cloud.openfeign.FeignClientFactoryBean] is not eligible for getting processed by all BeanPostProcessors (for example: not eligible for auto-proxying)
2021-06-08_19-05-24 [restartedMain] INFO  o.s.c.s.PostProcessorRegistrationDelegate$BeanPostProcessorChecker - Bean 'com.cts.portal.feign.IPTreatmentOfferingClient' of type [org.springframework.cloud.openfeign.FeignClientFactoryBean] is not eligible for getting processed by all BeanPostProcessors (for example: not eligible for auto-proxying)
2021-06-08_19-05-24 [restartedMain] INFO  o.s.c.s.PostProcessorRegistrationDelegate$BeanPostProcessorChecker - Bean 'com.cts.portal.feign.InsuranceClaimClient' of type [org.springframework.cloud.openfeign.FeignClientFactoryBean] is not eligible for getting processed by all BeanPostProcessors (for example: not eligible for auto-proxying)
2021-06-08_19-05-24 [restartedMain] INFO  o.s.b.w.e.tomcat.TomcatWebServer - Tomcat initialized with port(s): 8500 (http)
2021-06-08_19-05-24 [restartedMain] INFO  o.a.coyote.http11.Http11NioProtocol - Initializing ProtocolHandler ["http-nio-8500"]
2021-06-08_19-05-24 [restartedMain] INFO  o.a.catalina.core.StandardService - Starting service [Tomcat]
2021-06-08_19-05-24 [restartedMain] INFO  o.a.catalina.core.StandardEngine - Starting Servlet engine: [Apache Tomcat/9.0.41]
2021-06-08_19-05-24 [restartedMain] INFO  org.apache.jasper.servlet.TldScanner - At least one JAR was scanned for TLDs yet contained no TLDs. Enable debug logging for this logger for a complete list of JARs that were scanned but no TLDs were found in them. Skipping unneeded JARs during scanning can improve startup time and JSP compilation time.
2021-06-08_19-05-24 [restartedMain] INFO  o.a.c.c.C.[Tomcat].[localhost].[/] - Initializing Spring embedded WebApplicationContext
2021-06-08_19-05-24 [restartedMain] INFO  o.s.b.w.s.c.ServletWebServerApplicationContext - Root WebApplicationContext: initialization completed in 1102 ms
2021-06-08_19-05-24 [restartedMain] INFO  o.a.catalina.core.StandardService - Stopping service [Tomcat]
2021-06-08_19-05-24 [restartedMain] INFO  o.s.b.a.l.ConditionEvaluationReportLoggingListener - 

Error starting ApplicationContext. To display the conditions report re-run your application with 'debug' enabled.
2021-06-08_19-06-58 [restartedMain] INFO  c.c.p.PortalMicroserviceApplication - Starting PortalMicroserviceApplication using Java 15.0.2 on DESKTOP-SLDQ587 with PID 31704 (C:\Users\Vishesh\eclipse-workspace3\CDE-Project-International-Patients-treatment-management\CDE-Project-International-Patients-treatment-management\Portal-Microservice\target\classes started by Vishesh in C:\Users\Vishesh\eclipse-workspace3\CDE-Project-International-Patients-treatment-management\CDE-Project-International-Patients-treatment-management\Portal-Microservice)
2021-06-08_19-06-58 [restartedMain] INFO  c.c.p.PortalMicroserviceApplication - No active profile set, falling back to default profiles: default
2021-06-08_19-06-58 [restartedMain] INFO  o.s.cloud.context.scope.GenericScope - BeanFactory id=2f4c7ee3-4fed-34b5-8722-3cb6bcc8954e
2021-06-08_19-06-58 [restartedMain] INFO  o.s.c.s.PostProcessorRegistrationDelegate$BeanPostProcessorChecker - Bean 'com.cts.portal.feign.AuthorisingClient' of type [org.springframework.cloud.openfeign.FeignClientFactoryBean] is not eligible for getting processed by all BeanPostProcessors (for example: not eligible for auto-proxying)
2021-06-08_19-06-58 [restartedMain] INFO  o.s.c.s.PostProcessorRegistrationDelegate$BeanPostProcessorChecker - Bean 'com.cts.portal.feign.IPTreatmentClient' of type [org.springframework.cloud.openfeign.FeignClientFactoryBean] is not eligible for getting processed by all BeanPostProcessors (for example: not eligible for auto-proxying)
2021-06-08_19-06-58 [restartedMain] INFO  o.s.c.s.PostProcessorRegistrationDelegate$BeanPostProcessorChecker - Bean 'com.cts.portal.feign.IPTreatmentOfferingClient' of type [org.springframework.cloud.openfeign.FeignClientFactoryBean] is not eligible for getting processed by all BeanPostProcessors (for example: not eligible for auto-proxying)
2021-06-08_19-06-58 [restartedMain] INFO  o.s.c.s.PostProcessorRegistrationDelegate$BeanPostProcessorChecker - Bean 'com.cts.portal.feign.InsuranceClaimClient' of type [org.springframework.cloud.openfeign.FeignClientFactoryBean] is not eligible for getting processed by all BeanPostProcessors (for example: not eligible for auto-proxying)
2021-06-08_19-06-58 [restartedMain] INFO  o.s.b.w.e.tomcat.TomcatWebServer - Tomcat initialized with port(s): 8500 (http)
2021-06-08_19-06-58 [restartedMain] INFO  o.a.coyote.http11.Http11NioProtocol - Initializing ProtocolHandler ["http-nio-8500"]
2021-06-08_19-06-58 [restartedMain] INFO  o.a.catalina.core.StandardService - Starting service [Tomcat]
2021-06-08_19-06-58 [restartedMain] INFO  o.a.catalina.core.StandardEngine - Starting Servlet engine: [Apache Tomcat/9.0.41]
2021-06-08_19-06-58 [restartedMain] INFO  org.apache.jasper.servlet.TldScanner - At least one JAR was scanned for TLDs yet contained no TLDs. Enable debug logging for this logger for a complete list of JARs that were scanned but no TLDs were found in them. Skipping unneeded JARs during scanning can improve startup time and JSP compilation time.
2021-06-08_19-06-58 [restartedMain] INFO  o.a.c.c.C.[Tomcat-1].[localhost].[/] - Initializing Spring embedded WebApplicationContext
2021-06-08_19-06-58 [restartedMain] INFO  o.s.b.w.s.c.ServletWebServerApplicationContext - Root WebApplicationContext: initialization completed in 757 ms
2021-06-08_19-06-58 [restartedMain] INFO  s.d.s.w.PropertySourcedRequestMappingHandlerMapping - Mapped URL path [/v2/api-docs] onto method [springfox.documentation.swagger2.web.Swagger2Controller#getDocumentation(String, HttpServletRequest)]
2021-06-08_19-06-58 [restartedMain] INFO  o.s.s.c.ThreadPoolTaskExecutor - Initializing ExecutorService 'applicationTaskExecutor'
2021-06-08_19-06-58 [restartedMain] INFO  o.a.coyote.http11.Http11NioProtocol - Starting ProtocolHandler ["http-nio-8500"]
2021-06-08_19-06-58 [restartedMain] INFO  o.s.b.w.e.tomcat.TomcatWebServer - Tomcat started on port(s): 8500 (http) with context path ''
2021-06-08_19-06-58 [restartedMain] INFO  s.d.s.w.p.DocumentationPluginsBootstrapper - Context refreshed
2021-06-08_19-06-58 [restartedMain] INFO  s.d.s.w.p.DocumentationPluginsBootstrapper - Found 1 custom documentation plugin(s)
2021-06-08_19-06-58 [restartedMain] INFO  s.d.s.w.s.ApiListingReferenceScanner - Scanning for api listing references
2021-06-08_19-06-58 [restartedMain] INFO  c.c.p.PortalMicroserviceApplication - Started PortalMicroserviceApplication in 1.874 seconds (JVM running for 4082.511)
2021-06-08_19-06-58 [restartedMain] INFO  o.s.b.d.a.ConditionEvaluationDeltaLoggingListener - Condition evaluation unchanged
2021-06-08_19-06-58 [http-nio-8500-exec-1] INFO  o.a.c.c.C.[Tomcat-1].[localhost].[/] - Initializing Spring DispatcherServlet 'dispatcherServlet'
2021-06-08_19-06-58 [http-nio-8500-exec-1] INFO  o.s.web.servlet.DispatcherServlet - Initializing Servlet 'dispatcherServlet'
2021-06-08_19-06-58 [http-nio-8500-exec-1] INFO  o.s.web.servlet.DispatcherServlet - Completed initialization in 2 ms
2021-06-08_19-06-58 [Thread-78] INFO  o.s.s.c.ThreadPoolTaskExecutor - Shutting down ExecutorService 'applicationTaskExecutor'
2021-06-08_19-14-57 [restartedMain] INFO  c.c.p.PortalMicroserviceApplication - Starting PortalMicroserviceApplication using Java 15.0.2 on DESKTOP-SLDQ587 with PID 31704 (C:\Users\Vishesh\eclipse-workspace3\CDE-Project-International-Patients-treatment-management\CDE-Project-International-Patients-treatment-management\Portal-Microservice\target\classes started by Vishesh in C:\Users\Vishesh\eclipse-workspace3\CDE-Project-International-Patients-treatment-management\CDE-Project-International-Patients-treatment-management\Portal-Microservice)
2021-06-08_19-14-57 [restartedMain] INFO  c.c.p.PortalMicroserviceApplication - No active profile set, falling back to default profiles: default
2021-06-08_19-14-57 [restartedMain] INFO  o.s.cloud.context.scope.GenericScope - BeanFactory id=2f4c7ee3-4fed-34b5-8722-3cb6bcc8954e
2021-06-08_19-14-57 [restartedMain] INFO  o.s.c.s.PostProcessorRegistrationDelegate$BeanPostProcessorChecker - Bean 'com.cts.portal.feign.AuthorisingClient' of type [org.springframework.cloud.openfeign.FeignClientFactoryBean] is not eligible for getting processed by all BeanPostProcessors (for example: not eligible for auto-proxying)
2021-06-08_19-14-57 [restartedMain] INFO  o.s.c.s.PostProcessorRegistrationDelegate$BeanPostProcessorChecker - Bean 'com.cts.portal.feign.IPTreatmentClient' of type [org.springframework.cloud.openfeign.FeignClientFactoryBean] is not eligible for getting processed by all BeanPostProcessors (for example: not eligible for auto-proxying)
2021-06-08_19-14-57 [restartedMain] INFO  o.s.c.s.PostProcessorRegistrationDelegate$BeanPostProcessorChecker - Bean 'com.cts.portal.feign.IPTreatmentOfferingClient' of type [org.springframework.cloud.openfeign.FeignClientFactoryBean] is not eligible for getting processed by all BeanPostProcessors (for example: not eligible for auto-proxying)
2021-06-08_19-14-57 [restartedMain] INFO  o.s.c.s.PostProcessorRegistrationDelegate$BeanPostProcessorChecker - Bean 'com.cts.portal.feign.InsuranceClaimClient' of type [org.springframework.cloud.openfeign.FeignClientFactoryBean] is not eligible for getting processed by all BeanPostProcessors (for example: not eligible for auto-proxying)
2021-06-08_19-14-57 [restartedMain] INFO  o.s.b.w.e.tomcat.TomcatWebServer - Tomcat initialized with port(s): 8500 (http)
2021-06-08_19-14-57 [restartedMain] INFO  o.a.coyote.http11.Http11NioProtocol - Initializing ProtocolHandler ["http-nio-8500"]
2021-06-08_19-14-57 [restartedMain] INFO  o.a.catalina.core.StandardService - Starting service [Tomcat]
2021-06-08_19-14-57 [restartedMain] INFO  o.a.catalina.core.StandardEngine - Starting Servlet engine: [Apache Tomcat/9.0.41]
2021-06-08_19-14-57 [restartedMain] INFO  org.apache.jasper.servlet.TldScanner - At least one JAR was scanned for TLDs yet contained no TLDs. Enable debug logging for this logger for a complete list of JARs that were scanned but no TLDs were found in them. Skipping unneeded JARs during scanning can improve startup time and JSP compilation time.
2021-06-08_19-14-57 [restartedMain] INFO  o.a.c.c.C.[Tomcat-1].[localhost].[/] - Initializing Spring embedded WebApplicationContext
2021-06-08_19-14-57 [restartedMain] INFO  o.s.b.w.s.c.ServletWebServerApplicationContext - Root WebApplicationContext: initialization completed in 832 ms
2021-06-08_19-14-57 [restartedMain] INFO  s.d.s.w.PropertySourcedRequestMappingHandlerMapping - Mapped URL path [/v2/api-docs] onto method [springfox.documentation.swagger2.web.Swagger2Controller#getDocumentation(String, HttpServletRequest)]
2021-06-08_19-14-57 [restartedMain] INFO  o.s.s.c.ThreadPoolTaskExecutor - Initializing ExecutorService 'applicationTaskExecutor'
2021-06-08_19-14-57 [restartedMain] INFO  o.a.coyote.http11.Http11NioProtocol - Starting ProtocolHandler ["http-nio-8500"]
2021-06-08_19-14-57 [restartedMain] INFO  o.s.b.w.e.tomcat.TomcatWebServer - Tomcat started on port(s): 8500 (http) with context path ''
2021-06-08_19-14-57 [restartedMain] INFO  s.d.s.w.p.DocumentationPluginsBootstrapper - Context refreshed
2021-06-08_19-14-57 [restartedMain] INFO  s.d.s.w.p.DocumentationPluginsBootstrapper - Found 1 custom documentation plugin(s)
2021-06-08_19-14-57 [restartedMain] INFO  s.d.s.w.s.ApiListingReferenceScanner - Scanning for api listing references
2021-06-08_19-14-57 [restartedMain] INFO  c.c.p.PortalMicroserviceApplication - Started PortalMicroserviceApplication in 1.993 seconds (JVM running for 4561.748)
2021-06-08_19-14-57 [restartedMain] INFO  o.s.b.d.a.ConditionEvaluationDeltaLoggingListener - Condition evaluation unchanged
2021-06-08_19-14-57 [http-nio-8500-exec-1] INFO  o.a.c.c.C.[Tomcat-1].[localhost].[/] - Initializing Spring DispatcherServlet 'dispatcherServlet'
2021-06-08_19-14-57 [http-nio-8500-exec-1] INFO  o.s.web.servlet.DispatcherServlet - Initializing Servlet 'dispatcherServlet'
2021-06-08_19-14-57 [http-nio-8500-exec-1] INFO  o.s.web.servlet.DispatcherServlet - Completed initialization in 1 ms
2021-06-08_19-14-57 [Thread-89] INFO  o.s.s.c.ThreadPoolTaskExecutor - Shutting down ExecutorService 'applicationTaskExecutor'
2021-06-08_19-19-52 [restartedMain] INFO  c.c.p.PortalMicroserviceApplication - Starting PortalMicroserviceApplication using Java 15.0.2 on DESKTOP-SLDQ587 with PID 31704 (C:\Users\Vishesh\eclipse-workspace3\CDE-Project-International-Patients-treatment-management\CDE-Project-International-Patients-treatment-management\Portal-Microservice\target\classes started by Vishesh in C:\Users\Vishesh\eclipse-workspace3\CDE-Project-International-Patients-treatment-management\CDE-Project-International-Patients-treatment-management\Portal-Microservice)
2021-06-08_19-19-52 [restartedMain] INFO  c.c.p.PortalMicroserviceApplication - No active profile set, falling back to default profiles: default
2021-06-08_19-19-52 [restartedMain] INFO  o.s.cloud.context.scope.GenericScope - BeanFactory id=2f4c7ee3-4fed-34b5-8722-3cb6bcc8954e
2021-06-08_19-19-52 [restartedMain] INFO  o.s.c.s.PostProcessorRegistrationDelegate$BeanPostProcessorChecker - Bean 'com.cts.portal.feign.AuthorisingClient' of type [org.springframework.cloud.openfeign.FeignClientFactoryBean] is not eligible for getting processed by all BeanPostProcessors (for example: not eligible for auto-proxying)
2021-06-08_19-19-52 [restartedMain] INFO  o.s.c.s.PostProcessorRegistrationDelegate$BeanPostProcessorChecker - Bean 'com.cts.portal.feign.IPTreatmentClient' of type [org.springframework.cloud.openfeign.FeignClientFactoryBean] is not eligible for getting processed by all BeanPostProcessors (for example: not eligible for auto-proxying)
2021-06-08_19-19-52 [restartedMain] INFO  o.s.c.s.PostProcessorRegistrationDelegate$BeanPostProcessorChecker - Bean 'com.cts.portal.feign.IPTreatmentOfferingClient' of type [org.springframework.cloud.openfeign.FeignClientFactoryBean] is not eligible for getting processed by all BeanPostProcessors (for example: not eligible for auto-proxying)
2021-06-08_19-19-52 [restartedMain] INFO  o.s.c.s.PostProcessorRegistrationDelegate$BeanPostProcessorChecker - Bean 'com.cts.portal.feign.InsuranceClaimClient' of type [org.springframework.cloud.openfeign.FeignClientFactoryBean] is not eligible for getting processed by all BeanPostProcessors (for example: not eligible for auto-proxying)
2021-06-08_19-19-52 [restartedMain] INFO  o.s.b.w.e.tomcat.TomcatWebServer - Tomcat initialized with port(s): 8500 (http)
2021-06-08_19-19-52 [restartedMain] INFO  o.a.coyote.http11.Http11NioProtocol - Initializing ProtocolHandler ["http-nio-8500"]
2021-06-08_19-19-52 [restartedMain] INFO  o.a.catalina.core.StandardService - Starting service [Tomcat]
2021-06-08_19-19-52 [restartedMain] INFO  o.a.catalina.core.StandardEngine - Starting Servlet engine: [Apache Tomcat/9.0.41]
2021-06-08_19-19-52 [restartedMain] INFO  org.apache.jasper.servlet.TldScanner - At least one JAR was scanned for TLDs yet contained no TLDs. Enable debug logging for this logger for a complete list of JARs that were scanned but no TLDs were found in them. Skipping unneeded JARs during scanning can improve startup time and JSP compilation time.
2021-06-08_19-19-52 [restartedMain] INFO  o.a.c.c.C.[Tomcat-1].[localhost].[/] - Initializing Spring embedded WebApplicationContext
2021-06-08_19-19-52 [restartedMain] INFO  o.s.b.w.s.c.ServletWebServerApplicationContext - Root WebApplicationContext: initialization completed in 764 ms
2021-06-08_19-19-52 [restartedMain] INFO  s.d.s.w.PropertySourcedRequestMappingHandlerMapping - Mapped URL path [/v2/api-docs] onto method [springfox.documentation.swagger2.web.Swagger2Controller#getDocumentation(String, HttpServletRequest)]
2021-06-08_19-19-52 [restartedMain] INFO  o.s.s.c.ThreadPoolTaskExecutor - Initializing ExecutorService 'applicationTaskExecutor'
2021-06-08_19-19-52 [restartedMain] INFO  o.a.coyote.http11.Http11NioProtocol - Starting ProtocolHandler ["http-nio-8500"]
2021-06-08_19-19-52 [restartedMain] INFO  o.s.b.w.e.tomcat.TomcatWebServer - Tomcat started on port(s): 8500 (http) with context path ''
2021-06-08_19-19-52 [restartedMain] INFO  s.d.s.w.p.DocumentationPluginsBootstrapper - Context refreshed
2021-06-08_19-19-52 [restartedMain] INFO  s.d.s.w.p.DocumentationPluginsBootstrapper - Found 1 custom documentation plugin(s)
2021-06-08_19-19-52 [restartedMain] INFO  s.d.s.w.s.ApiListingReferenceScanner - Scanning for api listing references
2021-06-08_19-19-52 [restartedMain] INFO  c.c.p.PortalMicroserviceApplication - Started PortalMicroserviceApplication in 1.812 seconds (JVM running for 4856.512)
2021-06-08_19-19-52 [restartedMain] INFO  o.s.b.d.a.ConditionEvaluationDeltaLoggingListener - Condition evaluation unchanged
2021-06-08_19-19-52 [http-nio-8500-exec-1] INFO  o.a.c.c.C.[Tomcat-1].[localhost].[/] - Initializing Spring DispatcherServlet 'dispatcherServlet'
2021-06-08_19-19-52 [http-nio-8500-exec-1] INFO  o.s.web.servlet.DispatcherServlet - Initializing Servlet 'dispatcherServlet'
2021-06-08_19-19-52 [http-nio-8500-exec-1] INFO  o.s.web.servlet.DispatcherServlet - Completed initialization in 6 ms
2021-06-08_19-19-52 [RMI TCP Connection(88)-127.0.0.1] INFO  o.s.b.a.SpringApplicationAdminMXBeanRegistrar$SpringApplicationAdmin - Application shutdown requested.
2021-06-08_19-19-52 [RMI TCP Connection(88)-127.0.0.1] INFO  o.s.s.c.ThreadPoolTaskExecutor - Shutting down ExecutorService 'applicationTaskExecutor'
