2021-06-06_14-21-08 [background-preinit] INFO  o.h.validator.internal.util.Version - HV000001: Hibernate Validator 6.1.7.Final
2021-06-06_14-21-08 [restartedMain] INFO  c.c.p.PortalMicroserviceApplication - Starting PortalMicroserviceApplication using Java 1.8.0_291 on DESKTOP-SLDQ587 with PID 21068 (C:\Users\Vishesh\Desktop\cognizant\project\CDE-Project-International-Patients-treatment-management\CDE-Project-International-Patients-treatment-management\Portal-Microservice\target\classes started by Vishesh in C:\Users\Vishesh\Desktop\cognizant\project\CDE-Project-International-Patients-treatment-management\CDE-Project-International-Patients-treatment-management\Portal-Microservice)
2021-06-06_14-21-08 [restartedMain] INFO  c.c.p.PortalMicroserviceApplication - No active profile set, falling back to default profiles: default
2021-06-06_14-21-08 [restartedMain] INFO  o.s.b.d.e.DevToolsPropertyDefaultsPostProcessor - Devtools property defaults active! Set 'spring.devtools.add-properties' to 'false' to disable
2021-06-06_14-21-08 [restartedMain] INFO  o.s.b.d.e.DevToolsPropertyDefaultsPostProcessor - For additional web related logging consider setting the 'logging.level.web' property to 'DEBUG'
2021-06-06_14-21-08 [restartedMain] INFO  o.s.cloud.context.scope.GenericScope - BeanFactory id=25646004-45e5-337c-aa88-299ddba11279
2021-06-06_14-21-08 [restartedMain] INFO  o.s.c.s.PostProcessorRegistrationDelegate$BeanPostProcessorChecker - Bean 'com.cts.portal.feign.AuthorisingClient' of type [org.springframework.cloud.openfeign.FeignClientFactoryBean] is not eligible for getting processed by all BeanPostProcessors (for example: not eligible for auto-proxying)
2021-06-06_14-21-08 [restartedMain] INFO  o.s.c.s.PostProcessorRegistrationDelegate$BeanPostProcessorChecker - Bean 'com.cts.portal.feign.IPTreatmentClient' of type [org.springframework.cloud.openfeign.FeignClientFactoryBean] is not eligible for getting processed by all BeanPostProcessors (for example: not eligible for auto-proxying)
2021-06-06_14-21-08 [restartedMain] INFO  o.s.c.s.PostProcessorRegistrationDelegate$BeanPostProcessorChecker - Bean 'com.cts.portal.feign.IPTreatmentOfferingClient' of type [org.springframework.cloud.openfeign.FeignClientFactoryBean] is not eligible for getting processed by all BeanPostProcessors (for example: not eligible for auto-proxying)
2021-06-06_14-21-08 [restartedMain] INFO  o.s.c.s.PostProcessorRegistrationDelegate$BeanPostProcessorChecker - Bean 'com.cts.portal.feign.InsuranceClaimClient' of type [org.springframework.cloud.openfeign.FeignClientFactoryBean] is not eligible for getting processed by all BeanPostProcessors (for example: not eligible for auto-proxying)
2021-06-06_14-21-08 [restartedMain] INFO  o.s.b.w.e.tomcat.TomcatWebServer - Tomcat initialized with port(s): 8500 (http)
2021-06-06_14-21-08 [restartedMain] INFO  o.a.coyote.http11.Http11NioProtocol - Initializing ProtocolHandler ["http-nio-8500"]
2021-06-06_14-21-08 [restartedMain] INFO  o.a.catalina.core.StandardService - Starting service [Tomcat]
2021-06-06_14-21-08 [restartedMain] INFO  o.a.catalina.core.StandardEngine - Starting Servlet engine: [Apache Tomcat/9.0.41]
2021-06-06_14-21-08 [restartedMain] INFO  org.apache.jasper.servlet.TldScanner - At least one JAR was scanned for TLDs yet contained no TLDs. Enable debug logging for this logger for a complete list of JARs that were scanned but no TLDs were found in them. Skipping unneeded JARs during scanning can improve startup time and JSP compilation time.
2021-06-06_14-21-08 [restartedMain] INFO  o.a.c.c.C.[Tomcat].[localhost].[/] - Initializing Spring embedded WebApplicationContext
2021-06-06_14-21-08 [restartedMain] INFO  o.s.b.w.s.c.ServletWebServerApplicationContext - Root WebApplicationContext: initialization completed in 2861 ms
2021-06-06_14-21-08 [restartedMain] INFO  s.d.s.w.PropertySourcedRequestMappingHandlerMapping - Mapped URL path [/v2/api-docs] onto method [springfox.documentation.swagger2.web.Swagger2Controller#getDocumentation(String, HttpServletRequest)]
2021-06-06_14-21-08 [restartedMain] INFO  o.s.s.c.ThreadPoolTaskExecutor - Initializing ExecutorService 'applicationTaskExecutor'
2021-06-06_14-21-08 [restartedMain] INFO  o.a.coyote.http11.Http11NioProtocol - Starting ProtocolHandler ["http-nio-8500"]
2021-06-06_14-21-08 [restartedMain] INFO  o.s.b.w.e.tomcat.TomcatWebServer - Tomcat started on port(s): 8500 (http) with context path ''
2021-06-06_14-21-08 [restartedMain] INFO  s.d.s.w.p.DocumentationPluginsBootstrapper - Context refreshed
2021-06-06_14-21-08 [restartedMain] INFO  s.d.s.w.p.DocumentationPluginsBootstrapper - Found 1 custom documentation plugin(s)
2021-06-06_14-21-08 [restartedMain] INFO  s.d.s.w.s.ApiListingReferenceScanner - Scanning for api listing references
2021-06-06_14-21-08 [restartedMain] INFO  c.c.p.PortalMicroserviceApplication - Started PortalMicroserviceApplication in 6.767 seconds (JVM running for 8.636)
2021-06-06_14-21-08 [http-nio-8500-exec-1] INFO  o.a.c.c.C.[Tomcat].[localhost].[/] - Initializing Spring DispatcherServlet 'dispatcherServlet'
2021-06-06_14-21-08 [http-nio-8500-exec-1] INFO  o.s.web.servlet.DispatcherServlet - Initializing Servlet 'dispatcherServlet'
2021-06-06_14-21-08 [http-nio-8500-exec-1] INFO  o.s.web.servlet.DispatcherServlet - Completed initialization in 2 ms
2021-06-06_14-21-08 [RMI TCP Connection(13)-127.0.0.1] INFO  o.s.b.a.SpringApplicationAdminMXBeanRegistrar$SpringApplicationAdmin - Application shutdown requested.
2021-06-06_14-21-08 [RMI TCP Connection(13)-127.0.0.1] INFO  o.s.s.c.ThreadPoolTaskExecutor - Shutting down ExecutorService 'applicationTaskExecutor'
2021-06-06_14-53-35 [background-preinit] INFO  o.h.validator.internal.util.Version - HV000001: Hibernate Validator 6.1.7.Final
2021-06-06_14-53-35 [restartedMain] INFO  c.c.p.PortalMicroserviceApplication - Starting PortalMicroserviceApplication using Java 15.0.2 on DESKTOP-SLDQ587 with PID 10856 (C:\Users\Vishesh\eclipse-workspace3\CDE-Project-International-Patients-treatment-management\CDE-Project-International-Patients-treatment-management\Portal-Microservice\target\classes started by Vishesh in C:\Users\Vishesh\eclipse-workspace3\CDE-Project-International-Patients-treatment-management\CDE-Project-International-Patients-treatment-management\Portal-Microservice)
2021-06-06_14-53-35 [restartedMain] INFO  c.c.p.PortalMicroserviceApplication - No active profile set, falling back to default profiles: default
2021-06-06_14-53-35 [restartedMain] INFO  o.s.b.d.e.DevToolsPropertyDefaultsPostProcessor - Devtools property defaults active! Set 'spring.devtools.add-properties' to 'false' to disable
2021-06-06_14-53-35 [restartedMain] INFO  o.s.b.d.e.DevToolsPropertyDefaultsPostProcessor - For additional web related logging consider setting the 'logging.level.web' property to 'DEBUG'
2021-06-06_14-53-35 [restartedMain] INFO  o.s.cloud.context.scope.GenericScope - BeanFactory id=2f4c7ee3-4fed-34b5-8722-3cb6bcc8954e
2021-06-06_14-53-35 [restartedMain] INFO  o.s.c.s.PostProcessorRegistrationDelegate$BeanPostProcessorChecker - Bean 'com.cts.portal.feign.AuthorisingClient' of type [org.springframework.cloud.openfeign.FeignClientFactoryBean] is not eligible for getting processed by all BeanPostProcessors (for example: not eligible for auto-proxying)
2021-06-06_14-53-35 [restartedMain] INFO  o.s.c.s.PostProcessorRegistrationDelegate$BeanPostProcessorChecker - Bean 'com.cts.portal.feign.IPTreatmentClient' of type [org.springframework.cloud.openfeign.FeignClientFactoryBean] is not eligible for getting processed by all BeanPostProcessors (for example: not eligible for auto-proxying)
2021-06-06_14-53-35 [restartedMain] INFO  o.s.c.s.PostProcessorRegistrationDelegate$BeanPostProcessorChecker - Bean 'com.cts.portal.feign.IPTreatmentOfferingClient' of type [org.springframework.cloud.openfeign.FeignClientFactoryBean] is not eligible for getting processed by all BeanPostProcessors (for example: not eligible for auto-proxying)
2021-06-06_14-53-35 [restartedMain] INFO  o.s.c.s.PostProcessorRegistrationDelegate$BeanPostProcessorChecker - Bean 'com.cts.portal.feign.InsuranceClaimClient' of type [org.springframework.cloud.openfeign.FeignClientFactoryBean] is not eligible for getting processed by all BeanPostProcessors (for example: not eligible for auto-proxying)
2021-06-06_14-53-35 [restartedMain] INFO  o.s.b.w.e.tomcat.TomcatWebServer - Tomcat initialized with port(s): 8500 (http)
2021-06-06_14-53-35 [restartedMain] INFO  o.a.coyote.http11.Http11NioProtocol - Initializing ProtocolHandler ["http-nio-8500"]
2021-06-06_14-53-35 [restartedMain] INFO  o.a.catalina.core.StandardService - Starting service [Tomcat]
2021-06-06_14-53-35 [restartedMain] INFO  o.a.catalina.core.StandardEngine - Starting Servlet engine: [Apache Tomcat/9.0.41]
2021-06-06_14-53-35 [restartedMain] INFO  org.apache.jasper.servlet.TldScanner - At least one JAR was scanned for TLDs yet contained no TLDs. Enable debug logging for this logger for a complete list of JARs that were scanned but no TLDs were found in them. Skipping unneeded JARs during scanning can improve startup time and JSP compilation time.
2021-06-06_14-53-35 [restartedMain] INFO  o.a.c.c.C.[Tomcat].[localhost].[/] - Initializing Spring embedded WebApplicationContext
2021-06-06_14-53-35 [restartedMain] INFO  o.s.b.w.s.c.ServletWebServerApplicationContext - Root WebApplicationContext: initialization completed in 2544 ms
2021-06-06_14-53-35 [restartedMain] INFO  s.d.s.w.PropertySourcedRequestMappingHandlerMapping - Mapped URL path [/v2/api-docs] onto method [springfox.documentation.swagger2.web.Swagger2Controller#getDocumentation(String, HttpServletRequest)]
2021-06-06_14-53-35 [restartedMain] INFO  o.s.s.c.ThreadPoolTaskExecutor - Initializing ExecutorService 'applicationTaskExecutor'
2021-06-06_14-53-35 [restartedMain] INFO  o.a.coyote.http11.Http11NioProtocol - Starting ProtocolHandler ["http-nio-8500"]
2021-06-06_14-53-35 [restartedMain] INFO  o.s.b.w.e.tomcat.TomcatWebServer - Tomcat started on port(s): 8500 (http) with context path ''
2021-06-06_14-53-35 [restartedMain] INFO  s.d.s.w.p.DocumentationPluginsBootstrapper - Context refreshed
2021-06-06_14-53-35 [restartedMain] INFO  s.d.s.w.p.DocumentationPluginsBootstrapper - Found 1 custom documentation plugin(s)
2021-06-06_14-53-35 [restartedMain] INFO  s.d.s.w.s.ApiListingReferenceScanner - Scanning for api listing references
2021-06-06_14-53-35 [restartedMain] INFO  c.c.p.PortalMicroserviceApplication - Started PortalMicroserviceApplication in 5.237 seconds (JVM running for 6.872)
2021-06-06_14-53-35 [http-nio-8500-exec-6] INFO  o.a.c.c.C.[Tomcat].[localhost].[/] - Initializing Spring DispatcherServlet 'dispatcherServlet'
2021-06-06_14-53-35 [http-nio-8500-exec-6] INFO  o.s.web.servlet.DispatcherServlet - Initializing Servlet 'dispatcherServlet'
2021-06-06_14-53-35 [http-nio-8500-exec-6] INFO  o.s.web.servlet.DispatcherServlet - Completed initialization in 3 ms
2021-06-06_14-53-35 [Thread-1] INFO  o.s.s.c.ThreadPoolTaskExecutor - Shutting down ExecutorService 'applicationTaskExecutor'
2021-06-06_15-00-11 [restartedMain] INFO  c.c.p.PortalMicroserviceApplication - Starting PortalMicroserviceApplication using Java 15.0.2 on DESKTOP-SLDQ587 with PID 10856 (C:\Users\Vishesh\eclipse-workspace3\CDE-Project-International-Patients-treatment-management\CDE-Project-International-Patients-treatment-management\Portal-Microservice\target\classes started by Vishesh in C:\Users\Vishesh\eclipse-workspace3\CDE-Project-International-Patients-treatment-management\CDE-Project-International-Patients-treatment-management\Portal-Microservice)
2021-06-06_15-00-11 [restartedMain] INFO  c.c.p.PortalMicroserviceApplication - No active profile set, falling back to default profiles: default
2021-06-06_15-00-11 [restartedMain] INFO  o.s.cloud.context.scope.GenericScope - BeanFactory id=22b84c33-763a-39ce-9403-2b0519468362
2021-06-06_15-00-11 [restartedMain] INFO  o.s.b.w.e.tomcat.TomcatWebServer - Tomcat initialized with port(s): 8500 (http)
2021-06-06_15-00-11 [restartedMain] INFO  o.a.coyote.http11.Http11NioProtocol - Initializing ProtocolHandler ["http-nio-8500"]
2021-06-06_15-00-11 [restartedMain] INFO  o.a.catalina.core.StandardService - Starting service [Tomcat]
2021-06-06_15-00-11 [restartedMain] INFO  o.a.catalina.core.StandardEngine - Starting Servlet engine: [Apache Tomcat/9.0.41]
2021-06-06_15-00-11 [restartedMain] INFO  org.apache.jasper.servlet.TldScanner - At least one JAR was scanned for TLDs yet contained no TLDs. Enable debug logging for this logger for a complete list of JARs that were scanned but no TLDs were found in them. Skipping unneeded JARs during scanning can improve startup time and JSP compilation time.
2021-06-06_15-00-11 [restartedMain] INFO  o.a.c.c.C.[Tomcat].[localhost].[/] - Initializing Spring embedded WebApplicationContext
2021-06-06_15-00-11 [restartedMain] INFO  o.s.b.w.s.c.ServletWebServerApplicationContext - Root WebApplicationContext: initialization completed in 1820 ms
2021-06-06_15-00-11 [restartedMain] INFO  o.s.s.c.ThreadPoolTaskExecutor - Initializing ExecutorService 'applicationTaskExecutor'
2021-06-06_15-00-11 [restartedMain] INFO  o.a.coyote.http11.Http11NioProtocol - Starting ProtocolHandler ["http-nio-8500"]
2021-06-06_15-00-11 [restartedMain] INFO  o.s.b.w.e.tomcat.TomcatWebServer - Tomcat started on port(s): 8500 (http) with context path ''
2021-06-06_15-00-11 [restartedMain] INFO  c.c.p.PortalMicroserviceApplication - Started PortalMicroserviceApplication in 3.753 seconds (JVM running for 401.459)
2021-06-06_15-00-11 [restartedMain] INFO  o.s.b.d.a.ConditionEvaluationDeltaLoggingListener - Condition evaluation delta:


==========================
CONDITION EVALUATION DELTA
==========================


Positive matches:
-----------------

   ErrorMvcAutoConfiguration#basicErrorController matched:
      - @ConditionalOnMissingBean (types: org.springframework.boot.web.servlet.error.ErrorController; SearchStrategy: current) did not find any beans (OnBeanCondition)


Negative matches:
-----------------

    None


Exclusions:
-----------

    None


Unconditional classes:
----------------------

    None



2021-06-06_15-00-11 [Thread-8] INFO  o.s.s.c.ThreadPoolTaskExecutor - Shutting down ExecutorService 'applicationTaskExecutor'
2021-06-06_15-00-19 [restartedMain] INFO  c.c.p.PortalMicroserviceApplication - Starting PortalMicroserviceApplication using Java 15.0.2 on DESKTOP-SLDQ587 with PID 10856 (C:\Users\Vishesh\eclipse-workspace3\CDE-Project-International-Patients-treatment-management\CDE-Project-International-Patients-treatment-management\Portal-Microservice\target\classes started by Vishesh in C:\Users\Vishesh\eclipse-workspace3\CDE-Project-International-Patients-treatment-management\CDE-Project-International-Patients-treatment-management\Portal-Microservice)
2021-06-06_15-00-19 [restartedMain] INFO  c.c.p.PortalMicroserviceApplication - No active profile set, falling back to default profiles: default
2021-06-06_15-00-19 [restartedMain] INFO  o.s.cloud.context.scope.GenericScope - BeanFactory id=2f4c7ee3-4fed-34b5-8722-3cb6bcc8954e
2021-06-06_15-00-19 [restartedMain] INFO  o.s.c.s.PostProcessorRegistrationDelegate$BeanPostProcessorChecker - Bean 'com.cts.portal.feign.AuthorisingClient' of type [org.springframework.cloud.openfeign.FeignClientFactoryBean] is not eligible for getting processed by all BeanPostProcessors (for example: not eligible for auto-proxying)
2021-06-06_15-00-19 [restartedMain] INFO  o.s.c.s.PostProcessorRegistrationDelegate$BeanPostProcessorChecker - Bean 'com.cts.portal.feign.IPTreatmentClient' of type [org.springframework.cloud.openfeign.FeignClientFactoryBean] is not eligible for getting processed by all BeanPostProcessors (for example: not eligible for auto-proxying)
2021-06-06_15-00-19 [restartedMain] INFO  o.s.c.s.PostProcessorRegistrationDelegate$BeanPostProcessorChecker - Bean 'com.cts.portal.feign.IPTreatmentOfferingClient' of type [org.springframework.cloud.openfeign.FeignClientFactoryBean] is not eligible for getting processed by all BeanPostProcessors (for example: not eligible for auto-proxying)
2021-06-06_15-00-19 [restartedMain] INFO  o.s.c.s.PostProcessorRegistrationDelegate$BeanPostProcessorChecker - Bean 'com.cts.portal.feign.InsuranceClaimClient' of type [org.springframework.cloud.openfeign.FeignClientFactoryBean] is not eligible for getting processed by all BeanPostProcessors (for example: not eligible for auto-proxying)
2021-06-06_15-00-19 [restartedMain] INFO  o.s.b.w.e.tomcat.TomcatWebServer - Tomcat initialized with port(s): 8500 (http)
2021-06-06_15-00-19 [restartedMain] INFO  o.a.coyote.http11.Http11NioProtocol - Initializing ProtocolHandler ["http-nio-8500"]
2021-06-06_15-00-19 [restartedMain] INFO  o.a.catalina.core.StandardService - Starting service [Tomcat]
2021-06-06_15-00-19 [restartedMain] INFO  o.a.catalina.core.StandardEngine - Starting Servlet engine: [Apache Tomcat/9.0.41]
2021-06-06_15-00-19 [restartedMain] INFO  org.apache.jasper.servlet.TldScanner - At least one JAR was scanned for TLDs yet contained no TLDs. Enable debug logging for this logger for a complete list of JARs that were scanned but no TLDs were found in them. Skipping unneeded JARs during scanning can improve startup time and JSP compilation time.
2021-06-06_15-00-19 [restartedMain] INFO  o.a.c.c.C.[Tomcat].[localhost].[/] - Initializing Spring embedded WebApplicationContext
2021-06-06_15-00-19 [restartedMain] INFO  o.s.b.w.s.c.ServletWebServerApplicationContext - Root WebApplicationContext: initialization completed in 1747 ms
2021-06-06_15-00-19 [restartedMain] INFO  s.d.s.w.PropertySourcedRequestMappingHandlerMapping - Mapped URL path [/v2/api-docs] onto method [springfox.documentation.swagger2.web.Swagger2Controller#getDocumentation(String, HttpServletRequest)]
2021-06-06_15-00-19 [restartedMain] INFO  o.s.s.c.ThreadPoolTaskExecutor - Initializing ExecutorService 'applicationTaskExecutor'
2021-06-06_15-00-19 [restartedMain] INFO  o.a.coyote.http11.Http11NioProtocol - Starting ProtocolHandler ["http-nio-8500"]
2021-06-06_15-00-19 [restartedMain] INFO  o.s.b.w.e.tomcat.TomcatWebServer - Tomcat started on port(s): 8500 (http) with context path ''
2021-06-06_15-00-19 [restartedMain] INFO  s.d.s.w.p.DocumentationPluginsBootstrapper - Context refreshed
2021-06-06_15-00-19 [restartedMain] INFO  s.d.s.w.p.DocumentationPluginsBootstrapper - Found 1 custom documentation plugin(s)
2021-06-06_15-00-19 [restartedMain] INFO  s.d.s.w.s.ApiListingReferenceScanner - Scanning for api listing references
2021-06-06_15-00-19 [restartedMain] INFO  c.c.p.PortalMicroserviceApplication - Started PortalMicroserviceApplication in 4.81 seconds (JVM running for 410.993)
2021-06-06_15-00-19 [restartedMain] INFO  o.s.b.d.a.ConditionEvaluationDeltaLoggingListener - Condition evaluation delta:


==========================
CONDITION EVALUATION DELTA
==========================


Positive matches:
-----------------

   Swagger2DocumentationConfiguration matched:
      - @ConditionalOnWebApplication (required) found 'session' scope (OnWebApplicationCondition)


Negative matches:
-----------------

   ErrorMvcAutoConfiguration#basicErrorController:
      Did not match:
         - @ConditionalOnMissingBean (types: org.springframework.boot.web.servlet.error.ErrorController; SearchStrategy: current) found beans of type 'org.springframework.boot.web.servlet.error.ErrorController' errorHandlerController (OnBeanCondition)


Exclusions:
-----------

    None


Unconditional classes:
----------------------

    None



2021-06-06_15-00-25 [main] INFO  o.s.b.t.c.SpringBootTestContextBootstrapper - Neither @ContextConfiguration nor @ContextHierarchy found for test class [com.cts.portal.ApplicationStartTest], using SpringBootContextLoader
2021-06-06_15-00-25 [main] INFO  o.s.t.c.s.AbstractContextLoader - Could not detect default resource locations for test class [com.cts.portal.ApplicationStartTest]: no resource found for suffixes {-context.xml, Context.groovy}.
2021-06-06_15-00-25 [main] INFO  o.s.t.c.s.AnnotationConfigContextLoaderUtils - Could not detect default configuration classes for test class [com.cts.portal.ApplicationStartTest]: ApplicationStartTest does not declare any static, non-private, non-final, nested classes annotated with @Configuration.
2021-06-06_15-00-25 [main] INFO  o.s.b.t.c.SpringBootTestContextBootstrapper - Found @SpringBootConfiguration com.cts.portal.PortalMicroserviceApplication for test class com.cts.portal.ApplicationStartTest
2021-06-06_15-00-25 [main] INFO  o.s.b.t.c.SpringBootTestContextBootstrapper - Loaded default TestExecutionListener class names from location [META-INF/spring.factories]: [org.springframework.boot.test.mock.mockito.MockitoTestExecutionListener, org.springframework.boot.test.mock.mockito.ResetMocksTestExecutionListener, org.springframework.boot.test.autoconfigure.restdocs.RestDocsTestExecutionListener, org.springframework.boot.test.autoconfigure.web.client.MockRestServiceServerResetTestExecutionListener, org.springframework.boot.test.autoconfigure.web.servlet.MockMvcPrintOnlyOnFailureTestExecutionListener, org.springframework.boot.test.autoconfigure.web.servlet.WebDriverTestExecutionListener, org.springframework.boot.test.autoconfigure.webservices.client.MockWebServiceServerTestExecutionListener, org.springframework.test.context.web.ServletTestExecutionListener, org.springframework.test.context.support.DirtiesContextBeforeModesTestExecutionListener, org.springframework.test.context.event.ApplicationEventsTestExecutionListener, org.springframework.test.context.support.DependencyInjectionTestExecutionListener, org.springframework.test.context.support.DirtiesContextTestExecutionListener, org.springframework.test.context.transaction.TransactionalTestExecutionListener, org.springframework.test.context.jdbc.SqlScriptsTestExecutionListener, org.springframework.test.context.event.EventPublishingTestExecutionListener]
2021-06-06_15-00-25 [main] INFO  o.s.b.t.c.SpringBootTestContextBootstrapper - Using TestExecutionListeners: [org.springframework.test.context.web.ServletTestExecutionListener@6256ac4f, org.springframework.test.context.support.DirtiesContextBeforeModesTestExecutionListener@44c79f32, org.springframework.test.context.event.ApplicationEventsTestExecutionListener@7fcbe147, org.springframework.boot.test.mock.mockito.MockitoTestExecutionListener@235f4c10, org.springframework.boot.test.autoconfigure.SpringBootDependencyInjectionTestExecutionListener@743cb8e0, org.springframework.test.context.support.DirtiesContextTestExecutionListener@c7a975a, org.springframework.test.context.event.EventPublishingTestExecutionListener@2c1b9e4b, org.springframework.boot.test.mock.mockito.ResetMocksTestExecutionListener@757d6814, org.springframework.boot.test.autoconfigure.restdocs.RestDocsTestExecutionListener@649725e3, org.springframework.boot.test.autoconfigure.web.client.MockRestServiceServerResetTestExecutionListener@3c0fae6c, org.springframework.boot.test.autoconfigure.web.servlet.MockMvcPrintOnlyOnFailureTestExecutionListener@4c168660, org.springframework.boot.test.autoconfigure.web.servlet.WebDriverTestExecutionListener@52b56a3e, org.springframework.boot.test.autoconfigure.webservices.client.MockWebServiceServerTestExecutionListener@fd0e5b6]
2021-06-06_15-00-28 [main] INFO  com.cts.portal.ApplicationStartTest - Starting ApplicationStartTest using Java 15.0.2 on DESKTOP-SLDQ587 with PID 27032 (started by Vishesh in C:\Users\Vishesh\eclipse-workspace3\CDE-Project-International-Patients-treatment-management\CDE-Project-International-Patients-treatment-management\Portal-Microservice)
2021-06-06_15-00-28 [main] INFO  com.cts.portal.ApplicationStartTest - No active profile set, falling back to default profiles: default
2021-06-06_15-00-28 [background-preinit] INFO  o.h.validator.internal.util.Version - HV000001: Hibernate Validator 6.1.7.Final
2021-06-06_15-00-28 [main] INFO  o.s.cloud.context.scope.GenericScope - BeanFactory id=50b9c79d-ca92-3801-a0bc-1c4c660a47ce
2021-06-06_15-00-28 [main] INFO  o.s.c.s.PostProcessorRegistrationDelegate$BeanPostProcessorChecker - Bean 'com.cts.portal.feign.AuthorisingClient' of type [org.springframework.cloud.openfeign.FeignClientFactoryBean] is not eligible for getting processed by all BeanPostProcessors (for example: not eligible for auto-proxying)
2021-06-06_15-00-28 [main] INFO  o.s.c.s.PostProcessorRegistrationDelegate$BeanPostProcessorChecker - Bean 'com.cts.portal.feign.IPTreatmentClient' of type [org.springframework.cloud.openfeign.FeignClientFactoryBean] is not eligible for getting processed by all BeanPostProcessors (for example: not eligible for auto-proxying)
2021-06-06_15-00-28 [main] INFO  o.s.c.s.PostProcessorRegistrationDelegate$BeanPostProcessorChecker - Bean 'com.cts.portal.feign.IPTreatmentOfferingClient' of type [org.springframework.cloud.openfeign.FeignClientFactoryBean] is not eligible for getting processed by all BeanPostProcessors (for example: not eligible for auto-proxying)
2021-06-06_15-00-28 [main] INFO  o.s.c.s.PostProcessorRegistrationDelegate$BeanPostProcessorChecker - Bean 'com.cts.portal.feign.InsuranceClaimClient' of type [org.springframework.cloud.openfeign.FeignClientFactoryBean] is not eligible for getting processed by all BeanPostProcessors (for example: not eligible for auto-proxying)
2021-06-06_15-00-28 [main] INFO  s.d.s.w.PropertySourcedRequestMappingHandlerMapping - Mapped URL path [/v2/api-docs] onto method [springfox.documentation.swagger2.web.Swagger2Controller#getDocumentation(String, HttpServletRequest)]
2021-06-06_15-00-28 [main] INFO  o.s.s.c.ThreadPoolTaskExecutor - Initializing ExecutorService 'applicationTaskExecutor'
2021-06-06_15-00-28 [main] INFO  s.d.s.w.p.DocumentationPluginsBootstrapper - Context refreshed
2021-06-06_15-00-28 [main] INFO  s.d.s.w.p.DocumentationPluginsBootstrapper - Found 1 custom documentation plugin(s)
2021-06-06_15-00-28 [main] INFO  s.d.s.w.s.ApiListingReferenceScanner - Scanning for api listing references
2021-06-06_15-00-28 [main] INFO  com.cts.portal.ApplicationStartTest - Started ApplicationStartTest in 10.907 seconds (JVM running for 14.92)
2021-06-06_15-00-39 [main] INFO  c.c.p.PortalMicroserviceApplication - Starting PortalMicroserviceApplication using Java 15.0.2 on DESKTOP-SLDQ587 with PID 27032 (started by Vishesh in C:\Users\Vishesh\eclipse-workspace3\CDE-Project-International-Patients-treatment-management\CDE-Project-International-Patients-treatment-management\Portal-Microservice)
2021-06-06_15-00-39 [main] INFO  c.c.p.PortalMicroserviceApplication - No active profile set, falling back to default profiles: default
2021-06-06_15-00-39 [main] INFO  o.s.cloud.context.scope.GenericScope - BeanFactory id=e1be855c-73f9-3fff-adbe-c6e19da4d38f
2021-06-06_15-00-39 [main] INFO  o.s.c.s.PostProcessorRegistrationDelegate$BeanPostProcessorChecker - Bean 'com.cts.portal.feign.AuthorisingClient' of type [org.springframework.cloud.openfeign.FeignClientFactoryBean] is not eligible for getting processed by all BeanPostProcessors (for example: not eligible for auto-proxying)
2021-06-06_15-00-39 [main] INFO  o.s.c.s.PostProcessorRegistrationDelegate$BeanPostProcessorChecker - Bean 'com.cts.portal.feign.IPTreatmentClient' of type [org.springframework.cloud.openfeign.FeignClientFactoryBean] is not eligible for getting processed by all BeanPostProcessors (for example: not eligible for auto-proxying)
2021-06-06_15-00-39 [main] INFO  o.s.c.s.PostProcessorRegistrationDelegate$BeanPostProcessorChecker - Bean 'com.cts.portal.feign.IPTreatmentOfferingClient' of type [org.springframework.cloud.openfeign.FeignClientFactoryBean] is not eligible for getting processed by all BeanPostProcessors (for example: not eligible for auto-proxying)
2021-06-06_15-00-39 [main] INFO  o.s.c.s.PostProcessorRegistrationDelegate$BeanPostProcessorChecker - Bean 'com.cts.portal.feign.InsuranceClaimClient' of type [org.springframework.cloud.openfeign.FeignClientFactoryBean] is not eligible for getting processed by all BeanPostProcessors (for example: not eligible for auto-proxying)
2021-06-06_15-00-39 [main] INFO  o.s.b.w.e.tomcat.TomcatWebServer - Tomcat initialized with port(s): 8500 (http)
2021-06-06_15-00-39 [main] INFO  o.a.coyote.http11.Http11NioProtocol - Initializing ProtocolHandler ["http-nio-8500"]
2021-06-06_15-00-39 [main] INFO  o.a.catalina.core.StandardService - Starting service [Tomcat]
2021-06-06_15-00-39 [main] INFO  o.a.catalina.core.StandardEngine - Starting Servlet engine: [Apache Tomcat/9.0.41]
2021-06-06_15-00-39 [main] INFO  org.apache.jasper.servlet.TldScanner - At least one JAR was scanned for TLDs yet contained no TLDs. Enable debug logging for this logger for a complete list of JARs that were scanned but no TLDs were found in them. Skipping unneeded JARs during scanning can improve startup time and JSP compilation time.
2021-06-06_15-00-39 [main] INFO  o.a.c.c.C.[Tomcat].[localhost].[/] - Initializing Spring embedded WebApplicationContext
2021-06-06_15-00-39 [main] INFO  o.s.b.w.s.c.ServletWebServerApplicationContext - Root WebApplicationContext: initialization completed in 2474 ms
2021-06-06_15-00-39 [main] INFO  s.d.s.w.PropertySourcedRequestMappingHandlerMapping - Mapped URL path [/v2/api-docs] onto method [springfox.documentation.swagger2.web.Swagger2Controller#getDocumentation(String, HttpServletRequest)]
2021-06-06_15-00-39 [main] INFO  o.s.s.c.ThreadPoolTaskExecutor - Initializing ExecutorService 'applicationTaskExecutor'
2021-06-06_15-00-39 [main] INFO  o.a.coyote.http11.Http11NioProtocol - Starting ProtocolHandler ["http-nio-8500"]
2021-06-06_15-00-39 [main] INFO  o.s.s.c.ThreadPoolTaskExecutor - Shutting down ExecutorService 'applicationTaskExecutor'
2021-06-06_15-00-39 [main] INFO  o.a.coyote.http11.Http11NioProtocol - Pausing ProtocolHandler ["http-nio-8500"]
2021-06-06_15-00-39 [main] INFO  o.a.catalina.core.StandardService - Stopping service [Tomcat]
2021-06-06_15-00-39 [main] INFO  o.a.coyote.http11.Http11NioProtocol - Stopping ProtocolHandler ["http-nio-8500"]
2021-06-06_15-00-39 [main] INFO  o.a.coyote.http11.Http11NioProtocol - Destroying ProtocolHandler ["http-nio-8500"]
2021-06-06_15-00-39 [main] INFO  o.s.b.a.l.ConditionEvaluationReportLoggingListener - 

Error starting ApplicationContext. To display the conditions report re-run your application with 'debug' enabled.
2021-06-06_15-00-39 [main] INFO  o.s.b.t.c.SpringBootTestContextBootstrapper - Neither @ContextConfiguration nor @ContextHierarchy found for test class [com.cts.portal.PortalMicroserviceApplicationTests], using SpringBootContextLoader
2021-06-06_15-00-39 [main] INFO  o.s.t.c.s.AbstractContextLoader - Could not detect default resource locations for test class [com.cts.portal.PortalMicroserviceApplicationTests]: no resource found for suffixes {-context.xml, Context.groovy}.
2021-06-06_15-00-39 [main] INFO  o.s.t.c.s.AnnotationConfigContextLoaderUtils - Could not detect default configuration classes for test class [com.cts.portal.PortalMicroserviceApplicationTests]: PortalMicroserviceApplicationTests does not declare any static, non-private, non-final, nested classes annotated with @Configuration.
2021-06-06_15-00-39 [main] INFO  o.s.b.t.c.SpringBootTestContextBootstrapper - Found @SpringBootConfiguration com.cts.portal.PortalMicroserviceApplication for test class com.cts.portal.PortalMicroserviceApplicationTests
2021-06-06_15-00-39 [main] INFO  o.s.b.t.c.SpringBootTestContextBootstrapper - Loaded default TestExecutionListener class names from location [META-INF/spring.factories]: [org.springframework.boot.test.mock.mockito.MockitoTestExecutionListener, org.springframework.boot.test.mock.mockito.ResetMocksTestExecutionListener, org.springframework.boot.test.autoconfigure.restdocs.RestDocsTestExecutionListener, org.springframework.boot.test.autoconfigure.web.client.MockRestServiceServerResetTestExecutionListener, org.springframework.boot.test.autoconfigure.web.servlet.MockMvcPrintOnlyOnFailureTestExecutionListener, org.springframework.boot.test.autoconfigure.web.servlet.WebDriverTestExecutionListener, org.springframework.boot.test.autoconfigure.webservices.client.MockWebServiceServerTestExecutionListener, org.springframework.test.context.web.ServletTestExecutionListener, org.springframework.test.context.support.DirtiesContextBeforeModesTestExecutionListener, org.springframework.test.context.event.ApplicationEventsTestExecutionListener, org.springframework.test.context.support.DependencyInjectionTestExecutionListener, org.springframework.test.context.support.DirtiesContextTestExecutionListener, org.springframework.test.context.transaction.TransactionalTestExecutionListener, org.springframework.test.context.jdbc.SqlScriptsTestExecutionListener, org.springframework.test.context.event.EventPublishingTestExecutionListener]
2021-06-06_15-00-39 [main] INFO  o.s.b.t.c.SpringBootTestContextBootstrapper - Using TestExecutionListeners: [org.springframework.test.context.web.ServletTestExecutionListener@4d73d3d1, org.springframework.test.context.support.DirtiesContextBeforeModesTestExecutionListener@eef6e, org.springframework.test.context.event.ApplicationEventsTestExecutionListener@56b66cc6, org.springframework.boot.test.mock.mockito.MockitoTestExecutionListener@6f076c53, org.springframework.boot.test.autoconfigure.SpringBootDependencyInjectionTestExecutionListener@3c39c739, org.springframework.test.context.support.DirtiesContextTestExecutionListener@4b3b2a4f, org.springframework.test.context.event.EventPublishingTestExecutionListener@2e8eafb2, org.springframework.boot.test.mock.mockito.ResetMocksTestExecutionListener@7a3f3bc4, org.springframework.boot.test.autoconfigure.restdocs.RestDocsTestExecutionListener@8cd2bb5, org.springframework.boot.test.autoconfigure.web.client.MockRestServiceServerResetTestExecutionListener@1a3611b1, org.springframework.boot.test.autoconfigure.web.servlet.MockMvcPrintOnlyOnFailureTestExecutionListener@419ece7a, org.springframework.boot.test.autoconfigure.web.servlet.WebDriverTestExecutionListener@427c2c96, org.springframework.boot.test.autoconfigure.webservices.client.MockWebServiceServerTestExecutionListener@238d27ef]
2021-06-06_15-00-39 [SpringContextShutdownHook] INFO  o.s.s.c.ThreadPoolTaskExecutor - Shutting down ExecutorService 'applicationTaskExecutor'
2021-06-06_15-00-19 [RMI TCP Connection(16)-127.0.0.1] INFO  o.s.b.a.SpringApplicationAdminMXBeanRegistrar$SpringApplicationAdmin - Application shutdown requested.
2021-06-06_15-00-19 [RMI TCP Connection(16)-127.0.0.1] INFO  o.s.s.c.ThreadPoolTaskExecutor - Shutting down ExecutorService 'applicationTaskExecutor'
