2021-06-10_09-11-47 [http-nio-8500-exec-2] ERROR c.c.p.e.GlobalExceptionHandler - handles by handleFeignStatusException
2021-06-10_09-11-47 [http-nio-8500-exec-2] ERROR c.c.p.e.GlobalExceptionHandler - [403] during [GET] to [http://localhost:8100/ipTreatmentOffering/specialists] [IPTreatmentOfferingClient#getAllSpecialist(String)]: [{"timeStamp":"10-06-2021 09:51:01","status":"FORBIDDEN","message":"Not allowed"}]
2021-06-10_10-08-02 [restartedMain] ERROR o.s.boot.SpringApplication - Application run failed
org.springframework.beans.factory.BeanCreationException: Error creating bean with name 'ipTreatmentOfferingController' defined in file [C:\Users\Parthik\Desktop\Cogzinant details\Project\CDE-Project-International-Patients-treatment-management\Portal-Microservice\target\classes\com\cts\portal\controller\IpTreatmentOfferingController.class]: Instantiation of bean failed; nested exception is org.springframework.beans.BeanInstantiationException: Failed to instantiate [com.cts.portal.controller.IpTreatmentOfferingController]: Constructor threw exception; nested exception is java.lang.Error: Unresolved compilation problems: 
	IPTreatmentOfferingClient cannot be resolved to a type
	IPTreatmentOfferingClient cannot be resolved to a type
	IPTreatmentOfferingClient cannot be resolved to a type
	IPTreatmentOfferingClient cannot be resolved to a type
	IPTreatmentOfferingClient cannot be resolved to a type
	IPTreatmentOfferingClient cannot be resolved to a type
	IPTreatmentOfferingClient cannot be resolved to a type
	IPTreatmentOfferingClient cannot be resolved to a type
	IPTreatmentOfferingClient cannot be resolved to a type
	IPTreatmentOfferingClient cannot be resolved to a type
	IPTreatmentOfferingClient cannot be resolved to a type

	at org.springframework.beans.factory.support.AbstractAutowireCapableBeanFactory.instantiateBean(AbstractAutowireCapableBeanFactory.java:1318)
	at org.springframework.beans.factory.support.AbstractAutowireCapableBeanFactory.createBeanInstance(AbstractAutowireCapableBeanFactory.java:1216)
	at org.springframework.beans.factory.support.AbstractAutowireCapableBeanFactory.doCreateBean(AbstractAutowireCapableBeanFactory.java:571)
	at org.springframework.beans.factory.support.AbstractAutowireCapableBeanFactory.createBean(AbstractAutowireCapableBeanFactory.java:531)
	at org.springframework.beans.factory.support.AbstractBeanFactory.lambda$doGetBean$0(AbstractBeanFactory.java:335)
	at org.springframework.beans.factory.support.DefaultSingletonBeanRegistry.getSingleton(DefaultSingletonBeanRegistry.java:234)
	at org.springframework.beans.factory.support.AbstractBeanFactory.doGetBean(AbstractBeanFactory.java:333)
	at org.springframework.beans.factory.support.AbstractBeanFactory.getBean(AbstractBeanFactory.java:208)
	at org.springframework.beans.factory.support.DefaultListableBeanFactory.preInstantiateSingletons(DefaultListableBeanFactory.java:944)
	at org.springframework.context.support.AbstractApplicationContext.finishBeanFactoryInitialization(AbstractApplicationContext.java:923)
	at org.springframework.context.support.AbstractApplicationContext.refresh(AbstractApplicationContext.java:588)
	at org.springframework.boot.web.servlet.context.ServletWebServerApplicationContext.refresh(ServletWebServerApplicationContext.java:144)
	at org.springframework.boot.SpringApplication.refresh(SpringApplication.java:767)
	at org.springframework.boot.SpringApplication.refresh(SpringApplication.java:759)
	at org.springframework.boot.SpringApplication.refreshContext(SpringApplication.java:426)
	at org.springframework.boot.SpringApplication.run(SpringApplication.java:326)
	at org.springframework.boot.SpringApplication.run(SpringApplication.java:1311)
	at org.springframework.boot.SpringApplication.run(SpringApplication.java:1300)
	at com.cts.portal.PortalMicroserviceApplication.main(PortalMicroserviceApplication.java:12)
	at sun.reflect.NativeMethodAccessorImpl.invoke0(Native Method)
	at sun.reflect.NativeMethodAccessorImpl.invoke(NativeMethodAccessorImpl.java:62)
	at sun.reflect.DelegatingMethodAccessorImpl.invoke(DelegatingMethodAccessorImpl.java:43)
	at java.lang.reflect.Method.invoke(Method.java:498)
	at org.springframework.boot.devtools.restart.RestartLauncher.run(RestartLauncher.java:49)
Caused by: org.springframework.beans.BeanInstantiationException: Failed to instantiate [com.cts.portal.controller.IpTreatmentOfferingController]: Constructor threw exception; nested exception is java.lang.Error: Unresolved compilation problems: 
	IPTreatmentOfferingClient cannot be resolved to a type
	IPTreatmentOfferingClient cannot be resolved to a type
	IPTreatmentOfferingClient cannot be resolved to a type
	IPTreatmentOfferingClient cannot be resolved to a type
	IPTreatmentOfferingClient cannot be resolved to a type
	IPTreatmentOfferingClient cannot be resolved to a type
	IPTreatmentOfferingClient cannot be resolved to a type
	IPTreatmentOfferingClient cannot be resolved to a type
	IPTreatmentOfferingClient cannot be resolved to a type
	IPTreatmentOfferingClient cannot be resolved to a type
	IPTreatmentOfferingClient cannot be resolved to a type

	at org.springframework.beans.BeanUtils.instantiateClass(BeanUtils.java:225)
	at org.springframework.beans.factory.support.SimpleInstantiationStrategy.instantiate(SimpleInstantiationStrategy.java:87)
	at org.springframework.beans.factory.support.AbstractAutowireCapableBeanFactory.instantiateBean(AbstractAutowireCapableBeanFactory.java:1310)
	... 23 common frames omitted
Caused by: java.lang.Error: Unresolved compilation problems: 
	IPTreatmentOfferingClient cannot be resolved to a type
	IPTreatmentOfferingClient cannot be resolved to a type
	IPTreatmentOfferingClient cannot be resolved to a type
	IPTreatmentOfferingClient cannot be resolved to a type
	IPTreatmentOfferingClient cannot be resolved to a type
	IPTreatmentOfferingClient cannot be resolved to a type
	IPTreatmentOfferingClient cannot be resolved to a type
	IPTreatmentOfferingClient cannot be resolved to a type
	IPTreatmentOfferingClient cannot be resolved to a type
	IPTreatmentOfferingClient cannot be resolved to a type
	IPTreatmentOfferingClient cannot be resolved to a type

	at com.cts.portal.controller.IpTreatmentOfferingController.<init>(IpTreatmentOfferingController.java:41)
	at sun.reflect.NativeConstructorAccessorImpl.newInstance0(Native Method)
	at sun.reflect.NativeConstructorAccessorImpl.newInstance(NativeConstructorAccessorImpl.java:62)
	at sun.reflect.DelegatingConstructorAccessorImpl.newInstance(DelegatingConstructorAccessorImpl.java:45)
	at java.lang.reflect.Constructor.newInstance(Constructor.java:423)
	at org.springframework.beans.BeanUtils.instantiateClass(BeanUtils.java:212)
	... 25 common frames omitted
