2021-06-05_14-21-40 [restartedMain] INFO  c.c.a.AuthorizatiionMicroserviceApplication - Starting AuthorizatiionMicroserviceApplication using Java 1.8.0_191 on DESKTOP-O8QRH3N with PID 17348 (C:\Users\Parthik\Desktop\Cogzinant details\Project\CDE-Project-International-Patients-treatment-management\Authorizatiion-Microservice\target\classes started by Parthik in C:\Users\Parthik\Desktop\Cogzinant details\Project\CDE-Project-International-Patients-treatment-management\Authorizatiion-Microservice)
2021-06-05_14-21-40 [restartedMain] INFO  c.c.a.AuthorizatiionMicroserviceApplication - No active profile set, falling back to default profiles: default
2021-06-05_14-21-40 [restartedMain] INFO  o.s.b.d.e.DevToolsPropertyDefaultsPostProcessor - Devtools property defaults active! Set 'spring.devtools.add-properties' to 'false' to disable
2021-06-05_14-21-40 [restartedMain] INFO  o.s.b.d.e.DevToolsPropertyDefaultsPostProcessor - For additional web related logging consider setting the 'logging.level.web' property to 'DEBUG'
2021-06-05_14-21-40 [restartedMain] INFO  o.s.d.r.c.RepositoryConfigurationDelegate - Bootstrapping Spring Data JPA repositories in DEFAULT mode.
2021-06-05_14-21-40 [restartedMain] INFO  o.s.d.r.c.RepositoryConfigurationDelegate - Finished Spring Data repository scanning in 83 ms. Found 1 JPA repository interfaces.
2021-06-05_14-21-40 [restartedMain] INFO  o.s.cloud.context.scope.GenericScope - BeanFactory id=edea1387-1a2d-33de-8525-4ed44fa6e3e5
2021-06-05_14-21-40 [restartedMain] INFO  o.s.b.w.e.tomcat.TomcatWebServer - Tomcat initialized with port(s): 8400 (http)
2021-06-05_14-21-40 [restartedMain] INFO  o.a.coyote.http11.Http11NioProtocol - Initializing ProtocolHandler ["http-nio-8400"]
2021-06-05_14-21-40 [restartedMain] INFO  o.a.catalina.core.StandardService - Starting service [Tomcat]
2021-06-05_14-21-40 [restartedMain] INFO  o.a.catalina.core.StandardEngine - Starting Servlet engine: [Apache Tomcat/9.0.41]
2021-06-05_14-21-40 [restartedMain] INFO  o.a.c.c.C.[.[localhost].[/auth] - Initializing Spring embedded WebApplicationContext
2021-06-05_14-21-40 [restartedMain] INFO  o.s.b.w.s.c.ServletWebServerApplicationContext - Root WebApplicationContext: initialization completed in 4103 ms
2021-06-05_14-21-40 [restartedMain] INFO  com.zaxxer.hikari.HikariDataSource - HikariPool-1 - Starting...
2021-06-05_14-21-40 [restartedMain] INFO  com.zaxxer.hikari.HikariDataSource - HikariPool-1 - Start completed.
2021-06-05_14-21-40 [restartedMain] INFO  o.s.b.a.h.H2ConsoleAutoConfiguration - H2 console available at '/db'. Database available at 'jdbc:h2:mem:testdb'
2021-06-05_14-21-40 [restartedMain] INFO  o.h.jpa.internal.util.LogHelper - HHH000204: Processing PersistenceUnitInfo [name: default]
2021-06-05_14-21-40 [restartedMain] INFO  org.hibernate.Version - HHH000412: Hibernate ORM core version 5.4.27.Final
2021-06-05_14-21-40 [restartedMain] INFO  o.h.annotations.common.Version - HCANN000001: Hibernate Commons Annotations {5.1.2.Final}
2021-06-05_14-21-40 [restartedMain] INFO  org.hibernate.dialect.Dialect - HHH000400: Using dialect: org.hibernate.dialect.H2Dialect
2021-06-05_14-21-40 [restartedMain] INFO  o.h.e.t.j.p.i.JtaPlatformInitiator - HHH000490: Using JtaPlatform implementation: [org.hibernate.engine.transaction.jta.platform.internal.NoJtaPlatform]
2021-06-05_14-21-40 [restartedMain] INFO  o.s.o.j.LocalContainerEntityManagerFactoryBean - Initialized JPA EntityManagerFactory for persistence unit 'default'
2021-06-05_14-21-40 [restartedMain] INFO  s.d.s.w.PropertySourcedRequestMappingHandlerMapping - Mapped URL path [/v2/api-docs] onto method [springfox.documentation.swagger2.web.Swagger2Controller#getDocumentation(String, HttpServletRequest)]
2021-06-05_14-21-40 [restartedMain] INFO  o.s.s.web.DefaultSecurityFilterChain - Will secure any request with [org.springframework.security.web.context.request.async.WebAsyncManagerIntegrationFilter@2c435072, org.springframework.security.web.context.SecurityContextPersistenceFilter@3729c676, org.springframework.security.web.header.HeaderWriterFilter@32106d41, org.springframework.security.web.authentication.logout.LogoutFilter@700b9679, com.cts.authorization.config.JwtRequestFilter@13e19038, org.springframework.security.web.savedrequest.RequestCacheAwareFilter@6578172d, org.springframework.security.web.servletapi.SecurityContextHolderAwareRequestFilter@7dc77adb, org.springframework.security.web.authentication.AnonymousAuthenticationFilter@6b0b9326, org.springframework.security.web.session.SessionManagementFilter@1ceddb4c, org.springframework.security.web.access.ExceptionTranslationFilter@42ec9c57, org.springframework.security.web.access.intercept.FilterSecurityInterceptor@54f11c79]
2021-06-05_14-21-40 [restartedMain] INFO  o.s.s.c.ThreadPoolTaskExecutor - Initializing ExecutorService 'applicationTaskExecutor'
2021-06-05_14-21-40 [restartedMain] INFO  o.s.cloud.commons.util.InetUtils - Cannot determine local hostname
2021-06-05_14-21-40 [restartedMain] INFO  o.a.coyote.http11.Http11NioProtocol - Starting ProtocolHandler ["http-nio-8400"]
2021-06-05_14-21-40 [restartedMain] INFO  o.s.b.w.e.tomcat.TomcatWebServer - Tomcat started on port(s): 8400 (http) with context path '/auth'
2021-06-05_14-21-40 [restartedMain] INFO  o.s.cloud.commons.util.InetUtils - Cannot determine local hostname
2021-06-05_14-21-40 [restartedMain] INFO  s.d.s.w.p.DocumentationPluginsBootstrapper - Context refreshed
2021-06-05_14-21-40 [restartedMain] INFO  s.d.s.w.p.DocumentationPluginsBootstrapper - Found 1 custom documentation plugin(s)
2021-06-05_14-21-40 [restartedMain] INFO  s.d.s.w.s.ApiListingReferenceScanner - Scanning for api listing references
2021-06-05_14-21-40 [restartedMain] INFO  c.c.a.AuthorizatiionMicroserviceApplication - Started AuthorizatiionMicroserviceApplication in 18.803 seconds (JVM running for 20.612)
2021-06-05_14-21-40 [http-nio-8400-exec-1] INFO  o.a.c.c.C.[.[localhost].[/auth] - Initializing Spring DispatcherServlet 'dispatcherServlet'
2021-06-05_14-21-40 [http-nio-8400-exec-1] INFO  o.s.web.servlet.DispatcherServlet - Initializing Servlet 'dispatcherServlet'
2021-06-05_14-21-40 [http-nio-8400-exec-1] INFO  o.s.web.servlet.DispatcherServlet - Completed initialization in 3 ms
2021-06-05_14-21-40 [Thread-3] INFO  o.s.s.c.ThreadPoolTaskExecutor - Shutting down ExecutorService 'applicationTaskExecutor'
2021-06-05_14-21-40 [Thread-3] INFO  o.s.o.j.LocalContainerEntityManagerFactoryBean - Closing JPA EntityManagerFactory for persistence unit 'default'
2021-06-05_14-21-40 [Thread-3] INFO  o.h.t.s.i.SchemaDropperImpl$DelayedDropActionImpl - HHH000477: Starting delayed evictData of schema as part of SessionFactory shut-down'
2021-06-05_14-21-40 [Thread-3] INFO  com.zaxxer.hikari.HikariDataSource - HikariPool-1 - Shutdown initiated...
2021-06-05_14-21-40 [Thread-3] INFO  com.zaxxer.hikari.HikariDataSource - HikariPool-1 - Shutdown completed.
2021-06-05_14-33-48 [restartedMain] INFO  c.c.a.AuthorizatiionMicroserviceApplication - Starting AuthorizatiionMicroserviceApplication using Java 1.8.0_191 on DESKTOP-O8QRH3N with PID 17348 (C:\Users\Parthik\Desktop\Cogzinant details\Project\CDE-Project-International-Patients-treatment-management\Authorizatiion-Microservice\target\classes started by Parthik in C:\Users\Parthik\Desktop\Cogzinant details\Project\CDE-Project-International-Patients-treatment-management\Authorizatiion-Microservice)
2021-06-05_14-33-48 [restartedMain] INFO  c.c.a.AuthorizatiionMicroserviceApplication - No active profile set, falling back to default profiles: default
2021-06-05_14-33-48 [restartedMain] INFO  o.s.d.r.c.RepositoryConfigurationDelegate - Bootstrapping Spring Data JPA repositories in DEFAULT mode.
2021-06-05_14-33-48 [restartedMain] INFO  o.s.d.r.c.RepositoryConfigurationDelegate - Finished Spring Data repository scanning in 28 ms. Found 1 JPA repository interfaces.
2021-06-05_14-33-48 [restartedMain] INFO  o.s.cloud.context.scope.GenericScope - BeanFactory id=edea1387-1a2d-33de-8525-4ed44fa6e3e5
2021-06-05_14-33-48 [restartedMain] INFO  o.s.b.w.e.tomcat.TomcatWebServer - Tomcat initialized with port(s): 8400 (http)
2021-06-05_14-33-48 [restartedMain] INFO  o.a.coyote.http11.Http11NioProtocol - Initializing ProtocolHandler ["http-nio-8400"]
2021-06-05_14-33-48 [restartedMain] INFO  o.a.catalina.core.StandardService - Starting service [Tomcat]
2021-06-05_14-33-48 [restartedMain] INFO  o.a.catalina.core.StandardEngine - Starting Servlet engine: [Apache Tomcat/9.0.41]
2021-06-05_14-33-48 [restartedMain] INFO  o.a.c.c.C.[.[localhost].[/auth] - Initializing Spring embedded WebApplicationContext
2021-06-05_14-33-48 [restartedMain] INFO  o.s.b.w.s.c.ServletWebServerApplicationContext - Root WebApplicationContext: initialization completed in 3407 ms
2021-06-05_14-33-48 [restartedMain] INFO  com.zaxxer.hikari.HikariDataSource - HikariPool-2 - Starting...
2021-06-05_14-33-48 [restartedMain] INFO  com.zaxxer.hikari.HikariDataSource - HikariPool-2 - Start completed.
2021-06-05_14-33-48 [restartedMain] INFO  o.s.b.a.h.H2ConsoleAutoConfiguration - H2 console available at '/db'. Database available at 'jdbc:h2:mem:testdb'
2021-06-05_14-33-48 [restartedMain] INFO  o.h.jpa.internal.util.LogHelper - HHH000204: Processing PersistenceUnitInfo [name: default]
2021-06-05_14-33-48 [restartedMain] INFO  org.hibernate.dialect.Dialect - HHH000400: Using dialect: org.hibernate.dialect.H2Dialect
2021-06-05_14-33-48 [restartedMain] INFO  o.h.e.t.j.p.i.JtaPlatformInitiator - HHH000490: Using JtaPlatform implementation: [org.hibernate.engine.transaction.jta.platform.internal.NoJtaPlatform]
2021-06-05_14-33-48 [restartedMain] INFO  o.s.o.j.LocalContainerEntityManagerFactoryBean - Initialized JPA EntityManagerFactory for persistence unit 'default'
2021-06-05_14-33-48 [restartedMain] INFO  s.d.s.w.PropertySourcedRequestMappingHandlerMapping - Mapped URL path [/v2/api-docs] onto method [springfox.documentation.swagger2.web.Swagger2Controller#getDocumentation(String, HttpServletRequest)]
2021-06-05_14-33-48 [restartedMain] INFO  o.s.s.web.DefaultSecurityFilterChain - Will secure any request with [org.springframework.security.web.context.request.async.WebAsyncManagerIntegrationFilter@3019ba92, org.springframework.security.web.context.SecurityContextPersistenceFilter@1a33670e, org.springframework.security.web.header.HeaderWriterFilter@200a18c1, org.springframework.security.web.authentication.logout.LogoutFilter@22090e47, com.cts.authorization.config.JwtRequestFilter@54d04445, org.springframework.security.web.savedrequest.RequestCacheAwareFilter@77825a96, org.springframework.security.web.servletapi.SecurityContextHolderAwareRequestFilter@7be88b7, org.springframework.security.web.authentication.AnonymousAuthenticationFilter@4f100a3a, org.springframework.security.web.session.SessionManagementFilter@3262df79, org.springframework.security.web.access.ExceptionTranslationFilter@5cd023c, org.springframework.security.web.access.intercept.FilterSecurityInterceptor@65fb160]
2021-06-05_14-33-48 [restartedMain] INFO  o.s.s.c.ThreadPoolTaskExecutor - Initializing ExecutorService 'applicationTaskExecutor'
2021-06-05_14-33-48 [restartedMain] INFO  o.s.cloud.commons.util.InetUtils - Cannot determine local hostname
2021-06-05_14-33-48 [restartedMain] INFO  o.a.coyote.http11.Http11NioProtocol - Starting ProtocolHandler ["http-nio-8400"]
2021-06-05_14-33-48 [restartedMain] INFO  o.s.b.w.e.tomcat.TomcatWebServer - Tomcat started on port(s): 8400 (http) with context path '/auth'
2021-06-05_14-33-48 [restartedMain] INFO  o.s.cloud.commons.util.InetUtils - Cannot determine local hostname
2021-06-05_14-33-48 [restartedMain] INFO  s.d.s.w.p.DocumentationPluginsBootstrapper - Context refreshed
2021-06-05_14-33-48 [restartedMain] INFO  s.d.s.w.p.DocumentationPluginsBootstrapper - Found 1 custom documentation plugin(s)
2021-06-05_14-33-48 [restartedMain] INFO  s.d.s.w.s.ApiListingReferenceScanner - Scanning for api listing references
2021-06-05_14-33-48 [restartedMain] INFO  c.c.a.AuthorizatiionMicroserviceApplication - Started AuthorizatiionMicroserviceApplication in 9.41 seconds (JVM running for 739.826)
2021-06-05_14-33-48 [restartedMain] INFO  o.s.b.d.a.ConditionEvaluationDeltaLoggingListener - Condition evaluation unchanged
2021-06-05_14-33-48 [RMI TCP Connection(27)-127.0.0.1] INFO  o.s.b.a.SpringApplicationAdminMXBeanRegistrar$SpringApplicationAdmin - Application shutdown requested.
2021-06-05_14-33-48 [RMI TCP Connection(27)-127.0.0.1] INFO  o.s.s.c.ThreadPoolTaskExecutor - Shutting down ExecutorService 'applicationTaskExecutor'
2021-06-05_14-33-48 [RMI TCP Connection(27)-127.0.0.1] INFO  o.s.o.j.LocalContainerEntityManagerFactoryBean - Closing JPA EntityManagerFactory for persistence unit 'default'
2021-06-05_14-33-48 [RMI TCP Connection(27)-127.0.0.1] INFO  o.h.t.s.i.SchemaDropperImpl$DelayedDropActionImpl - HHH000477: Starting delayed evictData of schema as part of SessionFactory shut-down'
2021-06-05_14-33-48 [RMI TCP Connection(27)-127.0.0.1] INFO  com.zaxxer.hikari.HikariDataSource - HikariPool-2 - Shutdown initiated...
2021-06-05_14-33-48 [RMI TCP Connection(27)-127.0.0.1] INFO  com.zaxxer.hikari.HikariDataSource - HikariPool-2 - Shutdown completed.
2021-06-05_14-44-39 [restartedMain] INFO  c.c.a.AuthorizatiionMicroserviceApplication - Starting AuthorizatiionMicroserviceApplication using Java 1.8.0_191 on DESKTOP-O8QRH3N with PID 13748 (C:\Users\Parthik\Desktop\Cogzinant details\Project\CDE-Project-International-Patients-treatment-management\Authorizatiion-Microservice\target\classes started by Parthik in C:\Users\Parthik\Desktop\Cogzinant details\Project\CDE-Project-International-Patients-treatment-management\Authorizatiion-Microservice)
2021-06-05_14-44-39 [restartedMain] INFO  c.c.a.AuthorizatiionMicroserviceApplication - No active profile set, falling back to default profiles: default
2021-06-05_14-44-39 [restartedMain] INFO  o.s.b.d.e.DevToolsPropertyDefaultsPostProcessor - Devtools property defaults active! Set 'spring.devtools.add-properties' to 'false' to disable
2021-06-05_14-44-39 [restartedMain] INFO  o.s.b.d.e.DevToolsPropertyDefaultsPostProcessor - For additional web related logging consider setting the 'logging.level.web' property to 'DEBUG'
2021-06-05_14-44-39 [restartedMain] INFO  o.s.d.r.c.RepositoryConfigurationDelegate - Bootstrapping Spring Data JPA repositories in DEFAULT mode.
2021-06-05_14-44-39 [restartedMain] INFO  o.s.d.r.c.RepositoryConfigurationDelegate - Finished Spring Data repository scanning in 166 ms. Found 1 JPA repository interfaces.
2021-06-05_14-44-39 [restartedMain] INFO  o.s.cloud.context.scope.GenericScope - BeanFactory id=edea1387-1a2d-33de-8525-4ed44fa6e3e5
2021-06-05_14-44-39 [restartedMain] INFO  o.s.b.w.e.tomcat.TomcatWebServer - Tomcat initialized with port(s): 8400 (http)
2021-06-05_14-44-39 [restartedMain] INFO  o.a.coyote.http11.Http11NioProtocol - Initializing ProtocolHandler ["http-nio-8400"]
2021-06-05_14-44-39 [restartedMain] INFO  o.a.catalina.core.StandardService - Starting service [Tomcat]
2021-06-05_14-44-39 [restartedMain] INFO  o.a.catalina.core.StandardEngine - Starting Servlet engine: [Apache Tomcat/9.0.41]
2021-06-05_14-44-39 [restartedMain] INFO  o.a.c.c.C.[.[localhost].[/auth] - Initializing Spring embedded WebApplicationContext
2021-06-05_14-44-39 [restartedMain] INFO  o.s.b.w.s.c.ServletWebServerApplicationContext - Root WebApplicationContext: initialization completed in 4756 ms
2021-06-05_14-44-39 [restartedMain] INFO  com.zaxxer.hikari.HikariDataSource - HikariPool-1 - Starting...
2021-06-05_14-44-39 [restartedMain] INFO  com.zaxxer.hikari.HikariDataSource - HikariPool-1 - Start completed.
2021-06-05_14-44-39 [restartedMain] INFO  o.s.b.a.h.H2ConsoleAutoConfiguration - H2 console available at '/db'. Database available at 'jdbc:h2:mem:testdb'
2021-06-05_14-44-39 [restartedMain] INFO  o.h.jpa.internal.util.LogHelper - HHH000204: Processing PersistenceUnitInfo [name: default]
2021-06-05_14-44-39 [restartedMain] INFO  org.hibernate.Version - HHH000412: Hibernate ORM core version 5.4.27.Final
2021-06-05_14-44-39 [restartedMain] INFO  o.h.annotations.common.Version - HCANN000001: Hibernate Commons Annotations {5.1.2.Final}
2021-06-05_14-44-39 [restartedMain] INFO  org.hibernate.dialect.Dialect - HHH000400: Using dialect: org.hibernate.dialect.H2Dialect
2021-06-05_14-44-39 [restartedMain] INFO  o.h.e.t.j.p.i.JtaPlatformInitiator - HHH000490: Using JtaPlatform implementation: [org.hibernate.engine.transaction.jta.platform.internal.NoJtaPlatform]
2021-06-05_14-44-39 [restartedMain] INFO  o.s.o.j.LocalContainerEntityManagerFactoryBean - Initialized JPA EntityManagerFactory for persistence unit 'default'
2021-06-05_14-44-39 [restartedMain] INFO  o.s.b.d.a.OptionalLiveReloadServer - LiveReload server is running on port 35729
2021-06-05_14-44-39 [restartedMain] INFO  s.d.s.w.PropertySourcedRequestMappingHandlerMapping - Mapped URL path [/v2/api-docs] onto method [springfox.documentation.swagger2.web.Swagger2Controller#getDocumentation(String, HttpServletRequest)]
2021-06-05_14-44-39 [restartedMain] INFO  o.s.s.web.DefaultSecurityFilterChain - Will secure any request with [org.springframework.security.web.context.request.async.WebAsyncManagerIntegrationFilter@6bbc7af8, org.springframework.security.web.context.SecurityContextPersistenceFilter@570d7bda, org.springframework.security.web.header.HeaderWriterFilter@6087818e, org.springframework.security.web.authentication.logout.LogoutFilter@2a26bb84, com.cts.authorization.config.JwtRequestFilter@5b60e1a8, org.springframework.security.web.savedrequest.RequestCacheAwareFilter@302cefef, org.springframework.security.web.servletapi.SecurityContextHolderAwareRequestFilter@2325426c, org.springframework.security.web.authentication.AnonymousAuthenticationFilter@233d61d9, org.springframework.security.web.session.SessionManagementFilter@1ade2adf, org.springframework.security.web.access.ExceptionTranslationFilter@5e38ff4a, org.springframework.security.web.access.intercept.FilterSecurityInterceptor@61ae6bb3]
2021-06-05_14-44-39 [restartedMain] INFO  o.s.s.c.ThreadPoolTaskExecutor - Initializing ExecutorService 'applicationTaskExecutor'
2021-06-05_14-44-39 [restartedMain] INFO  o.s.cloud.commons.util.InetUtils - Cannot determine local hostname
2021-06-05_14-44-39 [restartedMain] INFO  o.a.coyote.http11.Http11NioProtocol - Starting ProtocolHandler ["http-nio-8400"]
2021-06-05_14-44-39 [restartedMain] INFO  o.s.b.w.e.tomcat.TomcatWebServer - Tomcat started on port(s): 8400 (http) with context path '/auth'
2021-06-05_14-44-39 [restartedMain] INFO  o.s.cloud.commons.util.InetUtils - Cannot determine local hostname
2021-06-05_14-44-39 [restartedMain] INFO  s.d.s.w.p.DocumentationPluginsBootstrapper - Context refreshed
2021-06-05_14-44-39 [restartedMain] INFO  s.d.s.w.p.DocumentationPluginsBootstrapper - Found 1 custom documentation plugin(s)
2021-06-05_14-44-39 [restartedMain] INFO  s.d.s.w.s.ApiListingReferenceScanner - Scanning for api listing references
2021-06-05_14-44-39 [restartedMain] INFO  c.c.a.AuthorizatiionMicroserviceApplication - Started AuthorizatiionMicroserviceApplication in 23.272 seconds (JVM running for 25.593)
2021-06-05_14-44-39 [http-nio-8400-exec-2] INFO  o.a.c.c.C.[.[localhost].[/auth] - Initializing Spring DispatcherServlet 'dispatcherServlet'
2021-06-05_14-44-39 [http-nio-8400-exec-2] INFO  o.s.web.servlet.DispatcherServlet - Initializing Servlet 'dispatcherServlet'
2021-06-05_14-44-39 [http-nio-8400-exec-2] INFO  o.s.web.servlet.DispatcherServlet - Completed initialization in 5 ms
2021-06-05_14-44-39 [http-nio-8400-exec-10] INFO  c.c.a.service.JwtUserDetailsService - User found
2021-06-05_14-44-39 [http-nio-8400-exec-10] INFO  c.c.a.service.JwtUserDetailsService - user successfully located
2021-06-05_14-44-39 [http-nio-8400-exec-10] INFO  c.c.a.service.JwtUserDetailsService - User found
2021-06-05_14-44-39 [http-nio-8400-exec-10] INFO  c.c.a.service.JwtUserDetailsService - user successfully located
2021-06-05_14-44-39 [http-nio-8400-exec-1] INFO  c.c.a.service.JwtUserDetailsService - User found
2021-06-05_14-44-39 [http-nio-8400-exec-1] INFO  c.c.a.service.JwtUserDetailsService - user successfully located
2021-06-05_14-44-39 [http-nio-8400-exec-2] INFO  c.c.a.service.JwtUserDetailsService - User found
2021-06-05_14-44-39 [http-nio-8400-exec-2] INFO  c.c.a.service.JwtUserDetailsService - user successfully located
2021-06-05_14-44-39 [RMI TCP Connection(206)-127.0.0.1] INFO  o.s.b.a.SpringApplicationAdminMXBeanRegistrar$SpringApplicationAdmin - Application shutdown requested.
2021-06-05_14-44-39 [RMI TCP Connection(206)-127.0.0.1] INFO  o.s.s.c.ThreadPoolTaskExecutor - Shutting down ExecutorService 'applicationTaskExecutor'
2021-06-05_14-44-39 [RMI TCP Connection(206)-127.0.0.1] INFO  o.s.o.j.LocalContainerEntityManagerFactoryBean - Closing JPA EntityManagerFactory for persistence unit 'default'
2021-06-05_14-44-39 [RMI TCP Connection(206)-127.0.0.1] INFO  o.h.t.s.i.SchemaDropperImpl$DelayedDropActionImpl - HHH000477: Starting delayed evictData of schema as part of SessionFactory shut-down'
2021-06-05_14-44-39 [RMI TCP Connection(206)-127.0.0.1] INFO  com.zaxxer.hikari.HikariDataSource - HikariPool-1 - Shutdown initiated...
2021-06-05_14-44-39 [RMI TCP Connection(206)-127.0.0.1] INFO  com.zaxxer.hikari.HikariDataSource - HikariPool-1 - Shutdown completed.
