2021-06-06_22-30-57 [restartedMain] INFO  c.c.a.AuthorizatiionMicroserviceApplication - Starting AuthorizatiionMicroserviceApplication using Java 1.8.0_191 on DESKTOP-O8QRH3N with PID 8036 (C:\Users\Parthik\Desktop\Cogzinant details\Project\CDE-Project-International-Patients-treatment-management\Authorizatiion-Microservice\target\classes started by Parthik in C:\Users\Parthik\Desktop\Cogzinant details\Project\CDE-Project-International-Patients-treatment-management\Authorizatiion-Microservice)
2021-06-06_22-30-57 [restartedMain] INFO  c.c.a.AuthorizatiionMicroserviceApplication - No active profile set, falling back to default profiles: default
2021-06-06_22-30-57 [restartedMain] INFO  o.s.b.d.e.DevToolsPropertyDefaultsPostProcessor - Devtools property defaults active! Set 'spring.devtools.add-properties' to 'false' to disable
2021-06-06_22-30-57 [restartedMain] INFO  o.s.b.d.e.DevToolsPropertyDefaultsPostProcessor - For additional web related logging consider setting the 'logging.level.web' property to 'DEBUG'
2021-06-06_22-30-57 [restartedMain] INFO  o.s.d.r.c.RepositoryConfigurationDelegate - Bootstrapping Spring Data JPA repositories in DEFAULT mode.
2021-06-06_22-30-57 [restartedMain] INFO  o.s.d.r.c.RepositoryConfigurationDelegate - Finished Spring Data repository scanning in 185 ms. Found 1 JPA repository interfaces.
2021-06-06_22-30-57 [restartedMain] INFO  o.s.cloud.context.scope.GenericScope - BeanFactory id=edea1387-1a2d-33de-8525-4ed44fa6e3e5
2021-06-06_22-30-57 [restartedMain] INFO  o.s.b.w.e.tomcat.TomcatWebServer - Tomcat initialized with port(s): 8400 (http)
2021-06-06_22-30-57 [restartedMain] INFO  o.a.coyote.http11.Http11NioProtocol - Initializing ProtocolHandler ["http-nio-8400"]
2021-06-06_22-30-57 [restartedMain] INFO  o.a.catalina.core.StandardService - Starting service [Tomcat]
2021-06-06_22-30-57 [restartedMain] INFO  o.a.catalina.core.StandardEngine - Starting Servlet engine: [Apache Tomcat/9.0.41]
2021-06-06_22-30-57 [restartedMain] INFO  o.a.c.c.C.[.[localhost].[/auth] - Initializing Spring embedded WebApplicationContext
2021-06-06_22-30-57 [restartedMain] INFO  o.s.b.w.s.c.ServletWebServerApplicationContext - Root WebApplicationContext: initialization completed in 6730 ms
2021-06-06_22-30-57 [restartedMain] INFO  o.a.catalina.core.StandardService - Stopping service [Tomcat]
2021-06-06_22-30-57 [restartedMain] INFO  o.s.b.a.l.ConditionEvaluationReportLoggingListener - 

Error starting ApplicationContext. To display the conditions report re-run your application with 'debug' enabled.
2021-06-06_22-33-40 [restartedMain] INFO  c.c.a.AuthorizatiionMicroserviceApplication - Starting AuthorizatiionMicroserviceApplication using Java 1.8.0_191 on DESKTOP-O8QRH3N with PID 19432 (C:\Users\Parthik\Desktop\Cogzinant details\Project\CDE-Project-International-Patients-treatment-management\Authorizatiion-Microservice\target\classes started by Parthik in C:\Users\Parthik\Desktop\Cogzinant details\Project\CDE-Project-International-Patients-treatment-management\Authorizatiion-Microservice)
2021-06-06_22-33-40 [restartedMain] INFO  c.c.a.AuthorizatiionMicroserviceApplication - No active profile set, falling back to default profiles: default
2021-06-06_22-33-40 [restartedMain] INFO  o.s.b.d.e.DevToolsPropertyDefaultsPostProcessor - Devtools property defaults active! Set 'spring.devtools.add-properties' to 'false' to disable
2021-06-06_22-33-40 [restartedMain] INFO  o.s.b.d.e.DevToolsPropertyDefaultsPostProcessor - For additional web related logging consider setting the 'logging.level.web' property to 'DEBUG'
2021-06-06_22-33-40 [restartedMain] INFO  o.s.d.r.c.RepositoryConfigurationDelegate - Bootstrapping Spring Data JPA repositories in DEFAULT mode.
2021-06-06_22-33-40 [restartedMain] INFO  o.s.d.r.c.RepositoryConfigurationDelegate - Finished Spring Data repository scanning in 70 ms. Found 1 JPA repository interfaces.
2021-06-06_22-33-40 [restartedMain] INFO  o.s.cloud.context.scope.GenericScope - BeanFactory id=bc835a7b-e37d-385d-8407-3a426b879bd3
2021-06-06_22-33-40 [restartedMain] INFO  o.s.b.w.e.tomcat.TomcatWebServer - Tomcat initialized with port(s): 8400 (http)
2021-06-06_22-33-40 [restartedMain] INFO  o.a.coyote.http11.Http11NioProtocol - Initializing ProtocolHandler ["http-nio-8400"]
2021-06-06_22-33-40 [restartedMain] INFO  o.a.catalina.core.StandardService - Starting service [Tomcat]
2021-06-06_22-33-40 [restartedMain] INFO  o.a.catalina.core.StandardEngine - Starting Servlet engine: [Apache Tomcat/9.0.41]
2021-06-06_22-33-40 [restartedMain] INFO  o.a.c.c.C.[.[localhost].[/auth] - Initializing Spring embedded WebApplicationContext
2021-06-06_22-33-40 [restartedMain] INFO  o.s.b.w.s.c.ServletWebServerApplicationContext - Root WebApplicationContext: initialization completed in 2301 ms
2021-06-06_22-33-40 [restartedMain] INFO  o.h.jpa.internal.util.LogHelper - HHH000204: Processing PersistenceUnitInfo [name: default]
2021-06-06_22-33-40 [restartedMain] INFO  org.hibernate.Version - HHH000412: Hibernate ORM core version 5.4.27.Final
2021-06-06_22-33-40 [restartedMain] INFO  o.h.annotations.common.Version - HCANN000001: Hibernate Commons Annotations {5.1.2.Final}
2021-06-06_22-33-40 [restartedMain] INFO  com.zaxxer.hikari.HikariDataSource - HikariPool-1 - Starting...
2021-06-06_22-33-40 [restartedMain] INFO  com.zaxxer.hikari.HikariDataSource - HikariPool-1 - Start completed.
2021-06-06_22-33-40 [restartedMain] INFO  org.hibernate.dialect.Dialect - HHH000400: Using dialect: org.hibernate.dialect.MySQL8Dialect
2021-06-06_22-33-40 [restartedMain] INFO  o.h.e.t.j.p.i.JtaPlatformInitiator - HHH000490: Using JtaPlatform implementation: [org.hibernate.engine.transaction.jta.platform.internal.NoJtaPlatform]
2021-06-06_22-33-40 [restartedMain] INFO  o.s.o.j.LocalContainerEntityManagerFactoryBean - Initialized JPA EntityManagerFactory for persistence unit 'default'
2021-06-06_22-33-40 [restartedMain] INFO  o.s.b.d.a.OptionalLiveReloadServer - LiveReload server is running on port 35729
2021-06-06_22-33-40 [restartedMain] INFO  s.d.s.w.PropertySourcedRequestMappingHandlerMapping - Mapped URL path [/v2/api-docs] onto method [springfox.documentation.swagger2.web.Swagger2Controller#getDocumentation(String, HttpServletRequest)]
2021-06-06_22-33-40 [restartedMain] INFO  o.s.s.web.DefaultSecurityFilterChain - Will secure any request with [org.springframework.security.web.context.request.async.WebAsyncManagerIntegrationFilter@1e3f5ecf, org.springframework.security.web.context.SecurityContextPersistenceFilter@105d3e6d, org.springframework.security.web.header.HeaderWriterFilter@1de2894a, org.springframework.security.web.authentication.logout.LogoutFilter@3538735a, com.cts.authorization.config.JwtRequestFilter@5844be1, org.springframework.security.web.savedrequest.RequestCacheAwareFilter@2802a8e, org.springframework.security.web.servletapi.SecurityContextHolderAwareRequestFilter@3f2084e9, org.springframework.security.web.authentication.AnonymousAuthenticationFilter@2f8f5b29, org.springframework.security.web.session.SessionManagementFilter@44ba2a47, org.springframework.security.web.access.ExceptionTranslationFilter@36da5c49, org.springframework.security.web.access.intercept.FilterSecurityInterceptor@e8ad914]
2021-06-06_22-33-40 [restartedMain] INFO  o.s.s.c.ThreadPoolTaskExecutor - Initializing ExecutorService 'applicationTaskExecutor'
2021-06-06_22-33-40 [restartedMain] INFO  o.s.cloud.commons.util.InetUtils - Cannot determine local hostname
2021-06-06_22-33-40 [restartedMain] INFO  o.a.coyote.http11.Http11NioProtocol - Starting ProtocolHandler ["http-nio-8400"]
2021-06-06_22-33-40 [restartedMain] INFO  o.s.b.w.e.tomcat.TomcatWebServer - Tomcat started on port(s): 8400 (http) with context path '/auth'
2021-06-06_22-33-40 [restartedMain] INFO  o.s.cloud.commons.util.InetUtils - Cannot determine local hostname
2021-06-06_22-33-40 [restartedMain] INFO  s.d.s.w.p.DocumentationPluginsBootstrapper - Context refreshed
2021-06-06_22-33-40 [restartedMain] INFO  s.d.s.w.p.DocumentationPluginsBootstrapper - Found 1 custom documentation plugin(s)
2021-06-06_22-33-40 [restartedMain] INFO  s.d.s.w.s.ApiListingReferenceScanner - Scanning for api listing references
2021-06-06_22-33-40 [restartedMain] INFO  c.c.a.AuthorizatiionMicroserviceApplication - Started AuthorizatiionMicroserviceApplication in 27.118 seconds (JVM running for 29.798)
2021-06-06_22-33-40 [http-nio-8400-exec-2] INFO  o.a.c.c.C.[.[localhost].[/auth] - Initializing Spring DispatcherServlet 'dispatcherServlet'
2021-06-06_22-33-40 [http-nio-8400-exec-2] INFO  o.s.web.servlet.DispatcherServlet - Initializing Servlet 'dispatcherServlet'
2021-06-06_22-33-40 [http-nio-8400-exec-2] INFO  o.s.web.servlet.DispatcherServlet - Completed initialization in 1240 ms
2021-06-06_22-33-40 [http-nio-8400-exec-4] INFO  c.c.a.service.JwtUserDetailsService - User found
2021-06-06_22-33-40 [http-nio-8400-exec-4] INFO  c.c.a.service.JwtUserDetailsService - user successfully located
2021-06-06_22-33-40 [http-nio-8400-exec-4] INFO  c.c.a.service.JwtUserDetailsService - User found
2021-06-06_22-33-40 [http-nio-8400-exec-4] INFO  c.c.a.service.JwtUserDetailsService - user successfully located
2021-06-06_22-33-40 [http-nio-8400-exec-6] INFO  c.c.a.service.JwtUserDetailsService - User found
2021-06-06_22-33-40 [http-nio-8400-exec-6] INFO  c.c.a.service.JwtUserDetailsService - user successfully located
2021-06-06_22-33-40 [http-nio-8400-exec-8] INFO  c.c.a.service.JwtUserDetailsService - User found
2021-06-06_22-33-40 [http-nio-8400-exec-8] INFO  c.c.a.service.JwtUserDetailsService - user successfully located
2021-06-06_22-33-40 [http-nio-8400-exec-10] INFO  c.c.a.service.JwtUserDetailsService - User found
2021-06-06_22-33-40 [http-nio-8400-exec-10] INFO  c.c.a.service.JwtUserDetailsService - user successfully located
2021-06-06_22-33-40 [http-nio-8400-exec-2] INFO  c.c.a.service.JwtUserDetailsService - User found
2021-06-06_22-33-40 [http-nio-8400-exec-2] INFO  c.c.a.service.JwtUserDetailsService - user successfully located
2021-06-06_22-33-40 [http-nio-8400-exec-4] INFO  c.c.a.service.JwtUserDetailsService - User found
2021-06-06_22-33-40 [http-nio-8400-exec-4] INFO  c.c.a.service.JwtUserDetailsService - user successfully located
2021-06-06_22-33-40 [http-nio-8400-exec-5] INFO  c.c.a.service.JwtUserDetailsService - User found
2021-06-06_22-33-40 [http-nio-8400-exec-5] INFO  c.c.a.service.JwtUserDetailsService - user successfully located
2021-06-06_22-33-40 [http-nio-8400-exec-7] INFO  c.c.a.service.JwtUserDetailsService - User found
2021-06-06_22-33-40 [http-nio-8400-exec-7] INFO  c.c.a.service.JwtUserDetailsService - user successfully located
2021-06-06_22-33-40 [http-nio-8400-exec-8] INFO  c.c.a.service.JwtUserDetailsService - User found
2021-06-06_22-33-40 [http-nio-8400-exec-8] INFO  c.c.a.service.JwtUserDetailsService - user successfully located
2021-06-06_22-33-40 [http-nio-8400-exec-9] INFO  c.c.a.service.JwtUserDetailsService - User found
2021-06-06_22-33-40 [http-nio-8400-exec-9] INFO  c.c.a.service.JwtUserDetailsService - user successfully located
2021-06-06_22-33-40 [http-nio-8400-exec-1] INFO  c.c.a.service.JwtUserDetailsService - User found
2021-06-06_22-33-40 [http-nio-8400-exec-1] INFO  c.c.a.service.JwtUserDetailsService - user successfully located
2021-06-06_22-33-40 [http-nio-8400-exec-2] INFO  c.c.a.service.JwtUserDetailsService - User found
2021-06-06_22-33-40 [http-nio-8400-exec-2] INFO  c.c.a.service.JwtUserDetailsService - user successfully located
2021-06-06_22-33-40 [http-nio-8400-exec-3] INFO  c.c.a.service.JwtUserDetailsService - User found
2021-06-06_22-33-40 [http-nio-8400-exec-3] INFO  c.c.a.service.JwtUserDetailsService - user successfully located
2021-06-06_22-33-40 [http-nio-8400-exec-4] INFO  c.c.a.service.JwtUserDetailsService - User found
2021-06-06_22-33-40 [http-nio-8400-exec-4] INFO  c.c.a.service.JwtUserDetailsService - user successfully located
2021-06-06_22-33-40 [http-nio-8400-exec-8] INFO  c.c.a.service.JwtUserDetailsService - User found
2021-06-06_22-33-40 [http-nio-8400-exec-8] INFO  c.c.a.service.JwtUserDetailsService - user successfully located
2021-06-06_22-33-40 [http-nio-8400-exec-8] INFO  c.c.a.service.JwtUserDetailsService - User found
2021-06-06_22-33-40 [http-nio-8400-exec-8] INFO  c.c.a.service.JwtUserDetailsService - user successfully located
2021-06-06_22-33-40 [http-nio-8400-exec-9] INFO  c.c.a.service.JwtUserDetailsService - User found
2021-06-06_22-33-40 [http-nio-8400-exec-9] INFO  c.c.a.service.JwtUserDetailsService - user successfully located
2021-06-06_22-33-40 [http-nio-8400-exec-1] INFO  c.c.a.service.JwtUserDetailsService - User found
2021-06-06_22-33-40 [http-nio-8400-exec-1] INFO  c.c.a.service.JwtUserDetailsService - user successfully located
2021-06-06_22-33-40 [http-nio-8400-exec-5] INFO  c.c.a.service.JwtUserDetailsService - User found
2021-06-06_22-33-40 [http-nio-8400-exec-5] INFO  c.c.a.service.JwtUserDetailsService - user successfully located
2021-06-06_22-33-40 [http-nio-8400-exec-5] INFO  c.c.a.service.JwtUserDetailsService - User found
2021-06-06_22-33-40 [http-nio-8400-exec-5] INFO  c.c.a.service.JwtUserDetailsService - user successfully located
2021-06-06_22-33-40 [http-nio-8400-exec-6] INFO  c.c.a.service.JwtUserDetailsService - User found
2021-06-06_22-33-40 [http-nio-8400-exec-6] INFO  c.c.a.service.JwtUserDetailsService - user successfully located
