2021-06-06_22-33-40 [http-nio-8400-exec-9] INFO  c.c.a.service.JwtUserDetailsService - User found
2021-06-06_22-33-40 [http-nio-8400-exec-9] INFO  c.c.a.service.JwtUserDetailsService - user successfully located
2021-06-06_22-33-40 [http-nio-8400-exec-1] INFO  c.c.a.service.JwtUserDetailsService - User found
2021-06-06_22-33-40 [http-nio-8400-exec-1] INFO  c.c.a.service.JwtUserDetailsService - user successfully located
2021-06-06_22-33-40 [http-nio-8400-exec-3] INFO  c.c.a.service.JwtUserDetailsService - User found
2021-06-06_22-33-40 [http-nio-8400-exec-3] INFO  c.c.a.service.JwtUserDetailsService - user successfully located
2021-06-06_22-33-40 [http-nio-8400-exec-4] INFO  c.c.a.service.JwtUserDetailsService - User found
2021-06-06_22-33-40 [http-nio-8400-exec-4] INFO  c.c.a.service.JwtUserDetailsService - user successfully located
2021-06-06_22-33-40 [http-nio-8400-exec-5] INFO  c.c.a.service.JwtUserDetailsService - User found
2021-06-06_22-33-40 [http-nio-8400-exec-5] INFO  c.c.a.service.JwtUserDetailsService - user successfully located
2021-06-06_22-33-40 [http-nio-8400-exec-8] INFO  c.c.a.service.JwtUserDetailsService - User found
2021-06-06_22-33-40 [http-nio-8400-exec-8] INFO  c.c.a.service.JwtUserDetailsService - user successfully located
2021-06-06_22-33-40 [http-nio-8400-exec-9] INFO  c.c.a.service.JwtUserDetailsService - User found
2021-06-06_22-33-40 [http-nio-8400-exec-9] INFO  c.c.a.service.JwtUserDetailsService - user successfully located
2021-06-06_22-33-40 [http-nio-8400-exec-10] INFO  c.c.a.service.JwtUserDetailsService - User found
2021-06-06_22-33-40 [http-nio-8400-exec-10] INFO  c.c.a.service.JwtUserDetailsService - user successfully located
2021-06-06_22-33-40 [http-nio-8400-exec-1] INFO  c.c.a.service.JwtUserDetailsService - User found
2021-06-06_22-33-40 [http-nio-8400-exec-1] INFO  c.c.a.service.JwtUserDetailsService - user successfully located
2021-06-06_22-33-40 [http-nio-8400-exec-3] INFO  c.c.a.service.JwtUserDetailsService - User found
2021-06-06_22-33-40 [http-nio-8400-exec-3] INFO  c.c.a.service.JwtUserDetailsService - user successfully located
2021-06-06_22-33-40 [http-nio-8400-exec-3] INFO  c.c.a.service.JwtUserDetailsService - User found
2021-06-06_22-33-40 [http-nio-8400-exec-3] INFO  c.c.a.service.JwtUserDetailsService - user successfully located
2021-06-06_22-33-40 [http-nio-8400-exec-4] INFO  c.c.a.service.JwtUserDetailsService - User found
2021-06-06_22-33-40 [http-nio-8400-exec-4] INFO  c.c.a.service.JwtUserDetailsService - user successfully located
2021-06-06_22-33-40 [http-nio-8400-exec-5] INFO  c.c.a.service.JwtUserDetailsService - User found
2021-06-06_22-33-40 [http-nio-8400-exec-5] INFO  c.c.a.service.JwtUserDetailsService - user successfully located
2021-06-06_22-33-40 [http-nio-8400-exec-7] INFO  c.c.a.service.JwtUserDetailsService - User found
2021-06-06_22-33-40 [http-nio-8400-exec-7] INFO  c.c.a.service.JwtUserDetailsService - user successfully located
2021-06-06_22-33-40 [http-nio-8400-exec-8] INFO  c.c.a.service.JwtUserDetailsService - User found
2021-06-06_22-33-40 [http-nio-8400-exec-8] INFO  c.c.a.service.JwtUserDetailsService - user successfully located
2021-06-06_22-33-40 [http-nio-8400-exec-9] INFO  c.c.a.service.JwtUserDetailsService - User found
2021-06-06_22-33-40 [http-nio-8400-exec-9] INFO  c.c.a.service.JwtUserDetailsService - user successfully located
2021-06-06_22-33-40 [http-nio-8400-exec-10] INFO  c.c.a.service.JwtUserDetailsService - User found
2021-06-06_22-33-40 [http-nio-8400-exec-10] INFO  c.c.a.service.JwtUserDetailsService - user successfully located
2021-06-06_22-33-40 [http-nio-8400-exec-1] INFO  c.c.a.service.JwtUserDetailsService - User found
2021-06-06_22-33-40 [http-nio-8400-exec-1] INFO  c.c.a.service.JwtUserDetailsService - user successfully located
2021-06-06_22-33-40 [http-nio-8400-exec-2] INFO  c.c.a.service.JwtUserDetailsService - User found
2021-06-06_22-33-40 [http-nio-8400-exec-2] INFO  c.c.a.service.JwtUserDetailsService - user successfully located
2021-06-06_22-33-40 [http-nio-8400-exec-3] INFO  c.c.a.service.JwtUserDetailsService - User found
2021-06-06_22-33-40 [http-nio-8400-exec-3] INFO  c.c.a.service.JwtUserDetailsService - user successfully located
2021-06-06_22-33-40 [http-nio-8400-exec-4] INFO  c.c.a.service.JwtUserDetailsService - User found
2021-06-06_22-33-40 [http-nio-8400-exec-4] INFO  c.c.a.service.JwtUserDetailsService - user successfully located
2021-06-06_22-33-40 [http-nio-8400-exec-5] INFO  c.c.a.service.JwtUserDetailsService - User found
2021-06-06_22-33-40 [http-nio-8400-exec-5] INFO  c.c.a.service.JwtUserDetailsService - user successfully located
2021-06-06_22-33-40 [http-nio-8400-exec-6] INFO  c.c.a.service.JwtUserDetailsService - User found
2021-06-06_22-33-40 [http-nio-8400-exec-6] INFO  c.c.a.service.JwtUserDetailsService - user successfully located
2021-06-06_22-33-40 [http-nio-8400-exec-8] INFO  c.c.a.service.JwtUserDetailsService - User found
2021-06-06_22-33-40 [http-nio-8400-exec-8] INFO  c.c.a.service.JwtUserDetailsService - user successfully located
2021-06-06_22-33-40 [http-nio-8400-exec-9] INFO  c.c.a.service.JwtUserDetailsService - User found
2021-06-06_22-33-40 [http-nio-8400-exec-9] INFO  c.c.a.service.JwtUserDetailsService - user successfully located
2021-06-06_22-33-40 [http-nio-8400-exec-10] INFO  c.c.a.service.JwtUserDetailsService - User found
2021-06-06_22-33-40 [http-nio-8400-exec-10] INFO  c.c.a.service.JwtUserDetailsService - user successfully located
2021-06-06_22-33-40 [http-nio-8400-exec-1] INFO  c.c.a.service.JwtUserDetailsService - User found
2021-06-06_22-33-40 [http-nio-8400-exec-1] INFO  c.c.a.service.JwtUserDetailsService - user successfully located
2021-06-06_22-33-40 [http-nio-8400-exec-2] INFO  c.c.a.service.JwtUserDetailsService - User found
2021-06-06_22-33-40 [http-nio-8400-exec-2] INFO  c.c.a.service.JwtUserDetailsService - user successfully located
2021-06-06_22-33-40 [http-nio-8400-exec-3] INFO  c.c.a.service.JwtUserDetailsService - User found
2021-06-06_22-33-40 [http-nio-8400-exec-3] INFO  c.c.a.service.JwtUserDetailsService - user successfully located
2021-06-06_22-33-40 [http-nio-8400-exec-6] INFO  c.c.a.service.JwtUserDetailsService - User found
2021-06-06_22-33-40 [http-nio-8400-exec-6] INFO  c.c.a.service.JwtUserDetailsService - user successfully located
2021-06-06_22-33-40 [http-nio-8400-exec-7] INFO  c.c.a.service.JwtUserDetailsService - User found
2021-06-06_22-33-40 [http-nio-8400-exec-7] INFO  c.c.a.service.JwtUserDetailsService - user successfully located
2021-06-06_22-33-40 [http-nio-8400-exec-8] INFO  c.c.a.service.JwtUserDetailsService - User found
2021-06-06_22-33-40 [http-nio-8400-exec-8] INFO  c.c.a.service.JwtUserDetailsService - user successfully located
2021-06-06_22-33-40 [http-nio-8400-exec-9] INFO  c.c.a.service.JwtUserDetailsService - User found
2021-06-06_22-33-40 [http-nio-8400-exec-9] INFO  c.c.a.service.JwtUserDetailsService - user successfully located
2021-06-06_22-33-40 [http-nio-8400-exec-10] INFO  c.c.a.service.JwtUserDetailsService - User found
2021-06-06_22-33-40 [http-nio-8400-exec-10] INFO  c.c.a.service.JwtUserDetailsService - user successfully located
2021-06-06_22-33-40 [http-nio-8400-exec-1] INFO  c.c.a.service.JwtUserDetailsService - User found
2021-06-06_22-33-40 [http-nio-8400-exec-1] INFO  c.c.a.service.JwtUserDetailsService - user successfully located
2021-06-06_22-33-40 [RMI TCP Connection(128)-127.0.0.1] INFO  o.s.b.a.SpringApplicationAdminMXBeanRegistrar$SpringApplicationAdmin - Application shutdown requested.
2021-06-06_22-33-40 [RMI TCP Connection(128)-127.0.0.1] INFO  o.s.s.c.ThreadPoolTaskExecutor - Shutting down ExecutorService 'applicationTaskExecutor'
2021-06-06_22-33-40 [RMI TCP Connection(128)-127.0.0.1] INFO  o.s.o.j.LocalContainerEntityManagerFactoryBean - Closing JPA EntityManagerFactory for persistence unit 'default'
2021-06-06_22-33-40 [RMI TCP Connection(128)-127.0.0.1] INFO  com.zaxxer.hikari.HikariDataSource - HikariPool-1 - Shutdown initiated...
2021-06-06_22-33-40 [RMI TCP Connection(128)-127.0.0.1] INFO  com.zaxxer.hikari.HikariDataSource - HikariPool-1 - Shutdown completed.
