2021-06-08_02-06-30 [restartedMain] INFO  c.c.m.IpTreatmentOfferingApplication - Starting IpTreatmentOfferingApplication using Java 1.8.0_191 on DESKTOP-O8QRH3N with PID 16404 (C:\Users\Parthik\Desktop\Cogzinant details\Project\CDE-Project-International-Patients-treatment-management\IPTreatmentOffering-Microservice\target\classes started by Parthik in C:\Users\Parthik\Desktop\Cogzinant details\Project\CDE-Project-International-Patients-treatment-management\IPTreatmentOffering-Microservice)
2021-06-08_02-06-30 [restartedMain] INFO  c.c.m.IpTreatmentOfferingApplication - No active profile set, falling back to default profiles: default
2021-06-08_02-06-30 [restartedMain] INFO  o.s.b.d.e.DevToolsPropertyDefaultsPostProcessor - Devtools property defaults active! Set 'spring.devtools.add-properties' to 'false' to disable
2021-06-08_02-06-30 [restartedMain] INFO  o.s.b.d.e.DevToolsPropertyDefaultsPostProcessor - For additional web related logging consider setting the 'logging.level.web' property to 'DEBUG'
2021-06-08_02-06-30 [restartedMain] INFO  o.s.d.r.c.RepositoryConfigurationDelegate - Bootstrapping Spring Data JPA repositories in DEFAULT mode.
2021-06-08_02-06-30 [restartedMain] INFO  o.s.d.r.c.RepositoryConfigurationDelegate - Finished Spring Data repository scanning in 268 ms. Found 3 JPA repository interfaces.
2021-06-08_02-06-30 [restartedMain] INFO  o.s.cloud.context.scope.GenericScope - BeanFactory id=7be0195a-b013-3fb9-966a-2ecb8cd53c9b
2021-06-08_02-06-30 [restartedMain] INFO  o.s.c.s.PostProcessorRegistrationDelegate$BeanPostProcessorChecker - Bean 'com.cts.mfpe.feign.AuthorisingClient' of type [org.springframework.cloud.openfeign.FeignClientFactoryBean] is not eligible for getting processed by all BeanPostProcessors (for example: not eligible for auto-proxying)
2021-06-08_02-06-30 [restartedMain] INFO  o.s.b.w.e.tomcat.TomcatWebServer - Tomcat initialized with port(s): 8100 (http)
2021-06-08_02-06-30 [restartedMain] INFO  o.a.coyote.http11.Http11NioProtocol - Initializing ProtocolHandler ["http-nio-8100"]
2021-06-08_02-06-30 [restartedMain] INFO  o.a.catalina.core.StandardService - Starting service [Tomcat]
2021-06-08_02-06-30 [restartedMain] INFO  o.a.catalina.core.StandardEngine - Starting Servlet engine: [Apache Tomcat/9.0.41]
2021-06-08_02-06-30 [restartedMain] INFO  o.a.c.c.C.[.[.[/ipTreatmentOffering] - Initializing Spring embedded WebApplicationContext
2021-06-08_02-06-30 [restartedMain] INFO  o.s.b.w.s.c.ServletWebServerApplicationContext - Root WebApplicationContext: initialization completed in 7877 ms
2021-06-08_02-06-30 [restartedMain] INFO  com.zaxxer.hikari.HikariDataSource - HikariPool-1 - Starting...
2021-06-08_02-06-30 [restartedMain] INFO  com.zaxxer.hikari.HikariDataSource - HikariPool-1 - Start completed.
2021-06-08_02-06-30 [restartedMain] INFO  o.s.o.j.LocalContainerEntityManagerFactoryBean - Initialized JPA EntityManagerFactory for persistence unit 'default'
2021-06-08_02-06-30 [restartedMain] INFO  s.d.s.w.PropertySourcedRequestMappingHandlerMapping - Mapped URL path [/v2/api-docs] onto method [springfox.documentation.swagger2.web.Swagger2Controller#getDocumentation(String, HttpServletRequest)]
2021-06-08_02-06-30 [restartedMain] INFO  o.s.s.c.ThreadPoolTaskExecutor - Initializing ExecutorService 'applicationTaskExecutor'
2021-06-08_02-06-30 [restartedMain] INFO  o.s.cloud.commons.util.InetUtils - Cannot determine local hostname
2021-06-08_02-06-30 [restartedMain] INFO  o.a.coyote.http11.Http11NioProtocol - Starting ProtocolHandler ["http-nio-8100"]
2021-06-08_02-06-30 [restartedMain] INFO  o.s.b.w.e.tomcat.TomcatWebServer - Tomcat started on port(s): 8100 (http) with context path '/ipTreatmentOffering'
2021-06-08_02-06-30 [restartedMain] INFO  o.s.cloud.commons.util.InetUtils - Cannot determine local hostname
2021-06-08_02-06-30 [restartedMain] INFO  s.d.s.w.p.DocumentationPluginsBootstrapper - Context refreshed
2021-06-08_02-06-30 [restartedMain] INFO  s.d.s.w.p.DocumentationPluginsBootstrapper - Found 1 custom documentation plugin(s)
2021-06-08_02-06-30 [restartedMain] INFO  s.d.s.w.s.ApiListingReferenceScanner - Scanning for api listing references
2021-06-08_02-06-30 [restartedMain] INFO  c.c.m.IpTreatmentOfferingApplication - Started IpTreatmentOfferingApplication in 33.728 seconds (JVM running for 37.353)
2021-06-08_02-06-30 [http-nio-8100-exec-1] INFO  o.a.c.c.C.[.[.[/ipTreatmentOffering] - Initializing Spring DispatcherServlet 'dispatcherServlet'
2021-06-08_02-06-30 [http-nio-8100-exec-1] INFO  o.s.web.servlet.DispatcherServlet - Initializing Servlet 'dispatcherServlet'
2021-06-08_02-06-30 [http-nio-8100-exec-1] INFO  o.s.web.servlet.DispatcherServlet - Completed initialization in 3 ms
2021-06-08_02-06-30 [http-nio-8100-exec-1] INFO  c.c.m.s.IPTreatmentOfferingServiceImpl - [IPTreatmentPackage (Package 2) detail:] IPTreatmentPackage(treatmentPackageId=4, ailmentCategory=UROLOGY, packageDetail=PackageDetail(pid=104, treatmentPackageName=Package 2, testDetails=[UPT3, UPT4], cost=50000, treatmentDuration=6))
2021-06-08_02-06-30 [http-nio-8100-exec-2] INFO  c.c.m.s.IPTreatmentOfferingServiceImpl - [Specialist details:] [SpecialistDetail(specialistId=1, name=Dr Riya, areaOfExpertise=ORTHOPAIDICS, experienceInYears=10, contactNumber=9945672345), SpecialistDetail(specialistId=2, name=Dr Karan, areaOfExpertise=ORTHOPAIDICS, experienceInYears=8, contactNumber=8876523457), SpecialistDetail(specialistId=3, name=Dr Harsh, areaOfExpertise=UROLOGY, experienceInYears=7, contactNumber=9422467465), SpecialistDetail(specialistId=4, name=Dr Shreya, areaOfExpertise=UROLOGY, experienceInYears=11, contactNumber=756842689), SpecialistDetail(specialistId=5, name=Dr Parthik, areaOfExpertise=ORTHOPAIDICS, experienceInYears=14, contactNumber=9408587579)]
2021-06-08_02-06-30 [http-nio-8100-exec-3] INFO  c.c.m.s.IPTreatmentOfferingServiceImpl - [Specialist details:] [SpecialistDetail(specialistId=1, name=Dr Riya, areaOfExpertise=ORTHOPAIDICS, experienceInYears=10, contactNumber=9945672345), SpecialistDetail(specialistId=2, name=Dr Karan, areaOfExpertise=ORTHOPAIDICS, experienceInYears=8, contactNumber=8876523457), SpecialistDetail(specialistId=3, name=Dr Harsh, areaOfExpertise=UROLOGY, experienceInYears=7, contactNumber=9422467465), SpecialistDetail(specialistId=4, name=Dr Shreya, areaOfExpertise=UROLOGY, experienceInYears=11, contactNumber=756842689), SpecialistDetail(specialistId=5, name=Dr Parthik, areaOfExpertise=ORTHOPAIDICS, experienceInYears=14, contactNumber=9408587579)]
2021-06-08_02-06-30 [http-nio-8100-exec-5] INFO  c.c.m.s.IPTreatmentOfferingServiceImpl - [Specialist details:] [SpecialistDetail(specialistId=0, name=Dr Vishesh Maheta, areaOfExpertise=UROLOGY, experienceInYears=7, contactNumber=1234567890), SpecialistDetail(specialistId=1, name=Dr Riya, areaOfExpertise=ORTHOPAIDICS, experienceInYears=10, contactNumber=9945672345), SpecialistDetail(specialistId=2, name=Dr Karan, areaOfExpertise=ORTHOPAIDICS, experienceInYears=8, contactNumber=8876523457), SpecialistDetail(specialistId=3, name=Dr Harsh, areaOfExpertise=UROLOGY, experienceInYears=7, contactNumber=9422467465), SpecialistDetail(specialistId=4, name=Dr Shreya, areaOfExpertise=UROLOGY, experienceInYears=11, contactNumber=756842689), SpecialistDetail(specialistId=5, name=Dr Parthik, areaOfExpertise=ORTHOPAIDICS, experienceInYears=14, contactNumber=9408587579)]
2021-06-08_02-06-30 [Thread-3] INFO  o.s.s.c.ThreadPoolTaskExecutor - Shutting down ExecutorService 'applicationTaskExecutor'
2021-06-08_02-06-30 [Thread-3] INFO  o.s.o.j.LocalContainerEntityManagerFactoryBean - Closing JPA EntityManagerFactory for persistence unit 'default'
2021-06-08_02-06-30 [Thread-3] INFO  com.zaxxer.hikari.HikariDataSource - HikariPool-1 - Shutdown initiated...
2021-06-08_02-06-30 [Thread-3] INFO  com.zaxxer.hikari.HikariDataSource - HikariPool-1 - Shutdown completed.
2021-06-08_02-16-44 [restartedMain] INFO  c.c.m.IpTreatmentOfferingApplication - Starting IpTreatmentOfferingApplication using Java 1.8.0_191 on DESKTOP-O8QRH3N with PID 16404 (C:\Users\Parthik\Desktop\Cogzinant details\Project\CDE-Project-International-Patients-treatment-management\IPTreatmentOffering-Microservice\target\classes started by Parthik in C:\Users\Parthik\Desktop\Cogzinant details\Project\CDE-Project-International-Patients-treatment-management\IPTreatmentOffering-Microservice)
2021-06-08_02-16-44 [restartedMain] INFO  c.c.m.IpTreatmentOfferingApplication - No active profile set, falling back to default profiles: default
2021-06-08_02-16-44 [restartedMain] INFO  o.s.d.r.c.RepositoryConfigurationDelegate - Bootstrapping Spring Data JPA repositories in DEFAULT mode.
2021-06-08_02-16-44 [restartedMain] INFO  o.s.d.r.c.RepositoryConfigurationDelegate - Finished Spring Data repository scanning in 34 ms. Found 3 JPA repository interfaces.
2021-06-08_02-16-44 [restartedMain] INFO  o.s.cloud.context.scope.GenericScope - BeanFactory id=7be0195a-b013-3fb9-966a-2ecb8cd53c9b
2021-06-08_02-16-44 [restartedMain] INFO  o.s.c.s.PostProcessorRegistrationDelegate$BeanPostProcessorChecker - Bean 'com.cts.mfpe.feign.AuthorisingClient' of type [org.springframework.cloud.openfeign.FeignClientFactoryBean] is not eligible for getting processed by all BeanPostProcessors (for example: not eligible for auto-proxying)
2021-06-08_02-16-44 [restartedMain] INFO  o.s.b.w.e.tomcat.TomcatWebServer - Tomcat initialized with port(s): 8100 (http)
2021-06-08_02-16-44 [restartedMain] INFO  o.a.coyote.http11.Http11NioProtocol - Initializing ProtocolHandler ["http-nio-8100"]
2021-06-08_02-16-44 [restartedMain] INFO  o.a.catalina.core.StandardService - Starting service [Tomcat]
2021-06-08_02-16-44 [restartedMain] INFO  o.a.catalina.core.StandardEngine - Starting Servlet engine: [Apache Tomcat/9.0.41]
2021-06-08_02-16-44 [restartedMain] INFO  o.a.c.c.C.[.[.[/ipTreatmentOffering] - Initializing Spring embedded WebApplicationContext
2021-06-08_02-16-44 [restartedMain] INFO  o.s.b.w.s.c.ServletWebServerApplicationContext - Root WebApplicationContext: initialization completed in 2763 ms
2021-06-08_02-16-44 [restartedMain] INFO  com.zaxxer.hikari.HikariDataSource - HikariPool-2 - Starting...
2021-06-08_02-16-44 [restartedMain] INFO  com.zaxxer.hikari.HikariDataSource - HikariPool-2 - Start completed.
2021-06-08_02-16-44 [restartedMain] INFO  o.s.o.j.LocalContainerEntityManagerFactoryBean - Initialized JPA EntityManagerFactory for persistence unit 'default'
2021-06-08_02-16-44 [restartedMain] INFO  s.d.s.w.PropertySourcedRequestMappingHandlerMapping - Mapped URL path [/v2/api-docs] onto method [springfox.documentation.swagger2.web.Swagger2Controller#getDocumentation(String, HttpServletRequest)]
2021-06-08_02-16-44 [restartedMain] INFO  o.s.s.c.ThreadPoolTaskExecutor - Initializing ExecutorService 'applicationTaskExecutor'
2021-06-08_02-16-44 [restartedMain] INFO  o.s.cloud.commons.util.InetUtils - Cannot determine local hostname
2021-06-08_02-16-44 [restartedMain] INFO  o.a.coyote.http11.Http11NioProtocol - Starting ProtocolHandler ["http-nio-8100"]
2021-06-08_02-16-44 [restartedMain] INFO  o.s.b.w.e.tomcat.TomcatWebServer - Tomcat started on port(s): 8100 (http) with context path '/ipTreatmentOffering'
2021-06-08_02-16-44 [restartedMain] INFO  o.s.cloud.commons.util.InetUtils - Cannot determine local hostname
2021-06-08_02-16-44 [restartedMain] INFO  s.d.s.w.p.DocumentationPluginsBootstrapper - Context refreshed
2021-06-08_02-16-44 [restartedMain] INFO  s.d.s.w.p.DocumentationPluginsBootstrapper - Found 1 custom documentation plugin(s)
2021-06-08_02-16-44 [restartedMain] INFO  s.d.s.w.s.ApiListingReferenceScanner - Scanning for api listing references
2021-06-08_02-16-44 [restartedMain] INFO  c.c.m.IpTreatmentOfferingApplication - Started IpTreatmentOfferingApplication in 9.079 seconds (JVM running for 627.581)
2021-06-08_02-16-44 [restartedMain] INFO  o.s.b.d.a.ConditionEvaluationDeltaLoggingListener - Condition evaluation unchanged
2021-06-08_02-16-44 [Thread-14] INFO  o.s.s.c.ThreadPoolTaskExecutor - Shutting down ExecutorService 'applicationTaskExecutor'
2021-06-08_02-16-44 [Thread-14] INFO  o.s.o.j.LocalContainerEntityManagerFactoryBean - Closing JPA EntityManagerFactory for persistence unit 'default'
2021-06-08_02-16-44 [Thread-14] INFO  com.zaxxer.hikari.HikariDataSource - HikariPool-2 - Shutdown initiated...
2021-06-08_02-16-44 [Thread-14] INFO  com.zaxxer.hikari.HikariDataSource - HikariPool-2 - Shutdown completed.
2021-06-08_02-16-54 [restartedMain] INFO  c.c.m.IpTreatmentOfferingApplication - Starting IpTreatmentOfferingApplication using Java 1.8.0_191 on DESKTOP-O8QRH3N with PID 16404 (C:\Users\Parthik\Desktop\Cogzinant details\Project\CDE-Project-International-Patients-treatment-management\IPTreatmentOffering-Microservice\target\classes started by Parthik in C:\Users\Parthik\Desktop\Cogzinant details\Project\CDE-Project-International-Patients-treatment-management\IPTreatmentOffering-Microservice)
2021-06-08_02-16-54 [restartedMain] INFO  c.c.m.IpTreatmentOfferingApplication - No active profile set, falling back to default profiles: default
2021-06-08_02-16-54 [restartedMain] INFO  o.s.d.r.c.RepositoryConfigurationDelegate - Bootstrapping Spring Data JPA repositories in DEFAULT mode.
2021-06-08_02-16-54 [restartedMain] INFO  o.s.d.r.c.RepositoryConfigurationDelegate - Finished Spring Data repository scanning in 27 ms. Found 3 JPA repository interfaces.
2021-06-08_02-16-54 [restartedMain] INFO  o.s.cloud.context.scope.GenericScope - BeanFactory id=7be0195a-b013-3fb9-966a-2ecb8cd53c9b
2021-06-08_02-16-54 [restartedMain] INFO  o.s.c.s.PostProcessorRegistrationDelegate$BeanPostProcessorChecker - Bean 'com.cts.mfpe.feign.AuthorisingClient' of type [org.springframework.cloud.openfeign.FeignClientFactoryBean] is not eligible for getting processed by all BeanPostProcessors (for example: not eligible for auto-proxying)
2021-06-08_02-16-54 [restartedMain] INFO  o.s.b.w.e.tomcat.TomcatWebServer - Tomcat initialized with port(s): 8100 (http)
2021-06-08_02-16-54 [restartedMain] INFO  o.a.coyote.http11.Http11NioProtocol - Initializing ProtocolHandler ["http-nio-8100"]
2021-06-08_02-16-54 [restartedMain] INFO  o.a.catalina.core.StandardService - Starting service [Tomcat]
2021-06-08_02-16-54 [restartedMain] INFO  o.a.catalina.core.StandardEngine - Starting Servlet engine: [Apache Tomcat/9.0.41]
2021-06-08_02-16-54 [restartedMain] INFO  o.a.c.c.C.[.[.[/ipTreatmentOffering] - Initializing Spring embedded WebApplicationContext
2021-06-08_02-16-54 [restartedMain] INFO  o.s.b.w.s.c.ServletWebServerApplicationContext - Root WebApplicationContext: initialization completed in 933 ms
2021-06-08_02-16-54 [restartedMain] INFO  com.zaxxer.hikari.HikariDataSource - HikariPool-3 - Starting...
2021-06-08_02-16-54 [restartedMain] INFO  com.zaxxer.hikari.HikariDataSource - HikariPool-3 - Start completed.
2021-06-08_02-16-54 [restartedMain] INFO  o.s.o.j.LocalContainerEntityManagerFactoryBean - Initialized JPA EntityManagerFactory for persistence unit 'default'
2021-06-08_02-16-54 [restartedMain] INFO  s.d.s.w.PropertySourcedRequestMappingHandlerMapping - Mapped URL path [/v2/api-docs] onto method [springfox.documentation.swagger2.web.Swagger2Controller#getDocumentation(String, HttpServletRequest)]
2021-06-08_02-16-54 [restartedMain] INFO  o.s.s.c.ThreadPoolTaskExecutor - Initializing ExecutorService 'applicationTaskExecutor'
2021-06-08_02-16-54 [restartedMain] INFO  o.s.cloud.commons.util.InetUtils - Cannot determine local hostname
2021-06-08_02-16-54 [restartedMain] INFO  o.a.coyote.http11.Http11NioProtocol - Starting ProtocolHandler ["http-nio-8100"]
2021-06-08_02-16-54 [restartedMain] INFO  o.s.b.w.e.tomcat.TomcatWebServer - Tomcat started on port(s): 8100 (http) with context path '/ipTreatmentOffering'
2021-06-08_02-16-54 [restartedMain] INFO  o.s.cloud.commons.util.InetUtils - Cannot determine local hostname
2021-06-08_02-16-54 [restartedMain] INFO  s.d.s.w.p.DocumentationPluginsBootstrapper - Context refreshed
2021-06-08_02-16-54 [restartedMain] INFO  s.d.s.w.p.DocumentationPluginsBootstrapper - Found 1 custom documentation plugin(s)
2021-06-08_02-16-54 [restartedMain] INFO  s.d.s.w.s.ApiListingReferenceScanner - Scanning for api listing references
2021-06-08_02-16-54 [restartedMain] INFO  c.c.m.IpTreatmentOfferingApplication - Started IpTreatmentOfferingApplication in 6.749 seconds (JVM running for 635.193)
2021-06-08_02-16-54 [restartedMain] INFO  o.s.b.d.a.ConditionEvaluationDeltaLoggingListener - Condition evaluation unchanged
2021-06-08_02-16-54 [http-nio-8100-exec-1] INFO  o.a.c.c.C.[.[.[/ipTreatmentOffering] - Initializing Spring DispatcherServlet 'dispatcherServlet'
2021-06-08_02-16-54 [http-nio-8100-exec-1] INFO  o.s.web.servlet.DispatcherServlet - Initializing Servlet 'dispatcherServlet'
2021-06-08_02-16-54 [http-nio-8100-exec-1] INFO  o.s.web.servlet.DispatcherServlet - Completed initialization in 2 ms
2021-06-08_02-16-54 [RMI TCP Connection(32)-127.0.0.1] INFO  o.s.b.a.SpringApplicationAdminMXBeanRegistrar$SpringApplicationAdmin - Application shutdown requested.
2021-06-08_02-16-54 [RMI TCP Connection(32)-127.0.0.1] INFO  o.s.s.c.ThreadPoolTaskExecutor - Shutting down ExecutorService 'applicationTaskExecutor'
2021-06-08_02-16-54 [RMI TCP Connection(32)-127.0.0.1] INFO  o.s.o.j.LocalContainerEntityManagerFactoryBean - Closing JPA EntityManagerFactory for persistence unit 'default'
2021-06-08_02-16-54 [RMI TCP Connection(32)-127.0.0.1] INFO  com.zaxxer.hikari.HikariDataSource - HikariPool-3 - Shutdown initiated...
2021-06-08_02-16-54 [RMI TCP Connection(32)-127.0.0.1] INFO  com.zaxxer.hikari.HikariDataSource - HikariPool-3 - Shutdown completed.
2021-06-08_02-23-38 [restartedMain] INFO  c.c.m.IpTreatmentOfferingApplication - Starting IpTreatmentOfferingApplication using Java 1.8.0_191 on DESKTOP-O8QRH3N with PID 16240 (C:\Users\Parthik\Desktop\Cogzinant details\Project\CDE-Project-International-Patients-treatment-management\IPTreatmentOffering-Microservice\target\classes started by Parthik in C:\Users\Parthik\Desktop\Cogzinant details\Project\CDE-Project-International-Patients-treatment-management\IPTreatmentOffering-Microservice)
2021-06-08_02-23-38 [restartedMain] INFO  c.c.m.IpTreatmentOfferingApplication - No active profile set, falling back to default profiles: default
2021-06-08_02-23-38 [restartedMain] INFO  o.s.b.d.e.DevToolsPropertyDefaultsPostProcessor - Devtools property defaults active! Set 'spring.devtools.add-properties' to 'false' to disable
2021-06-08_02-23-38 [restartedMain] INFO  o.s.b.d.e.DevToolsPropertyDefaultsPostProcessor - For additional web related logging consider setting the 'logging.level.web' property to 'DEBUG'
2021-06-08_02-23-38 [restartedMain] INFO  o.s.d.r.c.RepositoryConfigurationDelegate - Bootstrapping Spring Data JPA repositories in DEFAULT mode.
2021-06-08_02-23-38 [restartedMain] INFO  o.s.d.r.c.RepositoryConfigurationDelegate - Finished Spring Data repository scanning in 240 ms. Found 3 JPA repository interfaces.
2021-06-08_02-23-38 [restartedMain] INFO  o.s.cloud.context.scope.GenericScope - BeanFactory id=7be0195a-b013-3fb9-966a-2ecb8cd53c9b
2021-06-08_02-23-38 [restartedMain] INFO  o.s.c.s.PostProcessorRegistrationDelegate$BeanPostProcessorChecker - Bean 'com.cts.mfpe.feign.AuthorisingClient' of type [org.springframework.cloud.openfeign.FeignClientFactoryBean] is not eligible for getting processed by all BeanPostProcessors (for example: not eligible for auto-proxying)
2021-06-08_02-23-38 [restartedMain] INFO  o.s.b.w.e.tomcat.TomcatWebServer - Tomcat initialized with port(s): 8100 (http)
2021-06-08_02-23-38 [restartedMain] INFO  o.a.coyote.http11.Http11NioProtocol - Initializing ProtocolHandler ["http-nio-8100"]
2021-06-08_02-23-38 [restartedMain] INFO  o.a.catalina.core.StandardService - Starting service [Tomcat]
2021-06-08_02-23-38 [restartedMain] INFO  o.a.catalina.core.StandardEngine - Starting Servlet engine: [Apache Tomcat/9.0.41]
2021-06-08_02-23-38 [restartedMain] INFO  o.a.c.c.C.[.[.[/ipTreatmentOffering] - Initializing Spring embedded WebApplicationContext
2021-06-08_02-23-38 [restartedMain] INFO  o.s.b.w.s.c.ServletWebServerApplicationContext - Root WebApplicationContext: initialization completed in 6914 ms
2021-06-08_02-23-38 [restartedMain] INFO  com.zaxxer.hikari.HikariDataSource - HikariPool-1 - Starting...
2021-06-08_02-23-38 [restartedMain] INFO  com.zaxxer.hikari.HikariDataSource - HikariPool-1 - Start completed.
2021-06-08_02-23-38 [restartedMain] INFO  o.s.o.j.LocalContainerEntityManagerFactoryBean - Initialized JPA EntityManagerFactory for persistence unit 'default'
2021-06-08_02-23-38 [restartedMain] INFO  s.d.s.w.PropertySourcedRequestMappingHandlerMapping - Mapped URL path [/v2/api-docs] onto method [springfox.documentation.swagger2.web.Swagger2Controller#getDocumentation(String, HttpServletRequest)]
2021-06-08_02-23-38 [restartedMain] INFO  o.s.s.c.ThreadPoolTaskExecutor - Initializing ExecutorService 'applicationTaskExecutor'
2021-06-08_02-23-38 [restartedMain] INFO  o.s.cloud.commons.util.InetUtils - Cannot determine local hostname
2021-06-08_02-23-38 [restartedMain] INFO  o.a.coyote.http11.Http11NioProtocol - Starting ProtocolHandler ["http-nio-8100"]
2021-06-08_02-23-38 [restartedMain] INFO  o.s.b.w.e.tomcat.TomcatWebServer - Tomcat started on port(s): 8100 (http) with context path '/ipTreatmentOffering'
2021-06-08_02-23-38 [restartedMain] INFO  o.s.cloud.commons.util.InetUtils - Cannot determine local hostname
2021-06-08_02-23-38 [restartedMain] INFO  s.d.s.w.p.DocumentationPluginsBootstrapper - Context refreshed
2021-06-08_02-23-38 [restartedMain] INFO  s.d.s.w.p.DocumentationPluginsBootstrapper - Found 1 custom documentation plugin(s)
2021-06-08_02-23-38 [restartedMain] INFO  s.d.s.w.s.ApiListingReferenceScanner - Scanning for api listing references
2021-06-08_02-23-38 [restartedMain] INFO  c.c.m.IpTreatmentOfferingApplication - Started IpTreatmentOfferingApplication in 28.942 seconds (JVM running for 32.79)
2021-06-08_02-23-38 [http-nio-8100-exec-1] INFO  o.a.c.c.C.[.[.[/ipTreatmentOffering] - Initializing Spring DispatcherServlet 'dispatcherServlet'
2021-06-08_02-23-38 [http-nio-8100-exec-1] INFO  o.s.web.servlet.DispatcherServlet - Initializing Servlet 'dispatcherServlet'
2021-06-08_02-23-38 [http-nio-8100-exec-1] INFO  o.s.web.servlet.DispatcherServlet - Completed initialization in 5 ms
2021-06-08_02-23-38 [http-nio-8100-exec-5] INFO  c.c.m.s.IPTreatmentOfferingServiceImpl - [Specialist details:] [SpecialistDetail(specialistId=1, name=Dr Riya, areaOfExpertise=ORTHOPAIDICS, experienceInYears=10, contactNumber=9945672345), SpecialistDetail(specialistId=2, name=Dr Karan, areaOfExpertise=ORTHOPAIDICS, experienceInYears=8, contactNumber=8876523457), SpecialistDetail(specialistId=3, name=Dr Harsh, areaOfExpertise=UROLOGY, experienceInYears=7, contactNumber=9422467465), SpecialistDetail(specialistId=4, name=Dr Shreya, areaOfExpertise=UROLOGY, experienceInYears=11, contactNumber=7568426890)]
2021-06-08_02-23-38 [http-nio-8100-exec-1] INFO  c.c.m.s.IPTreatmentOfferingServiceImpl - [Specialist details:] [SpecialistDetail(specialistId=1, name=Dr Riya, areaOfExpertise=ORTHOPAIDICS, experienceInYears=10, contactNumber=9945672345), SpecialistDetail(specialistId=2, name=Dr Karan, areaOfExpertise=ORTHOPAIDICS, experienceInYears=8, contactNumber=8876523457), SpecialistDetail(specialistId=3, name=Dr Harsh, areaOfExpertise=UROLOGY, experienceInYears=7, contactNumber=9422467465), SpecialistDetail(specialistId=4, name=Dr Shreya, areaOfExpertise=UROLOGY, experienceInYears=11, contactNumber=7568426890), SpecialistDetail(specialistId=5, name=Dr Parthik Shah, areaOfExpertise=ORTHOPAIDICS, experienceInYears=14, contactNumber=9408587579), SpecialistDetail(specialistId=6, name=Dr Shubham Shah, areaOfExpertise=UROLOGY, experienceInYears=7, contactNumber=9737931913), SpecialistDetail(specialistId=7, name=Dr Shubham Shah, areaOfExpertise=UROLOGY, experienceInYears=7, contactNumber=9737931913), SpecialistDetail(specialistId=8, name=Dr Shubham Shah, areaOfExpertise=UROLOGY, experienceInYears=7, contactNumber=9737931913)]
2021-06-08_02-23-38 [http-nio-8100-exec-4] INFO  c.c.m.s.IPTreatmentOfferingServiceImpl - [Specialist details:] [SpecialistDetail(specialistId=1, name=Dr Riya, areaOfExpertise=ORTHOPAIDICS, experienceInYears=10, contactNumber=9945672345), SpecialistDetail(specialistId=2, name=Dr Karan, areaOfExpertise=ORTHOPAIDICS, experienceInYears=8, contactNumber=8876523457), SpecialistDetail(specialistId=3, name=Dr Harsh, areaOfExpertise=UROLOGY, experienceInYears=7, contactNumber=9422467465), SpecialistDetail(specialistId=4, name=Dr Shreya, areaOfExpertise=UROLOGY, experienceInYears=11, contactNumber=7568426890), SpecialistDetail(specialistId=5, name=Dr Parthik Shah, areaOfExpertise=ORTHOPAIDICS, experienceInYears=14, contactNumber=9408587579), SpecialistDetail(specialistId=6, name=Dr Shubham Shah, areaOfExpertise=UROLOGY, experienceInYears=7, contactNumber=9737931913), SpecialistDetail(specialistId=7, name=Dr Shubham Shah, areaOfExpertise=UROLOGY, experienceInYears=7, contactNumber=9737931913), SpecialistDetail(specialistId=8, name=Dr Shubham Shah, areaOfExpertise=UROLOGY, experienceInYears=7, contactNumber=9737931913)]
2021-06-08_02-23-38 [http-nio-8100-exec-3] INFO  c.c.m.s.IPTreatmentOfferingServiceImpl - SpecialistDetail deleted (SpecialistDetail(specialistId=6, name=Dr Shubham Shah, areaOfExpertise=UROLOGY, experienceInYears=7, contactNumber=9737931913)) detail:] 
2021-06-08_02-23-38 [http-nio-8100-exec-6] INFO  c.c.m.s.IPTreatmentOfferingServiceImpl - [Specialist details:] [SpecialistDetail(specialistId=1, name=Dr Riya, areaOfExpertise=ORTHOPAIDICS, experienceInYears=10, contactNumber=9945672345), SpecialistDetail(specialistId=2, name=Dr Karan, areaOfExpertise=ORTHOPAIDICS, experienceInYears=8, contactNumber=8876523457), SpecialistDetail(specialistId=3, name=Dr Harsh, areaOfExpertise=UROLOGY, experienceInYears=7, contactNumber=9422467465), SpecialistDetail(specialistId=4, name=Dr Shreya, areaOfExpertise=UROLOGY, experienceInYears=11, contactNumber=7568426890), SpecialistDetail(specialistId=5, name=Dr Parthik Shah, areaOfExpertise=ORTHOPAIDICS, experienceInYears=14, contactNumber=9408587579), SpecialistDetail(specialistId=7, name=Dr Shubham Shah, areaOfExpertise=UROLOGY, experienceInYears=7, contactNumber=9737931913), SpecialistDetail(specialistId=8, name=Dr Shubham Shah, areaOfExpertise=UROLOGY, experienceInYears=7, contactNumber=9737931913)]
2021-06-08_02-23-38 [http-nio-8100-exec-5] INFO  c.c.m.s.IPTreatmentOfferingServiceImpl - SpecialistDetail deleted (SpecialistDetail(specialistId=7, name=Dr Shubham Shah, areaOfExpertise=UROLOGY, experienceInYears=7, contactNumber=9737931913)) detail:] 
2021-06-08_02-23-38 [http-nio-8100-exec-7] INFO  c.c.m.s.IPTreatmentOfferingServiceImpl - [Specialist details:] [SpecialistDetail(specialistId=1, name=Dr Riya, areaOfExpertise=ORTHOPAIDICS, experienceInYears=10, contactNumber=9945672345), SpecialistDetail(specialistId=2, name=Dr Karan, areaOfExpertise=ORTHOPAIDICS, experienceInYears=8, contactNumber=8876523457), SpecialistDetail(specialistId=3, name=Dr Harsh, areaOfExpertise=UROLOGY, experienceInYears=7, contactNumber=9422467465), SpecialistDetail(specialistId=4, name=Dr Shreya, areaOfExpertise=UROLOGY, experienceInYears=11, contactNumber=7568426890), SpecialistDetail(specialistId=5, name=Dr Parthik Shah, areaOfExpertise=ORTHOPAIDICS, experienceInYears=14, contactNumber=9408587579), SpecialistDetail(specialistId=8, name=Dr Shubham Shah, areaOfExpertise=UROLOGY, experienceInYears=7, contactNumber=9737931913)]
2021-06-08_02-23-38 [http-nio-8100-exec-8] INFO  c.c.m.s.IPTreatmentOfferingServiceImpl - SpecialistDetail deleted (SpecialistDetail(specialistId=8, name=Dr Shubham Shah, areaOfExpertise=UROLOGY, experienceInYears=7, contactNumber=9737931913)) detail:] 
2021-06-08_02-23-38 [http-nio-8100-exec-9] INFO  c.c.m.s.IPTreatmentOfferingServiceImpl - [Specialist details:] [SpecialistDetail(specialistId=1, name=Dr Riya, areaOfExpertise=ORTHOPAIDICS, experienceInYears=10, contactNumber=9945672345), SpecialistDetail(specialistId=2, name=Dr Karan, areaOfExpertise=ORTHOPAIDICS, experienceInYears=8, contactNumber=8876523457), SpecialistDetail(specialistId=3, name=Dr Harsh, areaOfExpertise=UROLOGY, experienceInYears=7, contactNumber=9422467465), SpecialistDetail(specialistId=4, name=Dr Shreya, areaOfExpertise=UROLOGY, experienceInYears=11, contactNumber=7568426890), SpecialistDetail(specialistId=5, name=Dr Parthik Shah, areaOfExpertise=ORTHOPAIDICS, experienceInYears=14, contactNumber=9408587579)]
2021-06-08_02-23-38 [http-nio-8100-exec-1] INFO  c.c.m.s.IPTreatmentOfferingServiceImpl - [Specialist details:] [SpecialistDetail(specialistId=1, name=Dr Riya, areaOfExpertise=ORTHOPAIDICS, experienceInYears=10, contactNumber=9945672345), SpecialistDetail(specialistId=2, name=Dr Karan, areaOfExpertise=ORTHOPAIDICS, experienceInYears=8, contactNumber=8876523457), SpecialistDetail(specialistId=3, name=Dr Harsh, areaOfExpertise=UROLOGY, experienceInYears=7, contactNumber=9422467465), SpecialistDetail(specialistId=4, name=Dr Shreya, areaOfExpertise=UROLOGY, experienceInYears=11, contactNumber=7568426890), SpecialistDetail(specialistId=5, name=Dr Parthik Shah, areaOfExpertise=ORTHOPAIDICS, experienceInYears=14, contactNumber=9408587579)]
2021-06-08_13-51-50 [main] INFO  o.s.b.t.a.o.j.DataJpaTestContextBootstrapper - Neither @ContextConfiguration nor @ContextHierarchy found for test class [com.cts.mfpe.repository.IPTreatmentPackageRepoTest], using SpringBootContextLoader
2021-06-08_13-51-50 [main] INFO  o.s.t.c.s.AbstractContextLoader - Could not detect default resource locations for test class [com.cts.mfpe.repository.IPTreatmentPackageRepoTest]: no resource found for suffixes {-context.xml, Context.groovy}.
2021-06-08_13-51-50 [main] INFO  o.s.t.c.s.AnnotationConfigContextLoaderUtils - Could not detect default configuration classes for test class [com.cts.mfpe.repository.IPTreatmentPackageRepoTest]: IPTreatmentPackageRepoTest does not declare any static, non-private, non-final, nested classes annotated with @Configuration.
2021-06-08_13-51-50 [main] INFO  o.s.b.t.c.SpringBootTestContextBootstrapper - Found @SpringBootConfiguration com.cts.mfpe.IpTreatmentOfferingApplication for test class com.cts.mfpe.repository.IPTreatmentPackageRepoTest
2021-06-08_13-51-50 [main] INFO  o.s.b.t.a.o.j.DataJpaTestContextBootstrapper - Loaded default TestExecutionListener class names from location [META-INF/spring.factories]: [org.springframework.boot.test.mock.mockito.MockitoTestExecutionListener, org.springframework.boot.test.mock.mockito.ResetMocksTestExecutionListener, org.springframework.boot.test.autoconfigure.restdocs.RestDocsTestExecutionListener, org.springframework.boot.test.autoconfigure.web.client.MockRestServiceServerResetTestExecutionListener, org.springframework.boot.test.autoconfigure.web.servlet.MockMvcPrintOnlyOnFailureTestExecutionListener, org.springframework.boot.test.autoconfigure.web.servlet.WebDriverTestExecutionListener, org.springframework.boot.test.autoconfigure.webservices.client.MockWebServiceServerTestExecutionListener, org.springframework.test.context.web.ServletTestExecutionListener, org.springframework.test.context.support.DirtiesContextBeforeModesTestExecutionListener, org.springframework.test.context.event.ApplicationEventsTestExecutionListener, org.springframework.test.context.support.DependencyInjectionTestExecutionListener, org.springframework.test.context.support.DirtiesContextTestExecutionListener, org.springframework.test.context.transaction.TransactionalTestExecutionListener, org.springframework.test.context.jdbc.SqlScriptsTestExecutionListener, org.springframework.test.context.event.EventPublishingTestExecutionListener]
2021-06-08_13-51-50 [main] INFO  o.s.b.t.a.o.j.DataJpaTestContextBootstrapper - Using TestExecutionListeners: [org.springframework.test.context.web.ServletTestExecutionListener@5e2c3d18, org.springframework.test.context.support.DirtiesContextBeforeModesTestExecutionListener@2cb4893b, org.springframework.test.context.event.ApplicationEventsTestExecutionListener@cc43f62, org.springframework.boot.test.mock.mockito.MockitoTestExecutionListener@5b218417, org.springframework.boot.test.autoconfigure.SpringBootDependencyInjectionTestExecutionListener@645aa696, org.springframework.test.context.support.DirtiesContextTestExecutionListener@6caf0677, org.springframework.test.context.transaction.TransactionalTestExecutionListener@413d1baf, org.springframework.test.context.jdbc.SqlScriptsTestExecutionListener@16eb3ea3, org.springframework.test.context.event.EventPublishingTestExecutionListener@273444fe, org.springframework.boot.test.mock.mockito.ResetMocksTestExecutionListener@33bc72d1, org.springframework.boot.test.autoconfigure.restdocs.RestDocsTestExecutionListener@1a75e76a, org.springframework.boot.test.autoconfigure.web.client.MockRestServiceServerResetTestExecutionListener@5524cca1, org.springframework.boot.test.autoconfigure.web.servlet.MockMvcPrintOnlyOnFailureTestExecutionListener@5032714f, org.springframework.boot.test.autoconfigure.web.servlet.WebDriverTestExecutionListener@48bb62, org.springframework.boot.test.autoconfigure.webservices.client.MockWebServiceServerTestExecutionListener@353352b6]
2021-06-08_13-51-53 [main] INFO  c.c.m.r.IPTreatmentPackageRepoTest - Starting IPTreatmentPackageRepoTest using Java 1.8.0_191 on DESKTOP-O8QRH3N with PID 6140 (started by Parthik in C:\Users\Parthik\Desktop\Cogzinant details\Project\CDE-Project-International-Patients-treatment-management\IPTreatmentOffering-Microservice)
2021-06-08_13-51-53 [main] INFO  c.c.m.r.IPTreatmentPackageRepoTest - No active profile set, falling back to default profiles: default
2021-06-08_13-51-53 [main] INFO  o.s.d.r.c.RepositoryConfigurationDelegate - Bootstrapping Spring Data JPA repositories in DEFAULT mode.
2021-06-08_13-51-53 [main] INFO  o.s.d.r.c.RepositoryConfigurationDelegate - Finished Spring Data repository scanning in 298 ms. Found 3 JPA repository interfaces.
2021-06-08_13-51-53 [main] INFO  o.s.c.s.PostProcessorRegistrationDelegate$BeanPostProcessorChecker - Bean 'com.cts.mfpe.feign.AuthorisingClient' of type [org.springframework.cloud.openfeign.FeignClientFactoryBean] is not eligible for getting processed by all BeanPostProcessors (for example: not eligible for auto-proxying)
2021-06-08_13-51-53 [main] INFO  com.zaxxer.hikari.HikariDataSource - HikariPool-1 - Starting...
2021-06-08_13-51-53 [main] INFO  com.zaxxer.hikari.HikariDataSource - HikariPool-1 - Start completed.
2021-06-08_13-51-53 [main] INFO  o.s.o.j.LocalContainerEntityManagerFactoryBean - Initialized JPA EntityManagerFactory for persistence unit 'default'
2021-06-08_13-51-53 [main] INFO  c.c.m.r.IPTreatmentPackageRepoTest - Started IPTreatmentPackageRepoTest in 10.673 seconds (JVM running for 13.437)
2021-06-08_13-51-53 [main] INFO  o.s.t.c.t.TransactionContext - Began transaction (1) for test context [DefaultTestContext@7bfa1eb5 testClass = IPTreatmentPackageRepoTest, testInstance = com.cts.mfpe.repository.IPTreatmentPackageRepoTest@32b46831, testMethod = testfindByName@IPTreatmentPackageRepoTest, testException = [null], mergedContextConfiguration = [MergedContextConfiguration@5353dd09 testClass = IPTreatmentPackageRepoTest, locations = '{}', classes = '{class com.cts.mfpe.IpTreatmentOfferingApplication}', contextInitializerClasses = '[]', activeProfiles = '{}', propertySourceLocations = '{}', propertySourceProperties = '{org.springframework.boot.test.autoconfigure.orm.jpa.DataJpaTestContextBootstrapper=true}', contextCustomizers = set[[ImportsContextCustomizer@320ff86f key = [org.springframework.boot.autoconfigure.cache.CacheAutoConfiguration, org.springframework.boot.autoconfigure.data.jpa.JpaRepositoriesAutoConfiguration, org.springframework.boot.autoconfigure.flyway.FlywayAutoConfiguration, org.springframework.boot.autoconfigure.jdbc.DataSourceAutoConfiguration, org.springframework.boot.autoconfigure.jdbc.DataSourceTransactionManagerAutoConfiguration, org.springframework.boot.autoconfigure.jdbc.JdbcTemplateAutoConfiguration, org.springframework.boot.autoconfigure.liquibase.LiquibaseAutoConfiguration, org.springframework.boot.autoconfigure.orm.jpa.HibernateJpaAutoConfiguration, org.springframework.boot.autoconfigure.transaction.TransactionAutoConfiguration, org.springframework.boot.test.autoconfigure.jdbc.TestDatabaseAutoConfiguration, org.springframework.boot.test.autoconfigure.orm.jpa.TestEntityManagerAutoConfiguration]], org.springframework.boot.test.context.filter.ExcludeFilterContextCustomizer@77eca502, org.springframework.boot.test.json.DuplicateJsonObjectContextCustomizerFactory$DuplicateJsonObjectContextCustomizer@61386958, org.springframework.boot.test.mock.mockito.MockitoContextCustomizer@0, org.springframework.boot.test.autoconfigure.OverrideAutoConfigurationContextCustomizerFactory$DisableAutoConfigurationContextCustomizer@72cde7cc, org.springframework.boot.test.autoconfigure.actuate.metrics.MetricsExportContextCustomizerFactory$DisableMetricExportContextCustomizer@2bfc268b, org.springframework.boot.test.autoconfigure.filter.TypeExcludeFiltersContextCustomizer@351584c0, org.springframework.boot.test.autoconfigure.properties.PropertyMappingContextCustomizer@7ea29f02, org.springframework.boot.test.autoconfigure.web.servlet.WebDriverContextCustomizerFactory$Customizer@48974e45, org.springframework.boot.test.context.SpringBootTestArgs@1, org.springframework.boot.test.context.SpringBootTestWebEnvironment@0], contextLoader = 'org.springframework.boot.test.context.SpringBootContextLoader', parent = [null]], attributes = map['org.springframework.test.context.event.ApplicationEventsTestExecutionListener.recordApplicationEvents' -> false]]; transaction manager [org.springframework.orm.jpa.JpaTransactionManager@6321a5aa]; rollback [true]
2021-06-08_13-51-53 [main] INFO  o.s.t.c.t.TransactionContext - Rolled back transaction for test: [DefaultTestContext@7bfa1eb5 testClass = IPTreatmentPackageRepoTest, testInstance = com.cts.mfpe.repository.IPTreatmentPackageRepoTest@32b46831, testMethod = testfindByName@IPTreatmentPackageRepoTest, testException = [null], mergedContextConfiguration = [MergedContextConfiguration@5353dd09 testClass = IPTreatmentPackageRepoTest, locations = '{}', classes = '{class com.cts.mfpe.IpTreatmentOfferingApplication}', contextInitializerClasses = '[]', activeProfiles = '{}', propertySourceLocations = '{}', propertySourceProperties = '{org.springframework.boot.test.autoconfigure.orm.jpa.DataJpaTestContextBootstrapper=true}', contextCustomizers = set[[ImportsContextCustomizer@320ff86f key = [org.springframework.boot.autoconfigure.cache.CacheAutoConfiguration, org.springframework.boot.autoconfigure.data.jpa.JpaRepositoriesAutoConfiguration, org.springframework.boot.autoconfigure.flyway.FlywayAutoConfiguration, org.springframework.boot.autoconfigure.jdbc.DataSourceAutoConfiguration, org.springframework.boot.autoconfigure.jdbc.DataSourceTransactionManagerAutoConfiguration, org.springframework.boot.autoconfigure.jdbc.JdbcTemplateAutoConfiguration, org.springframework.boot.autoconfigure.liquibase.LiquibaseAutoConfiguration, org.springframework.boot.autoconfigure.orm.jpa.HibernateJpaAutoConfiguration, org.springframework.boot.autoconfigure.transaction.TransactionAutoConfiguration, org.springframework.boot.test.autoconfigure.jdbc.TestDatabaseAutoConfiguration, org.springframework.boot.test.autoconfigure.orm.jpa.TestEntityManagerAutoConfiguration]], org.springframework.boot.test.context.filter.ExcludeFilterContextCustomizer@77eca502, org.springframework.boot.test.json.DuplicateJsonObjectContextCustomizerFactory$DuplicateJsonObjectContextCustomizer@61386958, org.springframework.boot.test.mock.mockito.MockitoContextCustomizer@0, org.springframework.boot.test.autoconfigure.OverrideAutoConfigurationContextCustomizerFactory$DisableAutoConfigurationContextCustomizer@72cde7cc, org.springframework.boot.test.autoconfigure.actuate.metrics.MetricsExportContextCustomizerFactory$DisableMetricExportContextCustomizer@2bfc268b, org.springframework.boot.test.autoconfigure.filter.TypeExcludeFiltersContextCustomizer@351584c0, org.springframework.boot.test.autoconfigure.properties.PropertyMappingContextCustomizer@7ea29f02, org.springframework.boot.test.autoconfigure.web.servlet.WebDriverContextCustomizerFactory$Customizer@48974e45, org.springframework.boot.test.context.SpringBootTestArgs@1, org.springframework.boot.test.context.SpringBootTestWebEnvironment@0], contextLoader = 'org.springframework.boot.test.context.SpringBootContextLoader', parent = [null]], attributes = map['org.springframework.test.context.event.ApplicationEventsTestExecutionListener.recordApplicationEvents' -> false]]
2021-06-08_13-51-53 [main] INFO  o.s.t.c.t.TransactionContext - Began transaction (1) for test context [DefaultTestContext@7bfa1eb5 testClass = IPTreatmentPackageRepoTest, testInstance = com.cts.mfpe.repository.IPTreatmentPackageRepoTest@5efe5b25, testMethod = testfindAll@IPTreatmentPackageRepoTest, testException = [null], mergedContextConfiguration = [MergedContextConfiguration@5353dd09 testClass = IPTreatmentPackageRepoTest, locations = '{}', classes = '{class com.cts.mfpe.IpTreatmentOfferingApplication}', contextInitializerClasses = '[]', activeProfiles = '{}', propertySourceLocations = '{}', propertySourceProperties = '{org.springframework.boot.test.autoconfigure.orm.jpa.DataJpaTestContextBootstrapper=true}', contextCustomizers = set[[ImportsContextCustomizer@320ff86f key = [org.springframework.boot.autoconfigure.cache.CacheAutoConfiguration, org.springframework.boot.autoconfigure.data.jpa.JpaRepositoriesAutoConfiguration, org.springframework.boot.autoconfigure.flyway.FlywayAutoConfiguration, org.springframework.boot.autoconfigure.jdbc.DataSourceAutoConfiguration, org.springframework.boot.autoconfigure.jdbc.DataSourceTransactionManagerAutoConfiguration, org.springframework.boot.autoconfigure.jdbc.JdbcTemplateAutoConfiguration, org.springframework.boot.autoconfigure.liquibase.LiquibaseAutoConfiguration, org.springframework.boot.autoconfigure.orm.jpa.HibernateJpaAutoConfiguration, org.springframework.boot.autoconfigure.transaction.TransactionAutoConfiguration, org.springframework.boot.test.autoconfigure.jdbc.TestDatabaseAutoConfiguration, org.springframework.boot.test.autoconfigure.orm.jpa.TestEntityManagerAutoConfiguration]], org.springframework.boot.test.context.filter.ExcludeFilterContextCustomizer@77eca502, org.springframework.boot.test.json.DuplicateJsonObjectContextCustomizerFactory$DuplicateJsonObjectContextCustomizer@61386958, org.springframework.boot.test.mock.mockito.MockitoContextCustomizer@0, org.springframework.boot.test.autoconfigure.OverrideAutoConfigurationContextCustomizerFactory$DisableAutoConfigurationContextCustomizer@72cde7cc, org.springframework.boot.test.autoconfigure.actuate.metrics.MetricsExportContextCustomizerFactory$DisableMetricExportContextCustomizer@2bfc268b, org.springframework.boot.test.autoconfigure.filter.TypeExcludeFiltersContextCustomizer@351584c0, org.springframework.boot.test.autoconfigure.properties.PropertyMappingContextCustomizer@7ea29f02, org.springframework.boot.test.autoconfigure.web.servlet.WebDriverContextCustomizerFactory$Customizer@48974e45, org.springframework.boot.test.context.SpringBootTestArgs@1, org.springframework.boot.test.context.SpringBootTestWebEnvironment@0], contextLoader = 'org.springframework.boot.test.context.SpringBootContextLoader', parent = [null]], attributes = map['org.springframework.test.context.event.ApplicationEventsTestExecutionListener.recordApplicationEvents' -> false]]; transaction manager [org.springframework.orm.jpa.JpaTransactionManager@6321a5aa]; rollback [true]
2021-06-08_13-51-53 [main] INFO  o.s.t.c.t.TransactionContext - Rolled back transaction for test: [DefaultTestContext@7bfa1eb5 testClass = IPTreatmentPackageRepoTest, testInstance = com.cts.mfpe.repository.IPTreatmentPackageRepoTest@5efe5b25, testMethod = testfindAll@IPTreatmentPackageRepoTest, testException = [null], mergedContextConfiguration = [MergedContextConfiguration@5353dd09 testClass = IPTreatmentPackageRepoTest, locations = '{}', classes = '{class com.cts.mfpe.IpTreatmentOfferingApplication}', contextInitializerClasses = '[]', activeProfiles = '{}', propertySourceLocations = '{}', propertySourceProperties = '{org.springframework.boot.test.autoconfigure.orm.jpa.DataJpaTestContextBootstrapper=true}', contextCustomizers = set[[ImportsContextCustomizer@320ff86f key = [org.springframework.boot.autoconfigure.cache.CacheAutoConfiguration, org.springframework.boot.autoconfigure.data.jpa.JpaRepositoriesAutoConfiguration, org.springframework.boot.autoconfigure.flyway.FlywayAutoConfiguration, org.springframework.boot.autoconfigure.jdbc.DataSourceAutoConfiguration, org.springframework.boot.autoconfigure.jdbc.DataSourceTransactionManagerAutoConfiguration, org.springframework.boot.autoconfigure.jdbc.JdbcTemplateAutoConfiguration, org.springframework.boot.autoconfigure.liquibase.LiquibaseAutoConfiguration, org.springframework.boot.autoconfigure.orm.jpa.HibernateJpaAutoConfiguration, org.springframework.boot.autoconfigure.transaction.TransactionAutoConfiguration, org.springframework.boot.test.autoconfigure.jdbc.TestDatabaseAutoConfiguration, org.springframework.boot.test.autoconfigure.orm.jpa.TestEntityManagerAutoConfiguration]], org.springframework.boot.test.context.filter.ExcludeFilterContextCustomizer@77eca502, org.springframework.boot.test.json.DuplicateJsonObjectContextCustomizerFactory$DuplicateJsonObjectContextCustomizer@61386958, org.springframework.boot.test.mock.mockito.MockitoContextCustomizer@0, org.springframework.boot.test.autoconfigure.OverrideAutoConfigurationContextCustomizerFactory$DisableAutoConfigurationContextCustomizer@72cde7cc, org.springframework.boot.test.autoconfigure.actuate.metrics.MetricsExportContextCustomizerFactory$DisableMetricExportContextCustomizer@2bfc268b, org.springframework.boot.test.autoconfigure.filter.TypeExcludeFiltersContextCustomizer@351584c0, org.springframework.boot.test.autoconfigure.properties.PropertyMappingContextCustomizer@7ea29f02, org.springframework.boot.test.autoconfigure.web.servlet.WebDriverContextCustomizerFactory$Customizer@48974e45, org.springframework.boot.test.context.SpringBootTestArgs@1, org.springframework.boot.test.context.SpringBootTestWebEnvironment@0], contextLoader = 'org.springframework.boot.test.context.SpringBootContextLoader', parent = [null]], attributes = map['org.springframework.test.context.event.ApplicationEventsTestExecutionListener.recordApplicationEvents' -> false]]
2021-06-08_13-51-53 [main] INFO  o.s.t.c.t.TransactionContext - Began transaction (1) for test context [DefaultTestContext@7bfa1eb5 testClass = IPTreatmentPackageRepoTest, testInstance = com.cts.mfpe.repository.IPTreatmentPackageRepoTest@57b1ec84, testMethod = testInvalidfindByName@IPTreatmentPackageRepoTest, testException = [null], mergedContextConfiguration = [MergedContextConfiguration@5353dd09 testClass = IPTreatmentPackageRepoTest, locations = '{}', classes = '{class com.cts.mfpe.IpTreatmentOfferingApplication}', contextInitializerClasses = '[]', activeProfiles = '{}', propertySourceLocations = '{}', propertySourceProperties = '{org.springframework.boot.test.autoconfigure.orm.jpa.DataJpaTestContextBootstrapper=true}', contextCustomizers = set[[ImportsContextCustomizer@320ff86f key = [org.springframework.boot.autoconfigure.cache.CacheAutoConfiguration, org.springframework.boot.autoconfigure.data.jpa.JpaRepositoriesAutoConfiguration, org.springframework.boot.autoconfigure.flyway.FlywayAutoConfiguration, org.springframework.boot.autoconfigure.jdbc.DataSourceAutoConfiguration, org.springframework.boot.autoconfigure.jdbc.DataSourceTransactionManagerAutoConfiguration, org.springframework.boot.autoconfigure.jdbc.JdbcTemplateAutoConfiguration, org.springframework.boot.autoconfigure.liquibase.LiquibaseAutoConfiguration, org.springframework.boot.autoconfigure.orm.jpa.HibernateJpaAutoConfiguration, org.springframework.boot.autoconfigure.transaction.TransactionAutoConfiguration, org.springframework.boot.test.autoconfigure.jdbc.TestDatabaseAutoConfiguration, org.springframework.boot.test.autoconfigure.orm.jpa.TestEntityManagerAutoConfiguration]], org.springframework.boot.test.context.filter.ExcludeFilterContextCustomizer@77eca502, org.springframework.boot.test.json.DuplicateJsonObjectContextCustomizerFactory$DuplicateJsonObjectContextCustomizer@61386958, org.springframework.boot.test.mock.mockito.MockitoContextCustomizer@0, org.springframework.boot.test.autoconfigure.OverrideAutoConfigurationContextCustomizerFactory$DisableAutoConfigurationContextCustomizer@72cde7cc, org.springframework.boot.test.autoconfigure.actuate.metrics.MetricsExportContextCustomizerFactory$DisableMetricExportContextCustomizer@2bfc268b, org.springframework.boot.test.autoconfigure.filter.TypeExcludeFiltersContextCustomizer@351584c0, org.springframework.boot.test.autoconfigure.properties.PropertyMappingContextCustomizer@7ea29f02, org.springframework.boot.test.autoconfigure.web.servlet.WebDriverContextCustomizerFactory$Customizer@48974e45, org.springframework.boot.test.context.SpringBootTestArgs@1, org.springframework.boot.test.context.SpringBootTestWebEnvironment@0], contextLoader = 'org.springframework.boot.test.context.SpringBootContextLoader', parent = [null]], attributes = map['org.springframework.test.context.event.ApplicationEventsTestExecutionListener.recordApplicationEvents' -> false]]; transaction manager [org.springframework.orm.jpa.JpaTransactionManager@6321a5aa]; rollback [true]
2021-06-08_13-51-53 [main] INFO  o.s.t.c.t.TransactionContext - Rolled back transaction for test: [DefaultTestContext@7bfa1eb5 testClass = IPTreatmentPackageRepoTest, testInstance = com.cts.mfpe.repository.IPTreatmentPackageRepoTest@57b1ec84, testMethod = testInvalidfindByName@IPTreatmentPackageRepoTest, testException = [null], mergedContextConfiguration = [MergedContextConfiguration@5353dd09 testClass = IPTreatmentPackageRepoTest, locations = '{}', classes = '{class com.cts.mfpe.IpTreatmentOfferingApplication}', contextInitializerClasses = '[]', activeProfiles = '{}', propertySourceLocations = '{}', propertySourceProperties = '{org.springframework.boot.test.autoconfigure.orm.jpa.DataJpaTestContextBootstrapper=true}', contextCustomizers = set[[ImportsContextCustomizer@320ff86f key = [org.springframework.boot.autoconfigure.cache.CacheAutoConfiguration, org.springframework.boot.autoconfigure.data.jpa.JpaRepositoriesAutoConfiguration, org.springframework.boot.autoconfigure.flyway.FlywayAutoConfiguration, org.springframework.boot.autoconfigure.jdbc.DataSourceAutoConfiguration, org.springframework.boot.autoconfigure.jdbc.DataSourceTransactionManagerAutoConfiguration, org.springframework.boot.autoconfigure.jdbc.JdbcTemplateAutoConfiguration, org.springframework.boot.autoconfigure.liquibase.LiquibaseAutoConfiguration, org.springframework.boot.autoconfigure.orm.jpa.HibernateJpaAutoConfiguration, org.springframework.boot.autoconfigure.transaction.TransactionAutoConfiguration, org.springframework.boot.test.autoconfigure.jdbc.TestDatabaseAutoConfiguration, org.springframework.boot.test.autoconfigure.orm.jpa.TestEntityManagerAutoConfiguration]], org.springframework.boot.test.context.filter.ExcludeFilterContextCustomizer@77eca502, org.springframework.boot.test.json.DuplicateJsonObjectContextCustomizerFactory$DuplicateJsonObjectContextCustomizer@61386958, org.springframework.boot.test.mock.mockito.MockitoContextCustomizer@0, org.springframework.boot.test.autoconfigure.OverrideAutoConfigurationContextCustomizerFactory$DisableAutoConfigurationContextCustomizer@72cde7cc, org.springframework.boot.test.autoconfigure.actuate.metrics.MetricsExportContextCustomizerFactory$DisableMetricExportContextCustomizer@2bfc268b, org.springframework.boot.test.autoconfigure.filter.TypeExcludeFiltersContextCustomizer@351584c0, org.springframework.boot.test.autoconfigure.properties.PropertyMappingContextCustomizer@7ea29f02, org.springframework.boot.test.autoconfigure.web.servlet.WebDriverContextCustomizerFactory$Customizer@48974e45, org.springframework.boot.test.context.SpringBootTestArgs@1, org.springframework.boot.test.context.SpringBootTestWebEnvironment@0], contextLoader = 'org.springframework.boot.test.context.SpringBootContextLoader', parent = [null]], attributes = map['org.springframework.test.context.event.ApplicationEventsTestExecutionListener.recordApplicationEvents' -> false]]
2021-06-08_13-51-53 [SpringContextShutdownHook] INFO  o.s.o.j.LocalContainerEntityManagerFactoryBean - Closing JPA EntityManagerFactory for persistence unit 'default'
2021-06-08_13-51-53 [SpringContextShutdownHook] INFO  com.zaxxer.hikari.HikariDataSource - HikariPool-1 - Shutdown initiated...
2021-06-08_13-51-53 [SpringContextShutdownHook] INFO  com.zaxxer.hikari.HikariDataSource - HikariPool-1 - Shutdown completed.
2021-06-08_13-52-16 [main] INFO  o.s.b.t.a.o.j.DataJpaTestContextBootstrapper - Neither @ContextConfiguration nor @ContextHierarchy found for test class [com.cts.mfpe.repository.SpecialistDetailRepoTest], using SpringBootContextLoader
2021-06-08_13-52-16 [main] INFO  o.s.t.c.s.AbstractContextLoader - Could not detect default resource locations for test class [com.cts.mfpe.repository.SpecialistDetailRepoTest]: no resource found for suffixes {-context.xml, Context.groovy}.
2021-06-08_13-52-16 [main] INFO  o.s.t.c.s.AnnotationConfigContextLoaderUtils - Could not detect default configuration classes for test class [com.cts.mfpe.repository.SpecialistDetailRepoTest]: SpecialistDetailRepoTest does not declare any static, non-private, non-final, nested classes annotated with @Configuration.
2021-06-08_13-52-16 [main] INFO  o.s.b.t.c.SpringBootTestContextBootstrapper - Found @SpringBootConfiguration com.cts.mfpe.IpTreatmentOfferingApplication for test class com.cts.mfpe.repository.SpecialistDetailRepoTest
2021-06-08_13-52-16 [main] INFO  o.s.b.t.a.o.j.DataJpaTestContextBootstrapper - Loaded default TestExecutionListener class names from location [META-INF/spring.factories]: [org.springframework.boot.test.mock.mockito.MockitoTestExecutionListener, org.springframework.boot.test.mock.mockito.ResetMocksTestExecutionListener, org.springframework.boot.test.autoconfigure.restdocs.RestDocsTestExecutionListener, org.springframework.boot.test.autoconfigure.web.client.MockRestServiceServerResetTestExecutionListener, org.springframework.boot.test.autoconfigure.web.servlet.MockMvcPrintOnlyOnFailureTestExecutionListener, org.springframework.boot.test.autoconfigure.web.servlet.WebDriverTestExecutionListener, org.springframework.boot.test.autoconfigure.webservices.client.MockWebServiceServerTestExecutionListener, org.springframework.test.context.web.ServletTestExecutionListener, org.springframework.test.context.support.DirtiesContextBeforeModesTestExecutionListener, org.springframework.test.context.event.ApplicationEventsTestExecutionListener, org.springframework.test.context.support.DependencyInjectionTestExecutionListener, org.springframework.test.context.support.DirtiesContextTestExecutionListener, org.springframework.test.context.transaction.TransactionalTestExecutionListener, org.springframework.test.context.jdbc.SqlScriptsTestExecutionListener, org.springframework.test.context.event.EventPublishingTestExecutionListener]
2021-06-08_13-52-16 [main] INFO  o.s.b.t.a.o.j.DataJpaTestContextBootstrapper - Using TestExecutionListeners: [org.springframework.test.context.web.ServletTestExecutionListener@5e2c3d18, org.springframework.test.context.support.DirtiesContextBeforeModesTestExecutionListener@2cb4893b, org.springframework.test.context.event.ApplicationEventsTestExecutionListener@cc43f62, org.springframework.boot.test.mock.mockito.MockitoTestExecutionListener@5b218417, org.springframework.boot.test.autoconfigure.SpringBootDependencyInjectionTestExecutionListener@645aa696, org.springframework.test.context.support.DirtiesContextTestExecutionListener@6caf0677, org.springframework.test.context.transaction.TransactionalTestExecutionListener@413d1baf, org.springframework.test.context.jdbc.SqlScriptsTestExecutionListener@16eb3ea3, org.springframework.test.context.event.EventPublishingTestExecutionListener@273444fe, org.springframework.boot.test.mock.mockito.ResetMocksTestExecutionListener@33bc72d1, org.springframework.boot.test.autoconfigure.restdocs.RestDocsTestExecutionListener@1a75e76a, org.springframework.boot.test.autoconfigure.web.client.MockRestServiceServerResetTestExecutionListener@5524cca1, org.springframework.boot.test.autoconfigure.web.servlet.MockMvcPrintOnlyOnFailureTestExecutionListener@5032714f, org.springframework.boot.test.autoconfigure.web.servlet.WebDriverTestExecutionListener@48bb62, org.springframework.boot.test.autoconfigure.webservices.client.MockWebServiceServerTestExecutionListener@353352b6]
2021-06-08_13-52-19 [main] INFO  c.c.m.r.SpecialistDetailRepoTest - Starting SpecialistDetailRepoTest using Java 1.8.0_191 on DESKTOP-O8QRH3N with PID 11204 (started by Parthik in C:\Users\Parthik\Desktop\Cogzinant details\Project\CDE-Project-International-Patients-treatment-management\IPTreatmentOffering-Microservice)
2021-06-08_13-52-19 [main] INFO  c.c.m.r.SpecialistDetailRepoTest - No active profile set, falling back to default profiles: default
2021-06-08_13-52-19 [main] INFO  o.s.d.r.c.RepositoryConfigurationDelegate - Bootstrapping Spring Data JPA repositories in DEFAULT mode.
2021-06-08_13-52-19 [main] INFO  o.s.d.r.c.RepositoryConfigurationDelegate - Finished Spring Data repository scanning in 218 ms. Found 3 JPA repository interfaces.
2021-06-08_13-52-19 [main] INFO  o.s.c.s.PostProcessorRegistrationDelegate$BeanPostProcessorChecker - Bean 'com.cts.mfpe.feign.AuthorisingClient' of type [org.springframework.cloud.openfeign.FeignClientFactoryBean] is not eligible for getting processed by all BeanPostProcessors (for example: not eligible for auto-proxying)
2021-06-08_13-52-19 [main] INFO  com.zaxxer.hikari.HikariDataSource - HikariPool-1 - Starting...
2021-06-08_13-52-19 [main] INFO  com.zaxxer.hikari.HikariDataSource - HikariPool-1 - Start completed.
2021-06-08_13-52-19 [main] INFO  o.s.o.j.LocalContainerEntityManagerFactoryBean - Initialized JPA EntityManagerFactory for persistence unit 'default'
2021-06-08_13-52-19 [main] INFO  c.c.m.r.SpecialistDetailRepoTest - Started SpecialistDetailRepoTest in 10.413 seconds (JVM running for 12.684)
2021-06-08_13-52-19 [main] INFO  o.s.t.c.t.TransactionContext - Began transaction (1) for test context [DefaultTestContext@7bfa1eb5 testClass = SpecialistDetailRepoTest, testInstance = com.cts.mfpe.repository.SpecialistDetailRepoTest@32b46831, testMethod = testfindAll@SpecialistDetailRepoTest, testException = [null], mergedContextConfiguration = [MergedContextConfiguration@5353dd09 testClass = SpecialistDetailRepoTest, locations = '{}', classes = '{class com.cts.mfpe.IpTreatmentOfferingApplication}', contextInitializerClasses = '[]', activeProfiles = '{}', propertySourceLocations = '{}', propertySourceProperties = '{org.springframework.boot.test.autoconfigure.orm.jpa.DataJpaTestContextBootstrapper=true}', contextCustomizers = set[[ImportsContextCustomizer@320ff86f key = [org.springframework.boot.autoconfigure.cache.CacheAutoConfiguration, org.springframework.boot.autoconfigure.data.jpa.JpaRepositoriesAutoConfiguration, org.springframework.boot.autoconfigure.flyway.FlywayAutoConfiguration, org.springframework.boot.autoconfigure.jdbc.DataSourceAutoConfiguration, org.springframework.boot.autoconfigure.jdbc.DataSourceTransactionManagerAutoConfiguration, org.springframework.boot.autoconfigure.jdbc.JdbcTemplateAutoConfiguration, org.springframework.boot.autoconfigure.liquibase.LiquibaseAutoConfiguration, org.springframework.boot.autoconfigure.orm.jpa.HibernateJpaAutoConfiguration, org.springframework.boot.autoconfigure.transaction.TransactionAutoConfiguration, org.springframework.boot.test.autoconfigure.jdbc.TestDatabaseAutoConfiguration, org.springframework.boot.test.autoconfigure.orm.jpa.TestEntityManagerAutoConfiguration]], org.springframework.boot.test.context.filter.ExcludeFilterContextCustomizer@77eca502, org.springframework.boot.test.json.DuplicateJsonObjectContextCustomizerFactory$DuplicateJsonObjectContextCustomizer@61386958, org.springframework.boot.test.mock.mockito.MockitoContextCustomizer@0, org.springframework.boot.test.autoconfigure.OverrideAutoConfigurationContextCustomizerFactory$DisableAutoConfigurationContextCustomizer@72cde7cc, org.springframework.boot.test.autoconfigure.actuate.metrics.MetricsExportContextCustomizerFactory$DisableMetricExportContextCustomizer@2bfc268b, org.springframework.boot.test.autoconfigure.filter.TypeExcludeFiltersContextCustomizer@351584c0, org.springframework.boot.test.autoconfigure.properties.PropertyMappingContextCustomizer@f02574f5, org.springframework.boot.test.autoconfigure.web.servlet.WebDriverContextCustomizerFactory$Customizer@48974e45, org.springframework.boot.test.context.SpringBootTestArgs@1, org.springframework.boot.test.context.SpringBootTestWebEnvironment@0], contextLoader = 'org.springframework.boot.test.context.SpringBootContextLoader', parent = [null]], attributes = map['org.springframework.test.context.event.ApplicationEventsTestExecutionListener.recordApplicationEvents' -> false]]; transaction manager [org.springframework.orm.jpa.JpaTransactionManager@6321a5aa]; rollback [true]
2021-06-08_13-52-19 [main] INFO  o.s.t.c.t.TransactionContext - Rolled back transaction for test: [DefaultTestContext@7bfa1eb5 testClass = SpecialistDetailRepoTest, testInstance = com.cts.mfpe.repository.SpecialistDetailRepoTest@32b46831, testMethod = testfindAll@SpecialistDetailRepoTest, testException = java.lang.AssertionError: 
Expected size:<6> but was:<7> in:
<[SpecialistDetail(specialistId=1, name=Dr Riya, areaOfExpertise=ORTHOPAIDICS, experienceInYears=10, contactNumber=9945672345),
    SpecialistDetail(specialistId=2, name=Dr Karan, areaOfExpertise=ORTHOPAIDICS, experienceInYears=8, contactNumber=8876523457),
    SpecialistDetail(specialistId=3, name=Dr Harsh, areaOfExpertise=UROLOGY, experienceInYears=7, contactNumber=9422467465),
    SpecialistDetail(specialistId=4, name=Dr Shreya, areaOfExpertise=UROLOGY, experienceInYears=11, contactNumber=7568426890),
    SpecialistDetail(specialistId=5, name=Dr Parthik Shah, areaOfExpertise=ORTHOPAIDICS, experienceInYears=14, contactNumber=9408587579),
    SpecialistDetail(specialistId=13, name=Dr Raj, areaOfExpertise=ORTHOPAIDICS, experienceInYears=10, contactNumber=9876543210),
    SpecialistDetail(specialistId=14, name=Dr Kunal, areaOfExpertise=UROLOGY, experienceInYears=8, contactNumber=9223344556)]>, mergedContextConfiguration = [MergedContextConfiguration@5353dd09 testClass = SpecialistDetailRepoTest, locations = '{}', classes = '{class com.cts.mfpe.IpTreatmentOfferingApplication}', contextInitializerClasses = '[]', activeProfiles = '{}', propertySourceLocations = '{}', propertySourceProperties = '{org.springframework.boot.test.autoconfigure.orm.jpa.DataJpaTestContextBootstrapper=true}', contextCustomizers = set[[ImportsContextCustomizer@320ff86f key = [org.springframework.boot.autoconfigure.cache.CacheAutoConfiguration, org.springframework.boot.autoconfigure.data.jpa.JpaRepositoriesAutoConfiguration, org.springframework.boot.autoconfigure.flyway.FlywayAutoConfiguration, org.springframework.boot.autoconfigure.jdbc.DataSourceAutoConfiguration, org.springframework.boot.autoconfigure.jdbc.DataSourceTransactionManagerAutoConfiguration, org.springframework.boot.autoconfigure.jdbc.JdbcTemplateAutoConfiguration, org.springframework.boot.autoconfigure.liquibase.LiquibaseAutoConfiguration, org.springframework.boot.autoconfigure.orm.jpa.HibernateJpaAutoConfiguration, org.springframework.boot.autoconfigure.transaction.TransactionAutoConfiguration, org.springframework.boot.test.autoconfigure.jdbc.TestDatabaseAutoConfiguration, org.springframework.boot.test.autoconfigure.orm.jpa.TestEntityManagerAutoConfiguration]], org.springframework.boot.test.context.filter.ExcludeFilterContextCustomizer@77eca502, org.springframework.boot.test.json.DuplicateJsonObjectContextCustomizerFactory$DuplicateJsonObjectContextCustomizer@61386958, org.springframework.boot.test.mock.mockito.MockitoContextCustomizer@0, org.springframework.boot.test.autoconfigure.OverrideAutoConfigurationContextCustomizerFactory$DisableAutoConfigurationContextCustomizer@72cde7cc, org.springframework.boot.test.autoconfigure.actuate.metrics.MetricsExportContextCustomizerFactory$DisableMetricExportContextCustomizer@2bfc268b, org.springframework.boot.test.autoconfigure.filter.TypeExcludeFiltersContextCustomizer@351584c0, org.springframework.boot.test.autoconfigure.properties.PropertyMappingContextCustomizer@f02574f5, org.springframework.boot.test.autoconfigure.web.servlet.WebDriverContextCustomizerFactory$Customizer@48974e45, org.springframework.boot.test.context.SpringBootTestArgs@1, org.springframework.boot.test.context.SpringBootTestWebEnvironment@0], contextLoader = 'org.springframework.boot.test.context.SpringBootContextLoader', parent = [null]], attributes = map['org.springframework.test.context.event.ApplicationEventsTestExecutionListener.recordApplicationEvents' -> false]]
2021-06-08_13-52-19 [SpringContextShutdownHook] INFO  o.s.o.j.LocalContainerEntityManagerFactoryBean - Closing JPA EntityManagerFactory for persistence unit 'default'
2021-06-08_13-52-19 [SpringContextShutdownHook] INFO  com.zaxxer.hikari.HikariDataSource - HikariPool-1 - Shutdown initiated...
2021-06-08_13-52-19 [SpringContextShutdownHook] INFO  com.zaxxer.hikari.HikariDataSource - HikariPool-1 - Shutdown completed.
2021-06-08_13-53-11 [main] INFO  o.s.b.t.a.o.j.DataJpaTestContextBootstrapper - Neither @ContextConfiguration nor @ContextHierarchy found for test class [com.cts.mfpe.repository.SpecialistDetailRepoTest], using SpringBootContextLoader
2021-06-08_13-53-11 [main] INFO  o.s.t.c.s.AbstractContextLoader - Could not detect default resource locations for test class [com.cts.mfpe.repository.SpecialistDetailRepoTest]: no resource found for suffixes {-context.xml, Context.groovy}.
2021-06-08_13-53-11 [main] INFO  o.s.t.c.s.AnnotationConfigContextLoaderUtils - Could not detect default configuration classes for test class [com.cts.mfpe.repository.SpecialistDetailRepoTest]: SpecialistDetailRepoTest does not declare any static, non-private, non-final, nested classes annotated with @Configuration.
2021-06-08_13-53-11 [main] INFO  o.s.b.t.c.SpringBootTestContextBootstrapper - Found @SpringBootConfiguration com.cts.mfpe.IpTreatmentOfferingApplication for test class com.cts.mfpe.repository.SpecialistDetailRepoTest
2021-06-08_13-53-11 [main] INFO  o.s.b.t.a.o.j.DataJpaTestContextBootstrapper - Loaded default TestExecutionListener class names from location [META-INF/spring.factories]: [org.springframework.boot.test.mock.mockito.MockitoTestExecutionListener, org.springframework.boot.test.mock.mockito.ResetMocksTestExecutionListener, org.springframework.boot.test.autoconfigure.restdocs.RestDocsTestExecutionListener, org.springframework.boot.test.autoconfigure.web.client.MockRestServiceServerResetTestExecutionListener, org.springframework.boot.test.autoconfigure.web.servlet.MockMvcPrintOnlyOnFailureTestExecutionListener, org.springframework.boot.test.autoconfigure.web.servlet.WebDriverTestExecutionListener, org.springframework.boot.test.autoconfigure.webservices.client.MockWebServiceServerTestExecutionListener, org.springframework.test.context.web.ServletTestExecutionListener, org.springframework.test.context.support.DirtiesContextBeforeModesTestExecutionListener, org.springframework.test.context.event.ApplicationEventsTestExecutionListener, org.springframework.test.context.support.DependencyInjectionTestExecutionListener, org.springframework.test.context.support.DirtiesContextTestExecutionListener, org.springframework.test.context.transaction.TransactionalTestExecutionListener, org.springframework.test.context.jdbc.SqlScriptsTestExecutionListener, org.springframework.test.context.event.EventPublishingTestExecutionListener]
2021-06-08_13-53-11 [main] INFO  o.s.b.t.a.o.j.DataJpaTestContextBootstrapper - Using TestExecutionListeners: [org.springframework.test.context.web.ServletTestExecutionListener@5e2c3d18, org.springframework.test.context.support.DirtiesContextBeforeModesTestExecutionListener@2cb4893b, org.springframework.test.context.event.ApplicationEventsTestExecutionListener@cc43f62, org.springframework.boot.test.mock.mockito.MockitoTestExecutionListener@5b218417, org.springframework.boot.test.autoconfigure.SpringBootDependencyInjectionTestExecutionListener@645aa696, org.springframework.test.context.support.DirtiesContextTestExecutionListener@6caf0677, org.springframework.test.context.transaction.TransactionalTestExecutionListener@413d1baf, org.springframework.test.context.jdbc.SqlScriptsTestExecutionListener@16eb3ea3, org.springframework.test.context.event.EventPublishingTestExecutionListener@273444fe, org.springframework.boot.test.mock.mockito.ResetMocksTestExecutionListener@33bc72d1, org.springframework.boot.test.autoconfigure.restdocs.RestDocsTestExecutionListener@1a75e76a, org.springframework.boot.test.autoconfigure.web.client.MockRestServiceServerResetTestExecutionListener@5524cca1, org.springframework.boot.test.autoconfigure.web.servlet.MockMvcPrintOnlyOnFailureTestExecutionListener@5032714f, org.springframework.boot.test.autoconfigure.web.servlet.WebDriverTestExecutionListener@48bb62, org.springframework.boot.test.autoconfigure.webservices.client.MockWebServiceServerTestExecutionListener@353352b6]
2021-06-08_13-53-14 [main] INFO  c.c.m.r.SpecialistDetailRepoTest - Starting SpecialistDetailRepoTest using Java 1.8.0_191 on DESKTOP-O8QRH3N with PID 15980 (started by Parthik in C:\Users\Parthik\Desktop\Cogzinant details\Project\CDE-Project-International-Patients-treatment-management\IPTreatmentOffering-Microservice)
2021-06-08_13-53-14 [main] INFO  c.c.m.r.SpecialistDetailRepoTest - No active profile set, falling back to default profiles: default
2021-06-08_13-53-14 [main] INFO  o.s.d.r.c.RepositoryConfigurationDelegate - Bootstrapping Spring Data JPA repositories in DEFAULT mode.
2021-06-08_13-53-14 [main] INFO  o.s.d.r.c.RepositoryConfigurationDelegate - Finished Spring Data repository scanning in 210 ms. Found 3 JPA repository interfaces.
2021-06-08_13-53-14 [main] INFO  o.s.c.s.PostProcessorRegistrationDelegate$BeanPostProcessorChecker - Bean 'com.cts.mfpe.feign.AuthorisingClient' of type [org.springframework.cloud.openfeign.FeignClientFactoryBean] is not eligible for getting processed by all BeanPostProcessors (for example: not eligible for auto-proxying)
2021-06-08_13-53-14 [main] INFO  com.zaxxer.hikari.HikariDataSource - HikariPool-1 - Starting...
2021-06-08_13-53-14 [main] INFO  com.zaxxer.hikari.HikariDataSource - HikariPool-1 - Start completed.
2021-06-08_13-53-14 [main] INFO  o.s.o.j.LocalContainerEntityManagerFactoryBean - Initialized JPA EntityManagerFactory for persistence unit 'default'
2021-06-08_13-53-14 [main] INFO  c.c.m.r.SpecialistDetailRepoTest - Started SpecialistDetailRepoTest in 9.884 seconds (JVM running for 11.968)
2021-06-08_13-53-14 [main] INFO  o.s.t.c.t.TransactionContext - Began transaction (1) for test context [DefaultTestContext@55fb36de testClass = SpecialistDetailRepoTest, testInstance = com.cts.mfpe.repository.SpecialistDetailRepoTest@63a7781, testMethod = testfindAll@SpecialistDetailRepoTest, testException = [null], mergedContextConfiguration = [MergedContextConfiguration@73b74615 testClass = SpecialistDetailRepoTest, locations = '{}', classes = '{class com.cts.mfpe.IpTreatmentOfferingApplication}', contextInitializerClasses = '[]', activeProfiles = '{}', propertySourceLocations = '{}', propertySourceProperties = '{org.springframework.boot.test.autoconfigure.orm.jpa.DataJpaTestContextBootstrapper=true}', contextCustomizers = set[[ImportsContextCustomizer@22686ddb key = [org.springframework.boot.autoconfigure.cache.CacheAutoConfiguration, org.springframework.boot.autoconfigure.data.jpa.JpaRepositoriesAutoConfiguration, org.springframework.boot.autoconfigure.flyway.FlywayAutoConfiguration, org.springframework.boot.autoconfigure.jdbc.DataSourceAutoConfiguration, org.springframework.boot.autoconfigure.jdbc.DataSourceTransactionManagerAutoConfiguration, org.springframework.boot.autoconfigure.jdbc.JdbcTemplateAutoConfiguration, org.springframework.boot.autoconfigure.liquibase.LiquibaseAutoConfiguration, org.springframework.boot.autoconfigure.orm.jpa.HibernateJpaAutoConfiguration, org.springframework.boot.autoconfigure.transaction.TransactionAutoConfiguration, org.springframework.boot.test.autoconfigure.jdbc.TestDatabaseAutoConfiguration, org.springframework.boot.test.autoconfigure.orm.jpa.TestEntityManagerAutoConfiguration]], org.springframework.boot.test.context.filter.ExcludeFilterContextCustomizer@77eca502, org.springframework.boot.test.json.DuplicateJsonObjectContextCustomizerFactory$DuplicateJsonObjectContextCustomizer@61386958, org.springframework.boot.test.mock.mockito.MockitoContextCustomizer@0, org.springframework.boot.test.autoconfigure.OverrideAutoConfigurationContextCustomizerFactory$DisableAutoConfigurationContextCustomizer@72cde7cc, org.springframework.boot.test.autoconfigure.actuate.metrics.MetricsExportContextCustomizerFactory$DisableMetricExportContextCustomizer@2bfc268b, org.springframework.boot.test.autoconfigure.filter.TypeExcludeFiltersContextCustomizer@351584c0, org.springframework.boot.test.autoconfigure.properties.PropertyMappingContextCustomizer@f02574f5, org.springframework.boot.test.autoconfigure.web.servlet.WebDriverContextCustomizerFactory$Customizer@48974e45, org.springframework.boot.test.context.SpringBootTestArgs@1, org.springframework.boot.test.context.SpringBootTestWebEnvironment@0], contextLoader = 'org.springframework.boot.test.context.SpringBootContextLoader', parent = [null]], attributes = map['org.springframework.test.context.event.ApplicationEventsTestExecutionListener.recordApplicationEvents' -> false]]; transaction manager [org.springframework.orm.jpa.JpaTransactionManager@6321a5aa]; rollback [true]
2021-06-08_13-53-14 [main] INFO  o.s.t.c.t.TransactionContext - Rolled back transaction for test: [DefaultTestContext@55fb36de testClass = SpecialistDetailRepoTest, testInstance = com.cts.mfpe.repository.SpecialistDetailRepoTest@63a7781, testMethod = testfindAll@SpecialistDetailRepoTest, testException = [null], mergedContextConfiguration = [MergedContextConfiguration@73b74615 testClass = SpecialistDetailRepoTest, locations = '{}', classes = '{class com.cts.mfpe.IpTreatmentOfferingApplication}', contextInitializerClasses = '[]', activeProfiles = '{}', propertySourceLocations = '{}', propertySourceProperties = '{org.springframework.boot.test.autoconfigure.orm.jpa.DataJpaTestContextBootstrapper=true}', contextCustomizers = set[[ImportsContextCustomizer@22686ddb key = [org.springframework.boot.autoconfigure.cache.CacheAutoConfiguration, org.springframework.boot.autoconfigure.data.jpa.JpaRepositoriesAutoConfiguration, org.springframework.boot.autoconfigure.flyway.FlywayAutoConfiguration, org.springframework.boot.autoconfigure.jdbc.DataSourceAutoConfiguration, org.springframework.boot.autoconfigure.jdbc.DataSourceTransactionManagerAutoConfiguration, org.springframework.boot.autoconfigure.jdbc.JdbcTemplateAutoConfiguration, org.springframework.boot.autoconfigure.liquibase.LiquibaseAutoConfiguration, org.springframework.boot.autoconfigure.orm.jpa.HibernateJpaAutoConfiguration, org.springframework.boot.autoconfigure.transaction.TransactionAutoConfiguration, org.springframework.boot.test.autoconfigure.jdbc.TestDatabaseAutoConfiguration, org.springframework.boot.test.autoconfigure.orm.jpa.TestEntityManagerAutoConfiguration]], org.springframework.boot.test.context.filter.ExcludeFilterContextCustomizer@77eca502, org.springframework.boot.test.json.DuplicateJsonObjectContextCustomizerFactory$DuplicateJsonObjectContextCustomizer@61386958, org.springframework.boot.test.mock.mockito.MockitoContextCustomizer@0, org.springframework.boot.test.autoconfigure.OverrideAutoConfigurationContextCustomizerFactory$DisableAutoConfigurationContextCustomizer@72cde7cc, org.springframework.boot.test.autoconfigure.actuate.metrics.MetricsExportContextCustomizerFactory$DisableMetricExportContextCustomizer@2bfc268b, org.springframework.boot.test.autoconfigure.filter.TypeExcludeFiltersContextCustomizer@351584c0, org.springframework.boot.test.autoconfigure.properties.PropertyMappingContextCustomizer@f02574f5, org.springframework.boot.test.autoconfigure.web.servlet.WebDriverContextCustomizerFactory$Customizer@48974e45, org.springframework.boot.test.context.SpringBootTestArgs@1, org.springframework.boot.test.context.SpringBootTestWebEnvironment@0], contextLoader = 'org.springframework.boot.test.context.SpringBootContextLoader', parent = [null]], attributes = map['org.springframework.test.context.event.ApplicationEventsTestExecutionListener.recordApplicationEvents' -> false]]
2021-06-08_13-53-14 [SpringContextShutdownHook] INFO  o.s.o.j.LocalContainerEntityManagerFactoryBean - Closing JPA EntityManagerFactory for persistence unit 'default'
2021-06-08_13-53-14 [SpringContextShutdownHook] INFO  com.zaxxer.hikari.HikariDataSource - HikariPool-1 - Shutdown initiated...
2021-06-08_13-53-14 [SpringContextShutdownHook] INFO  com.zaxxer.hikari.HikariDataSource - HikariPool-1 - Shutdown completed.
2021-06-08_17-46-21 [restartedMain] INFO  c.c.m.IpTreatmentOfferingApplication - Starting IpTreatmentOfferingApplication using Java 1.8.0_191 on DESKTOP-O8QRH3N with PID 13780 (C:\Users\Parthik\Desktop\Cogzinant details\Project\CDE-Project-International-Patients-treatment-management\IPTreatmentOffering-Microservice\target\classes started by Parthik in C:\Users\Parthik\Desktop\Cogzinant details\Project\CDE-Project-International-Patients-treatment-management\IPTreatmentOffering-Microservice)
2021-06-08_17-46-21 [restartedMain] INFO  c.c.m.IpTreatmentOfferingApplication - No active profile set, falling back to default profiles: default
2021-06-08_17-46-21 [restartedMain] INFO  o.s.b.d.e.DevToolsPropertyDefaultsPostProcessor - Devtools property defaults active! Set 'spring.devtools.add-properties' to 'false' to disable
2021-06-08_17-46-21 [restartedMain] INFO  o.s.b.d.e.DevToolsPropertyDefaultsPostProcessor - For additional web related logging consider setting the 'logging.level.web' property to 'DEBUG'
2021-06-08_17-46-21 [restartedMain] INFO  o.s.d.r.c.RepositoryConfigurationDelegate - Bootstrapping Spring Data JPA repositories in DEFAULT mode.
2021-06-08_17-46-21 [restartedMain] INFO  o.s.d.r.c.RepositoryConfigurationDelegate - Finished Spring Data repository scanning in 597 ms. Found 3 JPA repository interfaces.
2021-06-08_17-46-21 [restartedMain] INFO  o.s.cloud.context.scope.GenericScope - BeanFactory id=7be0195a-b013-3fb9-966a-2ecb8cd53c9b
2021-06-08_17-46-21 [restartedMain] INFO  o.s.c.s.PostProcessorRegistrationDelegate$BeanPostProcessorChecker - Bean 'com.cts.mfpe.feign.AuthorisingClient' of type [org.springframework.cloud.openfeign.FeignClientFactoryBean] is not eligible for getting processed by all BeanPostProcessors (for example: not eligible for auto-proxying)
2021-06-08_17-46-21 [restartedMain] INFO  o.s.b.w.e.tomcat.TomcatWebServer - Tomcat initialized with port(s): 8100 (http)
2021-06-08_17-46-21 [restartedMain] INFO  o.a.coyote.http11.Http11NioProtocol - Initializing ProtocolHandler ["http-nio-8100"]
2021-06-08_17-46-21 [restartedMain] INFO  o.a.catalina.core.StandardService - Starting service [Tomcat]
2021-06-08_17-46-21 [restartedMain] INFO  o.a.catalina.core.StandardEngine - Starting Servlet engine: [Apache Tomcat/9.0.41]
2021-06-08_17-46-21 [restartedMain] INFO  o.a.c.c.C.[.[.[/ipTreatmentOffering] - Initializing Spring embedded WebApplicationContext
2021-06-08_17-46-21 [restartedMain] INFO  o.s.b.w.s.c.ServletWebServerApplicationContext - Root WebApplicationContext: initialization completed in 10452 ms
2021-06-08_17-46-21 [restartedMain] INFO  com.zaxxer.hikari.HikariDataSource - HikariPool-1 - Starting...
2021-06-08_17-46-21 [restartedMain] INFO  com.zaxxer.hikari.HikariDataSource - HikariPool-1 - Start completed.
2021-06-08_17-46-21 [restartedMain] INFO  o.s.o.j.LocalContainerEntityManagerFactoryBean - Initialized JPA EntityManagerFactory for persistence unit 'default'
2021-06-08_17-46-21 [restartedMain] INFO  s.d.s.w.PropertySourcedRequestMappingHandlerMapping - Mapped URL path [/v2/api-docs] onto method [springfox.documentation.swagger2.web.Swagger2Controller#getDocumentation(String, HttpServletRequest)]
2021-06-08_17-46-21 [restartedMain] INFO  o.s.s.c.ThreadPoolTaskExecutor - Initializing ExecutorService 'applicationTaskExecutor'
2021-06-08_17-46-21 [restartedMain] INFO  o.s.cloud.commons.util.InetUtils - Cannot determine local hostname
2021-06-08_17-46-21 [restartedMain] INFO  o.a.coyote.http11.Http11NioProtocol - Starting ProtocolHandler ["http-nio-8100"]
2021-06-08_17-46-21 [restartedMain] INFO  o.s.b.w.e.tomcat.TomcatWebServer - Tomcat started on port(s): 8100 (http) with context path '/ipTreatmentOffering'
2021-06-08_17-46-21 [restartedMain] INFO  o.s.cloud.commons.util.InetUtils - Cannot determine local hostname
2021-06-08_17-46-21 [restartedMain] INFO  s.d.s.w.p.DocumentationPluginsBootstrapper - Context refreshed
2021-06-08_17-46-21 [restartedMain] INFO  s.d.s.w.p.DocumentationPluginsBootstrapper - Found 1 custom documentation plugin(s)
2021-06-08_17-46-21 [restartedMain] INFO  s.d.s.w.s.ApiListingReferenceScanner - Scanning for api listing references
2021-06-08_17-46-21 [restartedMain] INFO  c.c.m.IpTreatmentOfferingApplication - Started IpTreatmentOfferingApplication in 36.073 seconds (JVM running for 42.876)
2021-06-08_17-46-21 [http-nio-8100-exec-1] INFO  o.a.c.c.C.[.[.[/ipTreatmentOffering] - Initializing Spring DispatcherServlet 'dispatcherServlet'
2021-06-08_17-46-21 [http-nio-8100-exec-1] INFO  o.s.web.servlet.DispatcherServlet - Initializing Servlet 'dispatcherServlet'
2021-06-08_17-46-21 [http-nio-8100-exec-1] INFO  o.s.web.servlet.DispatcherServlet - Completed initialization in 14 ms
2021-06-08_17-46-21 [RMI TCP Connection(121)-127.0.0.1] INFO  o.s.b.a.SpringApplicationAdminMXBeanRegistrar$SpringApplicationAdmin - Application shutdown requested.
2021-06-08_17-46-21 [RMI TCP Connection(121)-127.0.0.1] INFO  o.s.s.c.ThreadPoolTaskExecutor - Shutting down ExecutorService 'applicationTaskExecutor'
2021-06-08_17-46-21 [RMI TCP Connection(121)-127.0.0.1] INFO  o.s.o.j.LocalContainerEntityManagerFactoryBean - Closing JPA EntityManagerFactory for persistence unit 'default'
2021-06-08_17-46-21 [RMI TCP Connection(121)-127.0.0.1] INFO  com.zaxxer.hikari.HikariDataSource - HikariPool-1 - Shutdown initiated...
2021-06-08_17-46-21 [RMI TCP Connection(121)-127.0.0.1] INFO  com.zaxxer.hikari.HikariDataSource - HikariPool-1 - Shutdown completed.
2021-06-08_23-07-00 [restartedMain] INFO  c.c.m.IpTreatmentOfferingApplication - Starting IpTreatmentOfferingApplication using Java 1.8.0_191 on DESKTOP-O8QRH3N with PID 9356 (C:\Users\Parthik\Desktop\Cogzinant details\Project\CDE-Project-International-Patients-treatment-management\IPTreatmentOffering-Microservice\target\classes started by Parthik in C:\Users\Parthik\Desktop\Cogzinant details\Project\CDE-Project-International-Patients-treatment-management\IPTreatmentOffering-Microservice)
2021-06-08_23-07-00 [restartedMain] INFO  c.c.m.IpTreatmentOfferingApplication - No active profile set, falling back to default profiles: default
2021-06-08_23-07-00 [restartedMain] INFO  o.s.b.d.e.DevToolsPropertyDefaultsPostProcessor - Devtools property defaults active! Set 'spring.devtools.add-properties' to 'false' to disable
2021-06-08_23-07-00 [restartedMain] INFO  o.s.b.d.e.DevToolsPropertyDefaultsPostProcessor - For additional web related logging consider setting the 'logging.level.web' property to 'DEBUG'
2021-06-08_23-07-00 [restartedMain] INFO  o.s.d.r.c.RepositoryConfigurationDelegate - Bootstrapping Spring Data JPA repositories in DEFAULT mode.
2021-06-08_23-07-00 [restartedMain] INFO  o.s.d.r.c.RepositoryConfigurationDelegate - Finished Spring Data repository scanning in 209 ms. Found 3 JPA repository interfaces.
2021-06-08_23-07-00 [restartedMain] INFO  o.s.cloud.context.scope.GenericScope - BeanFactory id=7be0195a-b013-3fb9-966a-2ecb8cd53c9b
2021-06-08_23-07-00 [restartedMain] INFO  o.s.c.s.PostProcessorRegistrationDelegate$BeanPostProcessorChecker - Bean 'com.cts.mfpe.feign.AuthorisingClient' of type [org.springframework.cloud.openfeign.FeignClientFactoryBean] is not eligible for getting processed by all BeanPostProcessors (for example: not eligible for auto-proxying)
2021-06-08_23-07-00 [restartedMain] INFO  o.s.b.w.e.tomcat.TomcatWebServer - Tomcat initialized with port(s): 8100 (http)
2021-06-08_23-07-00 [restartedMain] INFO  o.a.coyote.http11.Http11NioProtocol - Initializing ProtocolHandler ["http-nio-8100"]
2021-06-08_23-07-00 [restartedMain] INFO  o.a.catalina.core.StandardService - Starting service [Tomcat]
2021-06-08_23-07-00 [restartedMain] INFO  o.a.catalina.core.StandardEngine - Starting Servlet engine: [Apache Tomcat/9.0.41]
2021-06-08_23-07-00 [restartedMain] INFO  o.a.c.c.C.[.[.[/ipTreatmentOffering] - Initializing Spring embedded WebApplicationContext
2021-06-08_23-07-00 [restartedMain] INFO  o.s.b.w.s.c.ServletWebServerApplicationContext - Root WebApplicationContext: initialization completed in 8412 ms
2021-06-08_23-07-00 [restartedMain] INFO  com.zaxxer.hikari.HikariDataSource - HikariPool-1 - Starting...
2021-06-08_23-07-00 [restartedMain] INFO  com.zaxxer.hikari.HikariDataSource - HikariPool-1 - Start completed.
2021-06-08_23-07-00 [restartedMain] INFO  o.s.o.j.LocalContainerEntityManagerFactoryBean - Initialized JPA EntityManagerFactory for persistence unit 'default'
2021-06-08_23-07-00 [restartedMain] INFO  s.d.s.w.PropertySourcedRequestMappingHandlerMapping - Mapped URL path [/v2/api-docs] onto method [springfox.documentation.swagger2.web.Swagger2Controller#getDocumentation(String, HttpServletRequest)]
2021-06-08_23-07-00 [restartedMain] INFO  o.s.s.c.ThreadPoolTaskExecutor - Initializing ExecutorService 'applicationTaskExecutor'
2021-06-08_23-07-00 [restartedMain] INFO  o.s.cloud.commons.util.InetUtils - Cannot determine local hostname
2021-06-08_23-07-00 [restartedMain] INFO  o.a.coyote.http11.Http11NioProtocol - Starting ProtocolHandler ["http-nio-8100"]
2021-06-08_23-07-00 [restartedMain] INFO  o.s.s.c.ThreadPoolTaskExecutor - Shutting down ExecutorService 'applicationTaskExecutor'
2021-06-08_23-07-00 [restartedMain] INFO  o.s.o.j.LocalContainerEntityManagerFactoryBean - Closing JPA EntityManagerFactory for persistence unit 'default'
2021-06-08_23-07-00 [restartedMain] INFO  com.zaxxer.hikari.HikariDataSource - HikariPool-1 - Shutdown initiated...
2021-06-08_23-07-00 [restartedMain] INFO  com.zaxxer.hikari.HikariDataSource - HikariPool-1 - Shutdown completed.
2021-06-08_23-07-00 [restartedMain] INFO  o.a.coyote.http11.Http11NioProtocol - Pausing ProtocolHandler ["http-nio-8100"]
2021-06-08_23-07-00 [restartedMain] INFO  o.a.catalina.core.StandardService - Stopping service [Tomcat]
2021-06-08_23-07-00 [restartedMain] INFO  o.a.coyote.http11.Http11NioProtocol - Stopping ProtocolHandler ["http-nio-8100"]
2021-06-08_23-07-00 [restartedMain] INFO  o.a.coyote.http11.Http11NioProtocol - Destroying ProtocolHandler ["http-nio-8100"]
2021-06-08_23-07-00 [restartedMain] INFO  o.s.b.a.l.ConditionEvaluationReportLoggingListener - 

Error starting ApplicationContext. To display the conditions report re-run your application with 'debug' enabled.
